#
# There is insufficient memory for the Java Runtime Environment to continue.
# Native memory allocation (malloc) failed to allocate 2270736 bytes for Chunk::new
# Possible reasons:
#   The system is out of physical RAM or swap space
#   The process is running with CompressedOops enabled, and the Java Heap may be blocking the growth of the native heap
# Possible solutions:
#   Reduce memory load on the system
#   Increase physical memory or swap space
#   Check if swap backing store is full
#   Decrease Java heap size (-Xmx/-Xms)
#   Decrease number of Java threads
#   Decrease Java thread stack sizes (-Xss)
#   Set larger code cache with -XX:ReservedCodeCacheSize=
#   JVM is running with Unscaled Compressed Oops mode in which the Java heap is
#     placed in the first 4GB address space. The Java Heap base address is the
#     maximum limit for the native heap growth. Please use -XX:HeapBaseMinAddress
#     to set the Java Heap base and to place the Java Heap above 4GB virtual address.
# This output file may be truncated or incomplete.
#
#  Out of Memory Error (./src/hotspot/share/memory/arena.cpp:197), pid=6780, tid=7568
#
# JRE version: OpenJDK Runtime Environment Microsoft-7208460 (11.0.18+10) (build 11.0.18+10-LTS)
# Java VM: OpenJDK 64-Bit Server VM Microsoft-7208460 (11.0.18+10-LTS, mixed mode, tiered, compressed oops, g1 gc, windows-amd64)
# No core dump will be written. Minidumps are not enabled by default on client versions of Windows
#

---------------  S U M M A R Y ------------

Command Line: -XX:MaxMetaspaceSize=512m --add-opens=java.base/java.util=ALL-UNNAMED --add-opens=java.base/java.lang=ALL-UNNAMED --add-opens=java.base/java.lang.invoke=ALL-UNNAMED --add-opens=java.prefs/java.util.prefs=ALL-UNNAMED --add-opens=java.base/java.nio.charset=ALL-UNNAMED --add-opens=java.base/java.net=ALL-UNNAMED --add-opens=java.base/java.util.concurrent.atomic=ALL-UNNAMED -Xmx2048m -Dfile.encoding=windows-1252 -Duser.country=US -Duser.language=en -Duser.variant org.gradle.launcher.daemon.bootstrap.GradleDaemon 8.0.1

Host: Intel(R) Core(TM) i5-6300U CPU @ 2.40GHz, 4 cores, 7G,  Windows 10 , 64 bit Build 19041 (10.0.19041.3031)
Time: Wed Jul  5 07:54:58 2023 Pakistan Standard Time elapsed time: 166.700729 seconds (0d 0h 2m 46s)

---------------  T H R E A D  ---------------

Current thread (0x000001c9610fb000):  JavaThread "C2 CompilerThread1" daemon [_thread_in_native, id=7568, stack(0x0000005352900000,0x0000005352a00000)]


Current CompileTask:
C2: 166700 12610 %     4       org.objectweb.asm.ClassReader::readCode @ 92 (5109 bytes)

Stack: [0x0000005352900000,0x0000005352a00000]
Native frames: (J=compiled Java code, j=interpreted, Vv=VM code, C=native code)
V  [jvm.dll+0x62bf8a]
V  [jvm.dll+0x7b8fb9]
V  [jvm.dll+0x7ba6a8]
V  [jvm.dll+0x7bad83]
V  [jvm.dll+0x250248]
V  [jvm.dll+0xc260c]
V  [jvm.dll+0xc2bcc]
V  [jvm.dll+0x35e1c7]
V  [jvm.dll+0x19ede1]
V  [jvm.dll+0x209495]
V  [jvm.dll+0x20850d]
V  [jvm.dll+0x18a4b1]
V  [jvm.dll+0x217eec]
V  [jvm.dll+0x21612b]
V  [jvm.dll+0x77bac0]
V  [jvm.dll+0x7749f4]
V  [jvm.dll+0x62adf5]
C  [ucrtbase.dll+0x21bb2]
C  [KERNEL32.DLL+0x17614]
C  [ntdll.dll+0x526f1]


---------------  P R O C E S S  ---------------

Threads class SMR info:
_java_thread_list=0x000001c969eeada0, length=96, elements={
0x000001c94051d000, 0x000001c95ed6d000, 0x000001c95ed76800, 0x000001c95edd0000,
0x000001c95edd1000, 0x000001c95f6e1000, 0x000001c95f6e3800, 0x000001c95f6e5000,
0x000001c95f6e8000, 0x000001c95f846000, 0x000001c9602ff800, 0x000001c96111a800,
0x000001c95f9a7000, 0x000001c9610fa800, 0x000001c9611dc800, 0x000001c95f9f4800,
0x000001c95f9f0800, 0x000001c95f9f5800, 0x000001c95f9f2000, 0x000001c95f9ef800,
0x000001c95f9f4000, 0x000001c960b67800, 0x000001c960b68000, 0x000001c960b62800,
0x000001c960b69800, 0x000001c960b64000, 0x000001c960b65000, 0x000001c9609b9800,
0x000001c961c72000, 0x000001c9640a6800, 0x000001c9640a7800, 0x000001c9640a8800,
0x000001c9640aa000, 0x000001c9640a9000, 0x000001c9640a4000, 0x000001c9640a3800,
0x000001c9640ab000, 0x000001c9640a5000, 0x000001c9640ab800, 0x000001c9640a6000,
0x000001c9640ae000, 0x000001c9640b1800, 0x000001c9640ac800, 0x000001c9640af800,
0x000001c9640ad000, 0x000001c9640b2000, 0x000001c9640af000, 0x000001c9640b0800,
0x000001c961c77000, 0x000001c961c73800, 0x000001c961c73000, 0x000001c961c74800,
0x000001c961c75800, 0x000001c961c76000, 0x000001c961c71000, 0x000001c961c7d800,
0x000001c961c78800, 0x000001c961c77800, 0x000001c961c7e800, 0x000001c961c7f000,
0x000001c961c7b000, 0x000001c961c79800, 0x000001c961c7c000, 0x000001c961c80000,
0x000001c961c7a000, 0x000001c961c7c800, 0x000001c9609ae000, 0x000001c9609b0800,
0x000001c9609af000, 0x000001c9609ac800, 0x000001c9609ad000, 0x000001c9609af800,
0x000001c9609aa800, 0x000001c9609b1800, 0x000001c9609ab800, 0x000001c9609b5800,
0x000001c9609b6000, 0x000001c9609b4800, 0x000001c9609b8000, 0x000001c9609b7000,
0x000001c9609b2000, 0x000001c9609b3000, 0x000001c9609b8800, 0x000001c9609b3800,
0x000001c960b65800, 0x000001c960b63000, 0x000001c960b66800, 0x000001c960b6b800,
0x000001c960b6e000, 0x000001c960b6c000, 0x000001c960b6f800, 0x000001c960b70800,
0x000001c960b6e800, 0x000001c960b6a800, 0x000001c960b6d000, 0x000001c9610fb000
}

Java Threads: ( => current thread )
  0x000001c94051d000 JavaThread "main" [_thread_blocked, id=3020, stack(0x000000534dc00000,0x000000534dd00000)]
  0x000001c95ed6d000 JavaThread "Reference Handler" daemon [_thread_blocked, id=6652, stack(0x000000534e300000,0x000000534e400000)]
  0x000001c95ed76800 JavaThread "Finalizer" daemon [_thread_blocked, id=4020, stack(0x000000534e400000,0x000000534e500000)]
  0x000001c95edd0000 JavaThread "Signal Dispatcher" daemon [_thread_blocked, id=5896, stack(0x000000534e600000,0x000000534e700000)]
  0x000001c95edd1000 JavaThread "Attach Listener" daemon [_thread_blocked, id=7780, stack(0x000000534e700000,0x000000534e800000)]
  0x000001c95f6e1000 JavaThread "Service Thread" daemon [_thread_blocked, id=2992, stack(0x000000534e800000,0x000000534e900000)]
  0x000001c95f6e3800 JavaThread "C2 CompilerThread0" daemon [_thread_in_native, id=9564, stack(0x000000534e900000,0x000000534ea00000)]
  0x000001c95f6e5000 JavaThread "C1 CompilerThread0" daemon [_thread_blocked, id=3960, stack(0x000000534ea00000,0x000000534eb00000)]
  0x000001c95f6e8000 JavaThread "Sweeper thread" daemon [_thread_blocked, id=1748, stack(0x000000534eb00000,0x000000534ec00000)]
  0x000001c95f846000 JavaThread "Common-Cleaner" daemon [_thread_blocked, id=7704, stack(0x000000534ec00000,0x000000534ed00000)]
  0x000001c9602ff800 JavaThread "Daemon health stats" [_thread_blocked, id=1860, stack(0x000000534f000000,0x000000534f100000)]
  0x000001c96111a800 JavaThread "Incoming local TCP Connector on port 56731" [_thread_in_native, id=3344, stack(0x000000534f100000,0x000000534f200000)]
  0x000001c95f9a7000 JavaThread "Daemon periodic checks" [_thread_blocked, id=2128, stack(0x000000534f200000,0x000000534f300000)]
  0x000001c9610fa800 JavaThread "Daemon" [_thread_blocked, id=7300, stack(0x000000534f300000,0x000000534f400000)]
  0x000001c9611dc800 JavaThread "Daemon worker" [_thread_in_vm, id=3260, stack(0x000000534f600000,0x000000534f700000)]
  0x000001c95f9f4800 JavaThread "Cache worker for journal cache (C:\Users\hp\.gradle\caches\journal-1)" [_thread_blocked, id=6208, stack(0x000000534fc00000,0x000000534fd00000)]
  0x000001c95f9f0800 JavaThread "File lock request listener" [_thread_in_native, id=1716, stack(0x000000534fd00000,0x000000534fe00000)]
  0x000001c95f9f5800 JavaThread "Cache worker for file hash cache (C:\Users\hp\.gradle\caches\8.0.1\fileHashes)" [_thread_blocked, id=9108, stack(0x000000534fe00000,0x000000534ff00000)]
  0x000001c95f9f2000 JavaThread "File watcher server" daemon [_thread_in_native, id=1496, stack(0x0000005350000000,0x0000005350100000)]
  0x000001c95f9ef800 JavaThread "File watcher consumer" daemon [_thread_blocked, id=9756, stack(0x0000005350100000,0x0000005350200000)]
  0x000001c95f9f4000 JavaThread "Cache worker for file content cache (C:\Users\hp\.gradle\caches\8.0.1\fileContent)" [_thread_blocked, id=9492, stack(0x0000005350400000,0x0000005350500000)]
  0x000001c960b67800 JavaThread "Cache worker for execution history cache (C:\Users\hp\.gradle\caches\8.0.1\executionHistory)" [_thread_blocked, id=4412, stack(0x0000005350700000,0x0000005350800000)]
  0x000001c960b68000 JavaThread "jar transforms" [_thread_blocked, id=7416, stack(0x0000005350800000,0x0000005350900000)]
  0x000001c960b62800 JavaThread "jar transforms Thread 2" [_thread_blocked, id=8152, stack(0x0000005350900000,0x0000005350a00000)]
  0x000001c960b69800 JavaThread "jar transforms Thread 3" [_thread_blocked, id=5284, stack(0x0000005350a00000,0x0000005350b00000)]
  0x000001c960b64000 JavaThread "jar transforms Thread 4" [_thread_blocked, id=7860, stack(0x0000005350b00000,0x0000005350c00000)]
  0x000001c960b65000 JavaThread "Cache worker for kotlin-dsl (C:\Users\hp\.gradle\caches\8.0.1\kotlin-dsl)" [_thread_blocked, id=9288, stack(0x0000005350c00000,0x0000005350d00000)]
  0x000001c9609b9800 JavaThread "Memory manager" [_thread_blocked, id=6752, stack(0x0000005352a00000,0x0000005352b00000)]
  0x000001c961c72000 JavaThread "included builds" [_thread_blocked, id=5268, stack(0x0000005352e00000,0x0000005352f00000)]
  0x000001c9640a6800 JavaThread "RMI Scheduler(0)" daemon [_thread_blocked, id=9516, stack(0x0000005354100000,0x0000005354200000)]
  0x000001c9640a7800 JavaThread "RMI GC Daemon" daemon [_thread_blocked, id=2676, stack(0x0000005354300000,0x0000005354400000)]
  0x000001c9640a8800 JavaThread "RMI TCP Accept-0" daemon [_thread_in_native, id=1704, stack(0x0000005354400000,0x0000005354500000)]
  0x000001c9640aa000 JavaThread "RMI Reaper" [_thread_blocked, id=7724, stack(0x0000005354500000,0x0000005354600000)]
  0x000001c9640a9000 JavaThread "RMI TCP Connection(idle)" daemon [_thread_blocked, id=9284, stack(0x0000005354600000,0x0000005354700000)]
  0x000001c9640a4000 JavaThread "File lock release action executor Thread 2" [_thread_blocked, id=1420, stack(0x000000534da00000,0x000000534db00000)]
  0x000001c9640a3800 JavaThread "pool-3-thread-1" [_thread_blocked, id=2180, stack(0x000000534e500000,0x000000534e600000)]
  0x000001c9640ab000 JavaThread "Handler for socket connection from /127.0.0.1:56731 to /127.0.0.1:56809" [_thread_in_native, id=4624, stack(0x000000534db00000,0x000000534dc00000)]
  0x000001c9640a5000 JavaThread "Cancel handler" [_thread_blocked, id=10140, stack(0x000000534f400000,0x000000534f500000)]
  0x000001c9640ab800 JavaThread "Asynchronous log dispatcher for DefaultDaemonConnection: socket connection from /127.0.0.1:56731 to /127.0.0.1:56809" [_thread_blocked, id=7008, stack(0x000000534f500000,0x000000534f600000)]
  0x000001c9640a6000 JavaThread "Stdin handler" [_thread_blocked, id=8684, stack(0x000000534f700000,0x000000534f800000)]
  0x000001c9640ae000 JavaThread "Daemon client event forwarder" [_thread_blocked, id=200, stack(0x000000534f800000,0x000000534f900000)]
  0x000001c9640b1800 JavaThread "Cache worker for checksums cache (H:\React Native\HasnainApp\android\.gradle\8.0.1\checksums)" [_thread_blocked, id=5480, stack(0x000000534f900000,0x000000534fa00000)]
  0x000001c9640ac800 JavaThread "Cache worker for cache directory md-rule (C:\Users\hp\.gradle\caches\8.0.1\md-rule)" [_thread_blocked, id=6384, stack(0x000000534ff00000,0x0000005350000000)]
  0x000001c9640af800 JavaThread "Cache worker for file hash cache (H:\React Native\HasnainApp\android\.gradle\8.0.1\fileHashes)" [_thread_blocked, id=6636, stack(0x0000005350200000,0x0000005350300000)]
  0x000001c9640ad000 JavaThread "Cache worker for cache directory md-supplier (C:\Users\hp\.gradle\caches\8.0.1\md-supplier)" [_thread_blocked, id=3396, stack(0x0000005350300000,0x0000005350400000)]
  0x000001c9640b2000 JavaThread "Cache worker for dependencies-accessors (H:\React Native\HasnainApp\android\.gradle\8.0.1\dependencies-accessors)" [_thread_blocked, id=5324, stack(0x0000005350500000,0x0000005350600000)]
  0x000001c9640af000 JavaThread "Cache worker for Build Output Cleanup Cache (H:\React Native\HasnainApp\node_modules\@react-native\gradle-plugin\.gradle\buildOutputCleanup)" [_thread_blocked, id=2368, stack(0x0000005350600000,0x0000005350700000)]
  0x000001c9640b0800 JavaThread "Unconstrained build operations" [_thread_blocked, id=6404, stack(0x0000005350d00000,0x0000005350e00000)]
  0x000001c961c77000 JavaThread "Unconstrained build operations Thread 2" [_thread_blocked, id=7720, stack(0x0000005350e00000,0x0000005350f00000)]
  0x000001c961c73800 JavaThread "Unconstrained build operations Thread 3" [_thread_blocked, id=8484, stack(0x0000005350f00000,0x0000005351000000)]
  0x000001c961c73000 JavaThread "Unconstrained build operations Thread 4" [_thread_blocked, id=6000, stack(0x0000005351000000,0x0000005351100000)]
  0x000001c961c74800 JavaThread "Unconstrained build operations Thread 5" [_thread_blocked, id=1004, stack(0x0000005351100000,0x0000005351200000)]
  0x000001c961c75800 JavaThread "Unconstrained build operations Thread 6" [_thread_blocked, id=8656, stack(0x0000005351200000,0x0000005351300000)]
  0x000001c961c76000 JavaThread "Unconstrained build operations Thread 7" [_thread_blocked, id=8440, stack(0x0000005351300000,0x0000005351400000)]
  0x000001c961c71000 JavaThread "Unconstrained build operations Thread 8" [_thread_blocked, id=6352, stack(0x0000005351400000,0x0000005351500000)]
  0x000001c961c7d800 JavaThread "Unconstrained build operations Thread 9" [_thread_blocked, id=7424, stack(0x0000005351500000,0x0000005351600000)]
  0x000001c961c78800 JavaThread "Unconstrained build operations Thread 10" [_thread_blocked, id=2244, stack(0x0000005351600000,0x0000005351700000)]
  0x000001c961c77800 JavaThread "Unconstrained build operations Thread 11" [_thread_blocked, id=1156, stack(0x0000005351700000,0x0000005351800000)]
  0x000001c961c7e800 JavaThread "Unconstrained build operations Thread 12" [_thread_blocked, id=3256, stack(0x0000005351800000,0x0000005351900000)]
  0x000001c961c7f000 JavaThread "Unconstrained build operations Thread 13" [_thread_blocked, id=5796, stack(0x0000005351900000,0x0000005351a00000)]
  0x000001c961c7b000 JavaThread "Unconstrained build operations Thread 14" [_thread_blocked, id=5408, stack(0x0000005351a00000,0x0000005351b00000)]
  0x000001c961c79800 JavaThread "Unconstrained build operations Thread 15" [_thread_blocked, id=8892, stack(0x0000005351b00000,0x0000005351c00000)]
  0x000001c961c7c000 JavaThread "Unconstrained build operations Thread 16" [_thread_blocked, id=3736, stack(0x0000005351c00000,0x0000005351d00000)]
  0x000001c961c80000 JavaThread "Unconstrained build operations Thread 17" [_thread_blocked, id=2820, stack(0x0000005351d00000,0x0000005351e00000)]
  0x000001c961c7a000 JavaThread "Unconstrained build operations Thread 18" [_thread_blocked, id=3712, stack(0x0000005351e00000,0x0000005351f00000)]
  0x000001c961c7c800 JavaThread "Unconstrained build operations Thread 19" [_thread_blocked, id=8612, stack(0x0000005351f00000,0x0000005352000000)]
  0x000001c9609ae000 JavaThread "Unconstrained build operations Thread 20" [_thread_blocked, id=5108, stack(0x0000005352000000,0x0000005352100000)]
  0x000001c9609b0800 JavaThread "Unconstrained build operations Thread 21" [_thread_blocked, id=7172, stack(0x0000005352100000,0x0000005352200000)]
  0x000001c9609af000 JavaThread "Unconstrained build operations Thread 22" [_thread_blocked, id=9968, stack(0x0000005352200000,0x0000005352300000)]
  0x000001c9609ac800 JavaThread "Unconstrained build operations Thread 23" [_thread_blocked, id=2936, stack(0x0000005352300000,0x0000005352400000)]
  0x000001c9609ad000 JavaThread "Unconstrained build operations Thread 24" [_thread_blocked, id=4444, stack(0x0000005352400000,0x0000005352500000)]
  0x000001c9609af800 JavaThread "Unconstrained build operations Thread 25" [_thread_blocked, id=6280, stack(0x0000005352500000,0x0000005352600000)]
  0x000001c9609aa800 JavaThread "Unconstrained build operations Thread 26" [_thread_blocked, id=9808, stack(0x0000005352600000,0x0000005352700000)]
  0x000001c9609b1800 JavaThread "Cache worker for Build Output Cleanup Cache (H:\React Native\HasnainApp\android\.gradle\buildOutputCleanup)" [_thread_blocked, id=8720, stack(0x0000005352800000,0x0000005352900000)]
  0x000001c9609ab800 JavaThread "included builds" [_thread_blocked, id=9280, stack(0x0000005352c00000,0x0000005352d00000)]
  0x000001c9609b5800 JavaThread "Execution worker" [_thread_blocked, id=3180, stack(0x0000005352d00000,0x0000005352e00000)]
  0x000001c9609b6000 JavaThread "Execution worker Thread 2" [_thread_blocked, id=1044, stack(0x0000005352f00000,0x0000005353000000)]
  0x000001c9609b4800 JavaThread "Execution worker Thread 3" [_thread_blocked, id=9132, stack(0x0000005353000000,0x0000005353100000)]
  0x000001c9609b8000 JavaThread "Cache worker for execution history cache (H:\React Native\HasnainApp\node_modules\@react-native\gradle-plugin\.gradle\8.0.1\executionHistory)" [_thread_blocked, id=3236, stack(0x0000005353100000,0x0000005353200000)]
  0x000001c9609b7000 JavaThread "Unconstrained build operations Thread 27" [_thread_blocked, id=7196, stack(0x0000005353200000,0x0000005353300000)]
  0x000001c9609b2000 JavaThread "Unconstrained build operations Thread 28" [_thread_blocked, id=5660, stack(0x0000005353300000,0x0000005353400000)]
  0x000001c9609b3000 JavaThread "Unconstrained build operations Thread 29" [_thread_blocked, id=10048, stack(0x0000005353400000,0x0000005353500000)]
  0x000001c9609b8800 JavaThread "Unconstrained build operations Thread 30" [_thread_blocked, id=1056, stack(0x0000005353500000,0x0000005353600000)]
  0x000001c9609b3800 JavaThread "Unconstrained build operations Thread 31" [_thread_blocked, id=2096, stack(0x0000005353600000,0x0000005353700000)]
  0x000001c960b65800 JavaThread "Unconstrained build operations Thread 32" [_thread_blocked, id=7972, stack(0x0000005353700000,0x0000005353800000)]
  0x000001c960b63000 JavaThread "Unconstrained build operations Thread 33" [_thread_blocked, id=6096, stack(0x0000005353800000,0x0000005353900000)]
  0x000001c960b66800 JavaThread "Unconstrained build operations Thread 34" [_thread_blocked, id=8640, stack(0x0000005353900000,0x0000005353a00000)]
  0x000001c960b6b800 JavaThread "Unconstrained build operations Thread 35" [_thread_blocked, id=9380, stack(0x0000005353a00000,0x0000005353b00000)]
  0x000001c960b6e000 JavaThread "Unconstrained build operations Thread 36" [_thread_blocked, id=9528, stack(0x0000005353b00000,0x0000005353c00000)]
  0x000001c960b6c000 JavaThread "Unconstrained build operations Thread 37" [_thread_blocked, id=9420, stack(0x0000005353c00000,0x0000005353d00000)]
  0x000001c960b6f800 JavaThread "Unconstrained build operations Thread 38" [_thread_blocked, id=2928, stack(0x0000005353d00000,0x0000005353e00000)]
  0x000001c960b70800 JavaThread "Unconstrained build operations Thread 39" [_thread_blocked, id=4424, stack(0x0000005353e00000,0x0000005353f00000)]
  0x000001c960b6e800 JavaThread "Unconstrained build operations Thread 40" [_thread_blocked, id=2228, stack(0x0000005353f00000,0x0000005354000000)]
  0x000001c960b6a800 JavaThread "WorkerExecutor Queue" [_thread_blocked, id=8564, stack(0x0000005352700000,0x0000005352800000)]
  0x000001c960b6d000 JavaThread "RMI TCP Connection(5)-127.0.0.1" daemon [_thread_in_native, id=2392, stack(0x0000005354200000,0x0000005354300000)]
=>0x000001c9610fb000 JavaThread "C2 CompilerThread1" daemon [_thread_in_native, id=7568, stack(0x0000005352900000,0x0000005352a00000)]

Other Threads:
  0x000001c95ed6a800 VMThread "VM Thread" [stack: 0x000000534e200000,0x000000534e300000] [id=8700]
  0x000001c95f87b800 WatcherThread [stack: 0x000000534ed00000,0x000000534ee00000] [id=1944]
  0x000001c940537000 GCTaskThread "GC Thread#0" [stack: 0x000000534dd00000,0x000000534de00000] [id=4088]
  0x000001c95f8f5000 GCTaskThread "GC Thread#1" [stack: 0x000000534ee00000,0x000000534ef00000] [id=7304]
  0x000001c95fc17800 GCTaskThread "GC Thread#2" [stack: 0x000000534ef00000,0x000000534f000000] [id=6148]
  0x000001c961804800 GCTaskThread "GC Thread#3" [stack: 0x000000534fa00000,0x000000534fb00000] [id=9856]
  0x000001c940568800 ConcurrentGCThread "G1 Main Marker" [stack: 0x000000534de00000,0x000000534df00000] [id=2076]
  0x000001c94056a800 ConcurrentGCThread "G1 Conc#0" [stack: 0x000000534df00000,0x000000534e000000] [id=8592]
  0x000001c9405f6800 ConcurrentGCThread "G1 Refine#0" [stack: 0x000000534e000000,0x000000534e100000] [id=8324]
  0x000001c960cb9000 ConcurrentGCThread "G1 Refine#1" [stack: 0x000000534fb00000,0x000000534fc00000] [id=8168]
  0x000001c9405f7800 ConcurrentGCThread "G1 Young RemSet Sampling" [stack: 0x000000534e100000,0x000000534e200000] [id=9040]

Threads with active compile tasks:
C2 CompilerThread0   166758 12647   !   4       com.google.common.collect.MapMakerInternalMap$Segment::get (58 bytes)
C2 CompilerThread1   166758 12610 %     4       org.objectweb.asm.ClassReader::readCode @ 92 (5109 bytes)

VM state:not at safepoint (normal execution)

VM Mutex/Monitor currently owned by a thread: None

Heap address: 0x0000000080000000, size: 2048 MB, Compressed Oops mode: 32-bit
Narrow klass base: 0x0000000000000000, Narrow klass shift: 3
Compressed class space size: 528482304 Address: 0x0000000100000000

Heap:
 garbage-first heap   total 131072K, used 102921K [0x0000000080000000, 0x0000000100000000)
  region size 1024K, 14 young (14336K), 1 survivors (1024K)
 Metaspace       used 110726K, capacity 114039K, committed 114312K, reserved 616448K
  class space    used 14186K, capacity 15433K, committed 15488K, reserved 516096K
Heap Regions: E=young(eden), S=young(survivor), O=old, HS=humongous(starts), HC=humongous(continues), CS=collection set, F=free, A=archive, TAMS=top-at-mark-start (previous, next)
|   0|0x0000000080000000, 0x0000000080100000, 0x0000000080100000|100%| O|  |TAMS 0x0000000080100000, 0x0000000080000000| Untracked 
|   1|0x0000000080100000, 0x0000000080200000, 0x0000000080200000|100%| O|  |TAMS 0x0000000080200000, 0x0000000080100000| Untracked 
|   2|0x0000000080200000, 0x0000000080300000, 0x0000000080300000|100%| O|  |TAMS 0x0000000080300000, 0x0000000080200000| Untracked 
|   3|0x0000000080300000, 0x0000000080400000, 0x0000000080400000|100%|HS|  |TAMS 0x0000000080400000, 0x0000000080300000| Complete 
|   4|0x0000000080400000, 0x0000000080500000, 0x0000000080500000|100%|HC|  |TAMS 0x0000000080500000, 0x0000000080400000| Complete 
|   5|0x0000000080500000, 0x0000000080600000, 0x0000000080600000|100%|HC|  |TAMS 0x0000000080600000, 0x0000000080500000| Complete 
|   6|0x0000000080600000, 0x0000000080700000, 0x0000000080700000|100%|HC|  |TAMS 0x0000000080700000, 0x0000000080600000| Complete 
|   7|0x0000000080700000, 0x0000000080800000, 0x0000000080800000|100%| O|  |TAMS 0x0000000080800000, 0x0000000080700000| Untracked 
|   8|0x0000000080800000, 0x0000000080900000, 0x0000000080900000|100%| O|  |TAMS 0x0000000080900000, 0x0000000080800000| Untracked 
|   9|0x0000000080900000, 0x0000000080a00000, 0x0000000080a00000|100%| O|  |TAMS 0x0000000080a00000, 0x0000000080900000| Untracked 
|  10|0x0000000080a00000, 0x0000000080b00000, 0x0000000080b00000|100%| O|  |TAMS 0x0000000080b00000, 0x0000000080a00000| Untracked 
|  11|0x0000000080b00000, 0x0000000080c00000, 0x0000000080c00000|100%| O|  |TAMS 0x0000000080c00000, 0x0000000080b00000| Untracked 
|  12|0x0000000080c00000, 0x0000000080d00000, 0x0000000080d00000|100%| O|  |TAMS 0x0000000080d00000, 0x0000000080c00000| Untracked 
|  13|0x0000000080d00000, 0x0000000080e00000, 0x0000000080e00000|100%| O|  |TAMS 0x0000000080e00000, 0x0000000080d00000| Untracked 
|  14|0x0000000080e00000, 0x0000000080f00000, 0x0000000080f00000|100%| O|  |TAMS 0x0000000080e00000, 0x0000000080e00000| Untracked 
|  15|0x0000000080f00000, 0x0000000081000000, 0x0000000081000000|100%| O|  |TAMS 0x0000000081000000, 0x0000000080f00000| Untracked 
|  16|0x0000000081000000, 0x0000000081100000, 0x0000000081100000|100%| O|  |TAMS 0x0000000081100000, 0x0000000081000000| Untracked 
|  17|0x0000000081100000, 0x0000000081200000, 0x0000000081200000|100%| O|  |TAMS 0x0000000081200000, 0x0000000081100000| Untracked 
|  18|0x0000000081200000, 0x0000000081300000, 0x0000000081300000|100%| O|  |TAMS 0x0000000081300000, 0x0000000081200000| Untracked 
|  19|0x0000000081300000, 0x0000000081400000, 0x0000000081400000|100%| O|  |TAMS 0x0000000081400000, 0x0000000081300000| Untracked 
|  20|0x0000000081400000, 0x0000000081500000, 0x0000000081500000|100%| O|  |TAMS 0x0000000081500000, 0x0000000081400000| Untracked 
|  21|0x0000000081500000, 0x0000000081600000, 0x0000000081600000|100%| O|  |TAMS 0x0000000081600000, 0x0000000081500000| Untracked 
|  22|0x0000000081600000, 0x0000000081700000, 0x0000000081700000|100%| O|  |TAMS 0x0000000081700000, 0x0000000081600000| Untracked 
|  23|0x0000000081700000, 0x0000000081800000, 0x0000000081800000|100%| O|  |TAMS 0x0000000081800000, 0x0000000081700000| Untracked 
|  24|0x0000000081800000, 0x0000000081900000, 0x0000000081900000|100%| O|  |TAMS 0x0000000081900000, 0x0000000081800000| Untracked 
|  25|0x0000000081900000, 0x0000000081a00000, 0x0000000081a00000|100%| O|  |TAMS 0x0000000081a00000, 0x0000000081900000| Untracked 
|  26|0x0000000081a00000, 0x0000000081b00000, 0x0000000081b00000|100%| O|  |TAMS 0x0000000081b00000, 0x0000000081a00000| Untracked 
|  27|0x0000000081b00000, 0x0000000081c00000, 0x0000000081c00000|100%| O|  |TAMS 0x0000000081c00000, 0x0000000081b00000| Untracked 
|  28|0x0000000081c00000, 0x0000000081c00000, 0x0000000081d00000|  0%| F|  |TAMS 0x0000000081c00000, 0x0000000081c00000| Untracked 
|  29|0x0000000081d00000, 0x0000000081e00000, 0x0000000081e00000|100%|HS|  |TAMS 0x0000000081e00000, 0x0000000081d00000| Complete 
|  30|0x0000000081e00000, 0x0000000081f00000, 0x0000000081f00000|100%|HC|  |TAMS 0x0000000081f00000, 0x0000000081e00000| Complete 
|  31|0x0000000081f00000, 0x0000000082000000, 0x0000000082000000|100%|HS|  |TAMS 0x0000000082000000, 0x0000000081f00000| Complete 
|  32|0x0000000082000000, 0x0000000082100000, 0x0000000082100000|100%|HC|  |TAMS 0x0000000082100000, 0x0000000082000000| Complete 
|  33|0x0000000082100000, 0x0000000082200000, 0x0000000082200000|100%|HC|  |TAMS 0x0000000082200000, 0x0000000082100000| Complete 
|  34|0x0000000082200000, 0x0000000082300000, 0x0000000082300000|100%|HC|  |TAMS 0x0000000082300000, 0x0000000082200000| Complete 
|  35|0x0000000082300000, 0x0000000082400000, 0x0000000082400000|100%| O|  |TAMS 0x0000000082400000, 0x0000000082300000| Untracked 
|  36|0x0000000082400000, 0x0000000082500000, 0x0000000082500000|100%| O|  |TAMS 0x0000000082500000, 0x0000000082400000| Untracked 
|  37|0x0000000082500000, 0x0000000082600000, 0x0000000082600000|100%| O|  |TAMS 0x0000000082600000, 0x0000000082500000| Untracked 
|  38|0x0000000082600000, 0x0000000082700000, 0x0000000082700000|100%| O|  |TAMS 0x0000000082700000, 0x0000000082600000| Untracked 
|  39|0x0000000082700000, 0x0000000082800000, 0x0000000082800000|100%| O|  |TAMS 0x0000000082800000, 0x0000000082700000| Untracked 
|  40|0x0000000082800000, 0x0000000082900000, 0x0000000082900000|100%| O|  |TAMS 0x0000000082900000, 0x0000000082800000| Untracked 
|  41|0x0000000082900000, 0x0000000082900000, 0x0000000082a00000|  0%| F|  |TAMS 0x0000000082900000, 0x0000000082900000| Untracked 
|  42|0x0000000082a00000, 0x0000000082b00000, 0x0000000082b00000|100%| O|  |TAMS 0x0000000082b00000, 0x0000000082a00000| Untracked 
|  43|0x0000000082b00000, 0x0000000082c00000, 0x0000000082c00000|100%| O|  |TAMS 0x0000000082c00000, 0x0000000082b00000| Untracked 
|  44|0x0000000082c00000, 0x0000000082d00000, 0x0000000082d00000|100%| O|  |TAMS 0x0000000082d00000, 0x0000000082c00000| Untracked 
|  45|0x0000000082d00000, 0x0000000082e00000, 0x0000000082e00000|100%| O|  |TAMS 0x0000000082e00000, 0x0000000082d00000| Untracked 
|  46|0x0000000082e00000, 0x0000000082f00000, 0x0000000082f00000|100%| O|  |TAMS 0x0000000082f00000, 0x0000000082e00000| Untracked 
|  47|0x0000000082f00000, 0x0000000082f00000, 0x0000000083000000|  0%| F|  |TAMS 0x0000000082f00000, 0x0000000082f00000| Untracked 
|  48|0x0000000083000000, 0x0000000083100000, 0x0000000083100000|100%| O|  |TAMS 0x0000000083100000, 0x0000000083000000| Untracked 
|  49|0x0000000083100000, 0x0000000083200000, 0x0000000083200000|100%|HS|  |TAMS 0x0000000083200000, 0x0000000083100000| Complete 
|  50|0x0000000083200000, 0x0000000083300000, 0x0000000083300000|100%|HS|  |TAMS 0x0000000083300000, 0x0000000083200000| Complete 
|  51|0x0000000083300000, 0x0000000083400000, 0x0000000083400000|100%| O|  |TAMS 0x0000000083400000, 0x0000000083300000| Untracked 
|  52|0x0000000083400000, 0x0000000083500000, 0x0000000083500000|100%| O|  |TAMS 0x0000000083500000, 0x0000000083400000| Untracked 
|  53|0x0000000083500000, 0x0000000083600000, 0x0000000083600000|100%| O|  |TAMS 0x0000000083600000, 0x0000000083500000| Untracked 
|  54|0x0000000083600000, 0x0000000083700000, 0x0000000083700000|100%| O|  |TAMS 0x0000000083700000, 0x0000000083600000| Untracked 
|  55|0x0000000083700000, 0x0000000083800000, 0x0000000083800000|100%| O|  |TAMS 0x0000000083800000, 0x0000000083700000| Untracked 
|  56|0x0000000083800000, 0x0000000083800000, 0x0000000083900000|  0%| F|  |TAMS 0x0000000083800000, 0x0000000083800000| Untracked 
|  57|0x0000000083900000, 0x0000000083a00000, 0x0000000083a00000|100%| O|  |TAMS 0x0000000083a00000, 0x0000000083900000| Untracked 
|  58|0x0000000083a00000, 0x0000000083b00000, 0x0000000083b00000|100%| O|  |TAMS 0x0000000083b00000, 0x0000000083a00000| Untracked 
|  59|0x0000000083b00000, 0x0000000083c00000, 0x0000000083c00000|100%| O|  |TAMS 0x0000000083c00000, 0x0000000083b00000| Untracked 
|  60|0x0000000083c00000, 0x0000000083c00000, 0x0000000083d00000|  0%| F|  |TAMS 0x0000000083c00000, 0x0000000083c00000| Untracked 
|  61|0x0000000083d00000, 0x0000000083e00000, 0x0000000083e00000|100%| O|  |TAMS 0x0000000083e00000, 0x0000000083d00000| Untracked 
|  62|0x0000000083e00000, 0x0000000083f00000, 0x0000000083f00000|100%| O|  |TAMS 0x0000000083f00000, 0x0000000083e00000| Untracked 
|  63|0x0000000083f00000, 0x0000000084000000, 0x0000000084000000|100%| O|  |TAMS 0x0000000084000000, 0x0000000083f00000| Untracked 
|  64|0x0000000084000000, 0x0000000084000000, 0x0000000084100000|  0%| F|  |TAMS 0x0000000084000000, 0x0000000084000000| Untracked 
|  65|0x0000000084100000, 0x0000000084200000, 0x0000000084200000|100%| O|  |TAMS 0x0000000084200000, 0x0000000084100000| Untracked 
|  66|0x0000000084200000, 0x0000000084300000, 0x0000000084300000|100%| O|  |TAMS 0x0000000084300000, 0x0000000084200000| Untracked 
|  67|0x0000000084300000, 0x0000000084400000, 0x0000000084400000|100%| O|  |TAMS 0x0000000084400000, 0x0000000084300000| Untracked 
|  68|0x0000000084400000, 0x0000000084400000, 0x0000000084500000|  0%| F|  |TAMS 0x0000000084400000, 0x0000000084400000| Untracked 
|  69|0x0000000084500000, 0x0000000084600000, 0x0000000084600000|100%| O|  |TAMS 0x0000000084600000, 0x0000000084500000| Untracked 
|  70|0x0000000084600000, 0x0000000084700000, 0x0000000084700000|100%| O|  |TAMS 0x0000000084700000, 0x0000000084600000| Untracked 
|  71|0x0000000084700000, 0x0000000084800000, 0x0000000084800000|100%| O|  |TAMS 0x0000000084800000, 0x0000000084700000| Untracked 
|  72|0x0000000084800000, 0x0000000084900000, 0x0000000084900000|100%| O|  |TAMS 0x0000000084900000, 0x0000000084800000| Untracked 
|  73|0x0000000084900000, 0x0000000084a00000, 0x0000000084a00000|100%| O|  |TAMS 0x0000000084a00000, 0x0000000084900000| Untracked 
|  74|0x0000000084a00000, 0x0000000084b00000, 0x0000000084b00000|100%| O|  |TAMS 0x0000000084b00000, 0x0000000084a00000| Untracked 
|  75|0x0000000084b00000, 0x0000000084c00000, 0x0000000084c00000|100%| O|  |TAMS 0x0000000084c00000, 0x0000000084b00000| Untracked 
|  76|0x0000000084c00000, 0x0000000084d00000, 0x0000000084d00000|100%| O|  |TAMS 0x0000000084d00000, 0x0000000084c00000| Untracked 
|  77|0x0000000084d00000, 0x0000000084e00000, 0x0000000084e00000|100%| O|  |TAMS 0x0000000084e00000, 0x0000000084d00000| Untracked 
|  78|0x0000000084e00000, 0x0000000084e00000, 0x0000000084f00000|  0%| F|  |TAMS 0x0000000084e00000, 0x0000000084e00000| Untracked 
|  79|0x0000000084f00000, 0x0000000085000000, 0x0000000085000000|100%| O|  |TAMS 0x0000000085000000, 0x0000000084f00000| Untracked 
|  80|0x0000000085000000, 0x0000000085100000, 0x0000000085100000|100%| O|  |TAMS 0x0000000085100000, 0x0000000085000000| Untracked 
|  81|0x0000000085100000, 0x0000000085200000, 0x0000000085200000|100%| O|  |TAMS 0x0000000085200000, 0x0000000085100000| Untracked 
|  82|0x0000000085200000, 0x0000000085300000, 0x0000000085300000|100%| O|  |TAMS 0x0000000085300000, 0x0000000085200000| Untracked 
|  83|0x0000000085300000, 0x0000000085300000, 0x0000000085400000|  0%| F|  |TAMS 0x0000000085300000, 0x0000000085300000| Untracked 
|  84|0x0000000085400000, 0x0000000085400000, 0x0000000085500000|  0%| F|  |TAMS 0x0000000085400000, 0x0000000085400000| Untracked 
|  85|0x0000000085500000, 0x0000000085600000, 0x0000000085600000|100%| O|  |TAMS 0x0000000085600000, 0x0000000085500000| Untracked 
|  86|0x0000000085600000, 0x0000000085600000, 0x0000000085700000|  0%| F|  |TAMS 0x0000000085600000, 0x0000000085600000| Untracked 
|  87|0x0000000085700000, 0x0000000085700000, 0x0000000085800000|  0%| F|  |TAMS 0x0000000085700000, 0x0000000085700000| Untracked 
|  88|0x0000000085800000, 0x0000000085800000, 0x0000000085900000|  0%| F|  |TAMS 0x0000000085800000, 0x0000000085800000| Untracked 
|  89|0x0000000085900000, 0x0000000085a00000, 0x0000000085a00000|100%| O|  |TAMS 0x0000000085a00000, 0x0000000085900000| Untracked 
|  90|0x0000000085a00000, 0x0000000085b00000, 0x0000000085b00000|100%| O|  |TAMS 0x0000000085b00000, 0x0000000085a00000| Untracked 
|  91|0x0000000085b00000, 0x0000000085c00000, 0x0000000085c00000|100%| O|  |TAMS 0x0000000085b9d000, 0x0000000085b00000| Untracked 
|  92|0x0000000085c00000, 0x0000000085d00000, 0x0000000085d00000|100%| O|  |TAMS 0x0000000085c00000, 0x0000000085c00000| Untracked 
|  93|0x0000000085d00000, 0x0000000085e00000, 0x0000000085e00000|100%| O|  |TAMS 0x0000000085d00000, 0x0000000085d00000| Untracked 
|  94|0x0000000085e00000, 0x0000000085f00000, 0x0000000085f00000|100%| O|  |TAMS 0x0000000085e00000, 0x0000000085e00000| Untracked 
|  95|0x0000000085f00000, 0x0000000086000000, 0x0000000086000000|100%| O|  |TAMS 0x0000000085f00000, 0x0000000085f00000| Untracked 
|  96|0x0000000086000000, 0x0000000086100000, 0x0000000086100000|100%| O|  |TAMS 0x0000000086000000, 0x0000000086000000| Untracked 
|  97|0x0000000086100000, 0x0000000086200000, 0x0000000086200000|100%| O|  |TAMS 0x0000000086100000, 0x0000000086100000| Untracked 
|  98|0x0000000086200000, 0x0000000086300000, 0x0000000086300000|100%| O|  |TAMS 0x0000000086200000, 0x0000000086200000| Untracked 
|  99|0x0000000086300000, 0x0000000086400000, 0x0000000086400000|100%| O|  |TAMS 0x0000000086300000, 0x0000000086300000| Untracked 
| 100|0x0000000086400000, 0x0000000086500000, 0x0000000086500000|100%| O|  |TAMS 0x0000000086400000, 0x0000000086400000| Untracked 
| 101|0x0000000086500000, 0x0000000086600000, 0x0000000086600000|100%| O|  |TAMS 0x0000000086500000, 0x0000000086500000| Untracked 
| 102|0x0000000086600000, 0x0000000086600000, 0x0000000086700000|  0%| F|  |TAMS 0x0000000086600000, 0x0000000086600000| Untracked 
| 103|0x0000000086700000, 0x0000000086700000, 0x0000000086800000|  0%| F|  |TAMS 0x0000000086700000, 0x0000000086700000| Untracked 
| 104|0x0000000086800000, 0x0000000086800000, 0x0000000086900000|  0%| F|  |TAMS 0x0000000086800000, 0x0000000086800000| Untracked 
| 105|0x0000000086900000, 0x0000000086900000, 0x0000000086a00000|  0%| F|  |TAMS 0x0000000086900000, 0x0000000086900000| Untracked 
| 106|0x0000000086a00000, 0x0000000086a00000, 0x0000000086b00000|  0%| F|  |TAMS 0x0000000086a00000, 0x0000000086a00000| Untracked 
| 107|0x0000000086b00000, 0x0000000086b00000, 0x0000000086c00000|  0%| F|  |TAMS 0x0000000086b00000, 0x0000000086b00000| Untracked 
| 108|0x0000000086c00000, 0x0000000086c00000, 0x0000000086d00000|  0%| F|  |TAMS 0x0000000086c00000, 0x0000000086c00000| Untracked 
| 109|0x0000000086d00000, 0x0000000086d00000, 0x0000000086e00000|  0%| F|  |TAMS 0x0000000086d00000, 0x0000000086d00000| Untracked 
| 110|0x0000000086e00000, 0x0000000086e00000, 0x0000000086f00000|  0%| F|  |TAMS 0x0000000086e00000, 0x0000000086e00000| Untracked 
| 111|0x0000000086f00000, 0x0000000086f00000, 0x0000000087000000|  0%| F|  |TAMS 0x0000000086f00000, 0x0000000086f00000| Untracked 
| 112|0x0000000087000000, 0x0000000087000000, 0x0000000087100000|  0%| F|  |TAMS 0x0000000087000000, 0x0000000087000000| Untracked 
| 113|0x0000000087100000, 0x0000000087100000, 0x0000000087200000|  0%| F|  |TAMS 0x0000000087100000, 0x0000000087100000| Untracked 
| 114|0x0000000087200000, 0x00000000872da6f8, 0x0000000087300000| 85%| E|  |TAMS 0x0000000087200000, 0x0000000087200000| Complete 
| 115|0x0000000087300000, 0x0000000087400000, 0x0000000087400000|100%| E|CS|TAMS 0x0000000087300000, 0x0000000087300000| Complete 
| 116|0x0000000087400000, 0x0000000087500000, 0x0000000087500000|100%| E|CS|TAMS 0x0000000087400000, 0x0000000087400000| Complete 
| 117|0x0000000087500000, 0x0000000087600000, 0x0000000087600000|100%| E|CS|TAMS 0x0000000087500000, 0x0000000087500000| Complete 
| 118|0x0000000087600000, 0x0000000087700000, 0x0000000087700000|100%| E|CS|TAMS 0x0000000087600000, 0x0000000087600000| Complete 
| 119|0x0000000087700000, 0x0000000087800000, 0x0000000087800000|100%| E|CS|TAMS 0x0000000087700000, 0x0000000087700000| Complete 
| 120|0x0000000087800000, 0x0000000087900000, 0x0000000087900000|100%| E|CS|TAMS 0x0000000087800000, 0x0000000087800000| Complete 
| 121|0x0000000087900000, 0x00000000879827c8, 0x0000000087a00000| 50%| S|CS|TAMS 0x0000000087900000, 0x0000000087900000| Complete 
| 122|0x0000000087a00000, 0x0000000087b00000, 0x0000000087b00000|100%| E|CS|TAMS 0x0000000087a00000, 0x0000000087a00000| Complete 
| 123|0x0000000087b00000, 0x0000000087c00000, 0x0000000087c00000|100%| E|CS|TAMS 0x0000000087b00000, 0x0000000087b00000| Complete 
| 124|0x0000000087c00000, 0x0000000087d00000, 0x0000000087d00000|100%| E|CS|TAMS 0x0000000087c00000, 0x0000000087c00000| Complete 
| 125|0x0000000087d00000, 0x0000000087e00000, 0x0000000087e00000|100%| E|  |TAMS 0x0000000087d00000, 0x0000000087d00000| Complete 
| 126|0x0000000087e00000, 0x0000000087f00000, 0x0000000087f00000|100%| E|CS|TAMS 0x0000000087e00000, 0x0000000087e00000| Complete 
| 127|0x0000000087f00000, 0x0000000088000000, 0x0000000088000000|100%| E|CS|TAMS 0x0000000087f00000, 0x0000000087f00000| Complete 

Card table byte_map: [0x000001c9580a0000,0x000001c9584a0000] _byte_map_base: 0x000001c957ca0000

Marking Bits (Prev, Next): (CMBitMap*) 0x000001c94055f728, (CMBitMap*) 0x000001c94055f760
 Prev Bits: [0x000001c9588a0000, 0x000001c95a8a0000)
 Next Bits: [0x000001c95a8a0000, 0x000001c95c8a0000)

Polling page: 0x000001c93e540000

Metaspace:

Usage:
  Non-class:     96.29 MB capacity,    94.28 MB ( 98%) used,     1.66 MB (  2%) free+waste,   364.25 KB ( <1%) overhead. 
      Class:     15.07 MB capacity,    13.85 MB ( 92%) used,     1.05 MB (  7%) free+waste,   166.88 KB (  1%) overhead. 
       Both:    111.37 MB capacity,   108.13 MB ( 97%) used,     2.72 MB (  2%) free+waste,   531.13 KB ( <1%) overhead. 

Virtual space:
  Non-class space:       98.00 MB reserved,      96.51 MB ( 98%) committed 
      Class space:      504.00 MB reserved,      15.13 MB (  3%) committed 
             Both:      602.00 MB reserved,     111.63 MB ( 19%) committed 

Chunk freelists:
   Non-Class:  26.00 KB
       Class:  23.00 KB
        Both:  49.00 KB

MaxMetaspaceSize: 512.00 MB
CompressedClassSpaceSize: 504.00 MB
Initial GC threshold: 20.80 MB
Current GC threshold: 182.72 MB
CDS: off

CodeHeap 'non-profiled nmethods': size=120064Kb used=8275Kb max_used=8275Kb free=111788Kb
 bounds [0x000001c950760000, 0x000001c950f80000, 0x000001c957ca0000]
CodeHeap 'profiled nmethods': size=120000Kb used=28281Kb max_used=28281Kb free=91718Kb
 bounds [0x000001c949230000, 0x000001c94add0000, 0x000001c950760000]
CodeHeap 'non-nmethods': size=5696Kb used=2434Kb max_used=2491Kb free=3261Kb
 bounds [0x000001c948ca0000, 0x000001c948f10000, 0x000001c949230000]
 total_blobs=13533 nmethods=12562 adapters=881
 compilation: enabled
              stopped_count=0, restarted_count=0
 full_count=0

Compilation events (20 events):
Event: 165.558 Thread 0x000001c95f6e5000 nmethod 12635 0x000001c950f69e90 code [0x000001c950f6a040, 0x000001c950f6a0d8]
Event: 165.561 Thread 0x000001c95f6e5000 12636       3       java.lang.ClassLoader::checkCreateClassLoader (5 bytes)
Event: 165.562 Thread 0x000001c95f6e5000 nmethod 12636 0x000001c94adc9210 code [0x000001c94adc9400, 0x000001c94adc97e8]
Event: 165.562 Thread 0x000001c95f6e5000 12637       3       java.util.zip.ZipFile$Source$Key::equals (80 bytes)
Event: 165.571 Thread 0x000001c95f6e5000 nmethod 12637 0x000001c94adc9990 code [0x000001c94adc9c40, 0x000001c94adcaaa8]
Event: 165.571 Thread 0x000001c95f6e5000 12638       3       java.nio.file.attribute.FileTime::equals (28 bytes)
Event: 165.571 Thread 0x000001c95f6e5000 nmethod 12638 0x000001c94adcae90 code [0x000001c94adcb060, 0x000001c94adcb408]
Event: 165.571 Thread 0x000001c95f6e5000 12639       3       java.nio.file.attribute.FileTime::compareTo (154 bytes)
Event: 165.573 Thread 0x000001c95f6e5000 nmethod 12639 0x000001c94adcb510 code [0x000001c94adcb820, 0x000001c94adcc858]
Event: 165.617 Thread 0x000001c95f6e3800 12640       4       org.codehaus.groovy.runtime.metaclass.MetaMethodIndex::copyNonPrivateMethods (149 bytes)
Event: 165.761 Thread 0x000001c95f6e3800 nmethod 12640 0x000001c950f6a190 code [0x000001c950f6a600, 0x000001c950f6d710]
Event: 165.770 Thread 0x000001c95f6e3800 12641       4       org.gradle.internal.event.AbstractBroadcastDispatch::dispatch (65 bytes)
Event: 165.780 Thread 0x000001c95f6e3800 nmethod 12641 0x000001c950f6f690 code [0x000001c950f6f880, 0x000001c950f6fc98]
Event: 166.112 Thread 0x000001c95f6e5000 12642       1       com.google.common.cache.LocalCache$WeakEntry::getValueReference (5 bytes)
Event: 166.112 Thread 0x000001c95f6e5000 nmethod 12642 0x000001c950f70110 code [0x000001c950f702c0, 0x000001c950f70378]
Event: 166.112 Thread 0x000001c95f6e5000 12643       1       org.gradle.api.internal.plugins.DefaultPluginManager::access$300 (5 bytes)
Event: 166.112 Thread 0x000001c95f6e5000 nmethod 12643 0x000001c950f70410 code [0x000001c950f705c0, 0x000001c950f70658]
Event: 166.430 Thread 0x000001c95f6e5000 12644       1       sun.reflect.generics.factory.CoreReflectionFactory::getDecl (5 bytes)
Event: 166.430 Thread 0x000001c95f6e5000 nmethod 12644 0x000001c950f70710 code [0x000001c950f708c0, 0x000001c950f70978]
Event: 166.571 Thread 0x000001c95f6e3800 12645   !   4       org.gradle.internal.classloader.CachingClassLoader::loadClass (85 bytes)

GC Heap History (20 events):
Event: 110.906 GC heap before
{Heap before GC invocations=34 (full 0):
 garbage-first heap   total 131072K, used 109076K [0x0000000080000000, 0x0000000100000000)
  region size 1024K, 27 young (27648K), 4 survivors (4096K)
 Metaspace       used 99911K, capacity 102934K, committed 103048K, reserved 606208K
  class space    used 12999K, capacity 14186K, committed 14208K, reserved 516096K
}
Event: 110.919 GC heap after
{Heap after GC invocations=35 (full 0):
 garbage-first heap   total 131072K, used 87110K [0x0000000080000000, 0x0000000100000000)
  region size 1024K, 2 young (2048K), 2 survivors (2048K)
 Metaspace       used 99911K, capacity 102934K, committed 103048K, reserved 606208K
  class space    used 12999K, capacity 14186K, committed 14208K, reserved 516096K
}
Event: 112.009 GC heap before
{Heap before GC invocations=36 (full 0):
 garbage-first heap   total 131072K, used 109638K [0x0000000080000000, 0x0000000100000000)
  region size 1024K, 24 young (24576K), 2 survivors (2048K)
 Metaspace       used 101283K, capacity 104322K, committed 104584K, reserved 608256K
  class space    used 13188K, capacity 14387K, committed 14464K, reserved 516096K
}
Event: 112.015 GC heap after
{Heap after GC invocations=37 (full 0):
 garbage-first heap   total 131072K, used 88104K [0x0000000080000000, 0x0000000100000000)
  region size 1024K, 3 young (3072K), 3 survivors (3072K)
 Metaspace       used 101283K, capacity 104322K, committed 104584K, reserved 608256K
  class space    used 13188K, capacity 14387K, committed 14464K, reserved 516096K
}
Event: 113.097 GC heap before
{Heap before GC invocations=37 (full 0):
 garbage-first heap   total 131072K, used 109608K [0x0000000080000000, 0x0000000100000000)
  region size 1024K, 25 young (25600K), 3 survivors (3072K)
 Metaspace       used 102770K, capacity 105858K, committed 106120K, reserved 608256K
  class space    used 13395K, capacity 14616K, committed 14720K, reserved 516096K
}
Event: 113.105 GC heap after
{Heap after GC invocations=38 (full 0):
 garbage-first heap   total 131072K, used 89368K [0x0000000080000000, 0x0000000100000000)
  region size 1024K, 3 young (3072K), 3 survivors (3072K)
 Metaspace       used 102770K, capacity 105858K, committed 106120K, reserved 608256K
  class space    used 13395K, capacity 14616K, committed 14720K, reserved 516096K
}
Event: 113.992 GC heap before
{Heap before GC invocations=39 (full 0):
 garbage-first heap   total 131072K, used 111896K [0x0000000080000000, 0x0000000100000000)
  region size 1024K, 25 young (25600K), 3 survivors (3072K)
 Metaspace       used 104348K, capacity 107415K, committed 107528K, reserved 610304K
  class space    used 13583K, capacity 14804K, committed 14848K, reserved 516096K
}
Event: 114.001 GC heap after
{Heap after GC invocations=40 (full 0):
 garbage-first heap   total 131072K, used 91779K [0x0000000080000000, 0x0000000100000000)
  region size 1024K, 4 young (4096K), 4 survivors (4096K)
 Metaspace       used 104348K, capacity 107415K, committed 107528K, reserved 610304K
  class space    used 13583K, capacity 14804K, committed 14848K, reserved 516096K
}
Event: 114.755 GC heap before
{Heap before GC invocations=40 (full 0):
 garbage-first heap   total 131072K, used 111235K [0x0000000080000000, 0x0000000100000000)
  region size 1024K, 24 young (24576K), 4 survivors (4096K)
 Metaspace       used 107865K, capacity 110927K, committed 111112K, reserved 612352K
  class space    used 13909K, capacity 15097K, committed 15104K, reserved 516096K
}
Event: 114.764 GC heap after
{Heap after GC invocations=41 (full 0):
 garbage-first heap   total 131072K, used 92536K [0x0000000080000000, 0x0000000100000000)
  region size 1024K, 1 young (1024K), 1 survivors (1024K)
 Metaspace       used 107865K, capacity 110927K, committed 111112K, reserved 612352K
  class space    used 13909K, capacity 15097K, committed 15104K, reserved 516096K
}
Event: 125.962 GC heap before
{Heap before GC invocations=42 (full 0):
 garbage-first heap   total 131072K, used 111992K [0x0000000080000000, 0x0000000100000000)
  region size 1024K, 20 young (20480K), 1 survivors (1024K)
 Metaspace       used 108400K, capacity 111493K, committed 111752K, reserved 614400K
  class space    used 13950K, capacity 15162K, committed 15232K, reserved 516096K
}
Event: 125.968 GC heap after
{Heap after GC invocations=43 (full 0):
 garbage-first heap   total 131072K, used 93914K [0x0000000080000000, 0x0000000100000000)
  region size 1024K, 3 young (3072K), 3 survivors (3072K)
 Metaspace       used 108400K, capacity 111493K, committed 111752K, reserved 614400K
  class space    used 13950K, capacity 15162K, committed 15232K, reserved 516096K
}
Event: 127.194 GC heap before
{Heap before GC invocations=43 (full 0):
 garbage-first heap   total 131072K, used 111322K [0x0000000080000000, 0x0000000100000000)
  region size 1024K, 21 young (21504K), 3 survivors (3072K)
 Metaspace       used 108688K, capacity 111882K, committed 112008K, reserved 614400K
  class space    used 13955K, capacity 15170K, committed 15232K, reserved 516096K
}
Event: 127.208 GC heap after
{Heap after GC invocations=44 (full 0):
 garbage-first heap   total 131072K, used 96609K [0x0000000080000000, 0x0000000100000000)
  region size 1024K, 3 young (3072K), 3 survivors (3072K)
 Metaspace       used 108688K, capacity 111882K, committed 112008K, reserved 614400K
  class space    used 13955K, capacity 15170K, committed 15232K, reserved 516096K
}
Event: 164.556 GC heap before
{Heap before GC invocations=45 (full 0):
 garbage-first heap   total 131072K, used 110945K [0x0000000080000000, 0x0000000100000000)
  region size 1024K, 18 young (18432K), 3 survivors (3072K)
 Metaspace       used 109136K, capacity 112325K, committed 112520K, reserved 614400K
  class space    used 14002K, capacity 15229K, committed 15232K, reserved 516096K
}
Event: 164.565 GC heap after
{Heap after GC invocations=46 (full 0):
 garbage-first heap   total 131072K, used 97035K [0x0000000080000000, 0x0000000100000000)
  region size 1024K, 1 young (1024K), 1 survivors (1024K)
 Metaspace       used 109136K, capacity 112325K, committed 112520K, reserved 614400K
  class space    used 14002K, capacity 15229K, committed 15232K, reserved 516096K
}
Event: 164.716 GC heap before
{Heap before GC invocations=46 (full 0):
 garbage-first heap   total 131072K, used 101131K [0x0000000080000000, 0x0000000100000000)
  region size 1024K, 6 young (6144K), 1 survivors (1024K)
 Metaspace       used 109176K, capacity 112337K, committed 112520K, reserved 614400K
  class space    used 14002K, capacity 15229K, committed 15232K, reserved 516096K
}
Event: 164.740 GC heap after
{Heap after GC invocations=47 (full 0):
 garbage-first heap   total 131072K, used 91571K [0x0000000080000000, 0x0000000100000000)
  region size 1024K, 1 young (1024K), 1 survivors (1024K)
 Metaspace       used 109176K, capacity 112337K, committed 112520K, reserved 614400K
  class space    used 14002K, capacity 15229K, committed 15232K, reserved 516096K
}
Event: 165.179 GC heap before
{Heap before GC invocations=47 (full 0):
 garbage-first heap   total 131072K, used 96691K [0x0000000080000000, 0x0000000100000000)
  region size 1024K, 6 young (6144K), 1 survivors (1024K)
 Metaspace       used 109209K, capacity 112403K, committed 112520K, reserved 614400K
  class space    used 14002K, capacity 15229K, committed 15232K, reserved 516096K
}
Event: 165.187 GC heap after
{Heap after GC invocations=48 (full 0):
 garbage-first heap   total 131072K, used 91657K [0x0000000080000000, 0x0000000100000000)
  region size 1024K, 1 young (1024K), 1 survivors (1024K)
 Metaspace       used 109209K, capacity 112403K, committed 112520K, reserved 614400K
  class space    used 14002K, capacity 15229K, committed 15232K, reserved 516096K
}

Deoptimization events (20 events):
Event: 163.450 Thread 0x000001c9609b8000 Uncommon trap: trap_request=0xffffff4d fr.pc=0x000001c950f38b10 relative=0x0000000000000450
Event: 163.450 Thread 0x000001c9609b8000 Uncommon trap: reason=unstable_if action=reinterpret pc=0x000001c950f38b10 method=com.google.common.collect.MapMakerInternalMap$Segment.getEntry(Ljava/lang/Object;I)Lcom/google/common/collect/MapMakerInternalMap$InternalEntry; @ 40 c2
Event: 163.450 Thread 0x000001c9609b8000 DEOPT PACKING pc=0x000001c950f38b10 sp=0x00000053531fdd60
Event: 163.450 Thread 0x000001c9609b8000 DEOPT UNPACKING pc=0x000001c948cea1af sp=0x00000053531fdc28 mode 2
Event: 163.454 Thread 0x000001c9609b8000 Uncommon trap: trap_request=0xffffff4d fr.pc=0x000001c950c2fd04 relative=0x0000000000000224
Event: 163.454 Thread 0x000001c9609b8000 Uncommon trap: reason=unstable_if action=reinterpret pc=0x000001c950c2fd04 method=com.google.common.collect.MapMakerInternalMap$Segment.getEntry(Ljava/lang/Object;I)Lcom/google/common/collect/MapMakerInternalMap$InternalEntry; @ 40 c2
Event: 163.454 Thread 0x000001c9609b8000 DEOPT PACKING pc=0x000001c950c2fd04 sp=0x00000053531fdc40
Event: 163.454 Thread 0x000001c9609b8000 DEOPT UNPACKING pc=0x000001c948cea1af sp=0x00000053531fdc10 mode 2
Event: 164.414 Thread 0x000001c9611dc800 Uncommon trap: trap_request=0xfffffff4 fr.pc=0x000001c950a697d0 relative=0x00000000000008f0
Event: 164.414 Thread 0x000001c9611dc800 Uncommon trap: reason=null_check action=make_not_entrant pc=0x000001c950a697d0 method=java.lang.ThreadLocal$ThreadLocalMap.set(Ljava/lang/ThreadLocal;Ljava/lang/Object;)V @ 36 c2
Event: 164.414 Thread 0x000001c9611dc800 DEOPT PACKING pc=0x000001c950a697d0 sp=0x000000534f6f9fe0
Event: 164.414 Thread 0x000001c9611dc800 DEOPT UNPACKING pc=0x000001c948cea1af sp=0x000000534f6f9fa0 mode 2
Event: 164.414 Thread 0x000001c9611dc800 Uncommon trap: trap_request=0xffffffc6 fr.pc=0x000001c950b1d510 relative=0x0000000000000230
Event: 164.414 Thread 0x000001c9611dc800 Uncommon trap: reason=bimorphic_or_optimized_type_check action=maybe_recompile pc=0x000001c950b1d510 method=com.google.common.collect.ImmutableList.copyOf(Ljava/util/Collection;)Lcom/google/common/collect/ImmutableList; @ 16 c2
Event: 164.414 Thread 0x000001c9611dc800 DEOPT PACKING pc=0x000001c950b1d510 sp=0x000000534f6f9b40
Event: 164.414 Thread 0x000001c9611dc800 DEOPT UNPACKING pc=0x000001c948cea1af sp=0x000000534f6f9b00 mode 2
Event: 164.458 Thread 0x000001c9611dc800 Uncommon trap: trap_request=0xfffffff4 fr.pc=0x000001c950e6e370 relative=0x0000000000000790
Event: 164.458 Thread 0x000001c9611dc800 Uncommon trap: reason=null_check action=make_not_entrant pc=0x000001c950e6e370 method=java.lang.ThreadLocal$ThreadLocalMap.expungeStaleEntry(I)I @ 51 c2
Event: 164.458 Thread 0x000001c9611dc800 DEOPT PACKING pc=0x000001c950e6e370 sp=0x000000534f6f8180
Event: 164.458 Thread 0x000001c9611dc800 DEOPT UNPACKING pc=0x000001c948cea1af sp=0x000000534f6f8030 mode 2

Classes redefined (0 events):
No events

Internal exceptions (20 events):
Event: 165.965 Thread 0x000001c9611dc800 Exception <a 'java/security/PrivilegedActionException'{0x0000000087bd4168}> (0x0000000087bd4168) thrown at [./src/hotspot/share/prims/jvm.cpp, line 1306]
Event: 165.965 Thread 0x000001c9611dc800 Exception <a 'java/security/PrivilegedActionException'{0x0000000087bd56d0}> (0x0000000087bd56d0) thrown at [./src/hotspot/share/prims/jvm.cpp, line 1306]
Event: 165.965 Thread 0x000001c9611dc800 Exception <a 'java/security/PrivilegedActionException'{0x0000000087bd8880}> (0x0000000087bd8880) thrown at [./src/hotspot/share/prims/jvm.cpp, line 1306]
Event: 165.965 Thread 0x000001c9611dc800 Exception <a 'java/security/PrivilegedActionException'{0x0000000087bda070}> (0x0000000087bda070) thrown at [./src/hotspot/share/prims/jvm.cpp, line 1306]
Event: 165.965 Thread 0x000001c9611dc800 Exception <a 'java/security/PrivilegedActionException'{0x0000000087bdd240}> (0x0000000087bdd240) thrown at [./src/hotspot/share/prims/jvm.cpp, line 1306]
Event: 165.966 Thread 0x000001c9611dc800 Exception <a 'java/security/PrivilegedActionException'{0x0000000087bde7a8}> (0x0000000087bde7a8) thrown at [./src/hotspot/share/prims/jvm.cpp, line 1306]
Event: 165.966 Thread 0x000001c9611dc800 Exception <a 'java/security/PrivilegedActionException'{0x0000000087be1900}> (0x0000000087be1900) thrown at [./src/hotspot/share/prims/jvm.cpp, line 1306]
Event: 165.966 Thread 0x000001c9611dc800 Exception <a 'java/security/PrivilegedActionException'{0x0000000087be2e68}> (0x0000000087be2e68) thrown at [./src/hotspot/share/prims/jvm.cpp, line 1306]
Event: 166.229 Thread 0x000001c9611dc800 Exception <a 'java/security/PrivilegedActionException'{0x00000000876d8b08}> (0x00000000876d8b08) thrown at [./src/hotspot/share/prims/jvm.cpp, line 1306]
Event: 166.229 Thread 0x000001c9611dc800 Exception <a 'java/security/PrivilegedActionException'{0x00000000876da070}> (0x00000000876da070) thrown at [./src/hotspot/share/prims/jvm.cpp, line 1306]
Event: 166.229 Thread 0x000001c9611dc800 Exception <a 'java/security/PrivilegedActionException'{0x00000000876dd1c8}> (0x00000000876dd1c8) thrown at [./src/hotspot/share/prims/jvm.cpp, line 1306]
Event: 166.229 Thread 0x000001c9611dc800 Exception <a 'java/security/PrivilegedActionException'{0x00000000876de730}> (0x00000000876de730) thrown at [./src/hotspot/share/prims/jvm.cpp, line 1306]
Event: 166.230 Thread 0x000001c9611dc800 Exception <a 'java/security/PrivilegedActionException'{0x00000000876e1958}> (0x00000000876e1958) thrown at [./src/hotspot/share/prims/jvm.cpp, line 1306]
Event: 166.230 Thread 0x000001c9611dc800 Exception <a 'java/security/PrivilegedActionException'{0x00000000876e2ec0}> (0x00000000876e2ec0) thrown at [./src/hotspot/share/prims/jvm.cpp, line 1306]
Event: 166.230 Thread 0x000001c9611dc800 Exception <a 'java/security/PrivilegedActionException'{0x00000000876e6038}> (0x00000000876e6038) thrown at [./src/hotspot/share/prims/jvm.cpp, line 1306]
Event: 166.230 Thread 0x000001c9611dc800 Exception <a 'java/security/PrivilegedActionException'{0x00000000876e7838}> (0x00000000876e7838) thrown at [./src/hotspot/share/prims/jvm.cpp, line 1306]
Event: 166.230 Thread 0x000001c9611dc800 Exception <a 'java/security/PrivilegedActionException'{0x00000000876ea9e8}> (0x00000000876ea9e8) thrown at [./src/hotspot/share/prims/jvm.cpp, line 1306]
Event: 166.230 Thread 0x000001c9611dc800 Exception <a 'java/security/PrivilegedActionException'{0x00000000876ebf50}> (0x00000000876ebf50) thrown at [./src/hotspot/share/prims/jvm.cpp, line 1306]
Event: 166.230 Thread 0x000001c9611dc800 Exception <a 'java/security/PrivilegedActionException'{0x00000000876ef178}> (0x00000000876ef178) thrown at [./src/hotspot/share/prims/jvm.cpp, line 1306]
Event: 166.230 Thread 0x000001c9611dc800 Exception <a 'java/security/PrivilegedActionException'{0x00000000876f06e0}> (0x00000000876f06e0) thrown at [./src/hotspot/share/prims/jvm.cpp, line 1306]

Events (20 events):
Event: 165.951 Executing VM operation: RevokeBias
Event: 165.951 Executing VM operation: RevokeBias done
Event: 165.952 Executing VM operation: RevokeBias
Event: 165.952 Executing VM operation: RevokeBias done
Event: 165.953 Executing VM operation: RevokeBias
Event: 165.953 Executing VM operation: RevokeBias done
Event: 165.954 Executing VM operation: RevokeBias
Event: 165.954 Executing VM operation: RevokeBias done
Event: 165.954 Executing VM operation: RevokeBias
Event: 165.955 Executing VM operation: RevokeBias done
Event: 165.956 Executing VM operation: RevokeBias
Event: 165.956 Executing VM operation: RevokeBias done
Event: 165.957 Executing VM operation: RevokeBias
Event: 165.958 Executing VM operation: RevokeBias done
Event: 165.968 Executing VM operation: RevokeBias
Event: 165.968 Executing VM operation: RevokeBias done
Event: 166.231 Executing VM operation: RevokeBias
Event: 166.231 Executing VM operation: RevokeBias done
Event: 166.234 Executing VM operation: RevokeBias
Event: 166.234 Executing VM operation: RevokeBias done


Dynamic libraries:
0x00007ff799c50000 - 0x00007ff799c5d000 	C:\Program Files\Microsoft\jdk-11.0.18.10-hotspot\bin\java.exe
0x00007ffff0870000 - 0x00007ffff0a68000 	C:\Windows\SYSTEM32\ntdll.dll
0x00007fffef0c0000 - 0x00007fffef17f000 	C:\Windows\System32\KERNEL32.DLL
0x00007fffee260000 - 0x00007fffee556000 	C:\Windows\System32\KERNELBASE.dll
0x00007fffee590000 - 0x00007fffee690000 	C:\Windows\System32\ucrtbase.dll
0x00007fffcd830000 - 0x00007fffcd847000 	C:\Program Files\Microsoft\jdk-11.0.18.10-hotspot\bin\jli.dll
0x00007ffff0600000 - 0x00007ffff079d000 	C:\Windows\System32\USER32.dll
0x00007fffedff0000 - 0x00007fffee012000 	C:\Windows\System32\win32u.dll
0x00007fffcd720000 - 0x00007fffcd735000 	C:\Program Files\Microsoft\jdk-11.0.18.10-hotspot\bin\VCRUNTIME140.dll
0x00007fffd8f50000 - 0x00007fffd91ea000 	C:\Windows\WinSxS\amd64_microsoft.windows.common-controls_6595b64144ccf1df_6.0.19041.1110_none_60b5254171f9507e\COMCTL32.dll
0x00007ffff0550000 - 0x00007ffff05ee000 	C:\Windows\System32\msvcrt.dll
0x00007ffff0410000 - 0x00007ffff043c000 	C:\Windows\System32\GDI32.dll
0x00007fffee7b0000 - 0x00007fffee8c5000 	C:\Windows\System32\gdi32full.dll
0x00007fffedf50000 - 0x00007fffedfed000 	C:\Windows\System32\msvcp_win.dll
0x00007fffef260000 - 0x00007fffef290000 	C:\Windows\System32\IMM32.DLL
0x00007fffb9df0000 - 0x00007fffb9e8b000 	C:\Program Files\Microsoft\jdk-11.0.18.10-hotspot\bin\msvcp140.dll
0x00007fffb9250000 - 0x00007fffb9de2000 	C:\Program Files\Microsoft\jdk-11.0.18.10-hotspot\bin\server\jvm.dll
0x00007fffefcd0000 - 0x00007fffefd7f000 	C:\Windows\System32\ADVAPI32.dll
0x00007fffee8d0000 - 0x00007fffee96c000 	C:\Windows\System32\sechost.dll
0x00007fffef9a0000 - 0x00007fffefac6000 	C:\Windows\System32\RPCRT4.dll
0x00007fffef990000 - 0x00007fffef998000 	C:\Windows\System32\PSAPI.DLL
0x00007fffdfcb0000 - 0x00007fffdfcb9000 	C:\Windows\SYSTEM32\WSOCK32.dll
0x00007ffff01f0000 - 0x00007ffff025b000 	C:\Windows\System32\WS2_32.dll
0x00007fffd5ab0000 - 0x00007fffd5ad7000 	C:\Windows\SYSTEM32\WINMM.dll
0x00007fffe8620000 - 0x00007fffe862a000 	C:\Windows\SYSTEM32\VERSION.dll
0x00007fffebdc0000 - 0x00007fffebdd2000 	C:\Windows\SYSTEM32\kernel.appcore.dll
0x00007fffcd820000 - 0x00007fffcd830000 	C:\Program Files\Microsoft\jdk-11.0.18.10-hotspot\bin\verify.dll
0x00007fffdfa80000 - 0x00007fffdfc64000 	C:\Windows\SYSTEM32\DBGHELP.DLL
0x00007fffd9c10000 - 0x00007fffd9c44000 	C:\Windows\SYSTEM32\dbgcore.DLL
0x00007fffee070000 - 0x00007fffee0f2000 	C:\Windows\System32\bcryptPrimitives.dll
0x00007fffcd6f0000 - 0x00007fffcd718000 	C:\Program Files\Microsoft\jdk-11.0.18.10-hotspot\bin\java.dll
0x00007fffccae0000 - 0x00007fffccaea000 	C:\Program Files\Microsoft\jdk-11.0.18.10-hotspot\bin\jimage.dll
0x00007fffb9230000 - 0x00007fffb9248000 	C:\Program Files\Microsoft\jdk-11.0.18.10-hotspot\bin\zip.dll
0x00007fffee970000 - 0x00007fffef0b4000 	C:\Windows\System32\SHELL32.dll
0x00007fffebfc0000 - 0x00007fffec753000 	C:\Windows\SYSTEM32\windows.storage.dll
0x00007fffef450000 - 0x00007fffef7a4000 	C:\Windows\System32\combase.dll
0x00007fffed850000 - 0x00007fffed87e000 	C:\Windows\SYSTEM32\Wldp.dll
0x00007fffef8e0000 - 0x00007fffef98d000 	C:\Windows\System32\SHCORE.dll
0x00007fffef3f0000 - 0x00007fffef445000 	C:\Windows\System32\shlwapi.dll
0x00007fffede90000 - 0x00007fffedeaf000 	C:\Windows\SYSTEM32\profapi.dll
0x00007fffb9210000 - 0x00007fffb9229000 	C:\Program Files\Microsoft\jdk-11.0.18.10-hotspot\bin\net.dll
0x00007fffe4f40000 - 0x00007fffe504a000 	C:\Windows\SYSTEM32\WINHTTP.dll
0x00007fffed5c0000 - 0x00007fffed62a000 	C:\Windows\system32\mswsock.dll
0x00007fffb91f0000 - 0x00007fffb9203000 	C:\Program Files\Microsoft\jdk-11.0.18.10-hotspot\bin\nio.dll
0x00007fffb91c0000 - 0x00007fffb91e7000 	C:\Users\hp\.gradle\native\68d5fa5c4cc2d200863cafc0d521ce42e7d3e7ee720ec0a83991735586a16f82\windows-amd64\native-platform.dll
0x00007fffb9070000 - 0x00007fffb91b4000 	C:\Users\hp\.gradle\native\e376f236ea51e6404a007f0833ffe2c6e607c4080706a723a18a27aeea778392\windows-amd64\native-platform-file-events.dll
0x00007fffcc620000 - 0x00007fffcc629000 	C:\Program Files\Microsoft\jdk-11.0.18.10-hotspot\bin\management.dll
0x00007fffcae20000 - 0x00007fffcae2b000 	C:\Program Files\Microsoft\jdk-11.0.18.10-hotspot\bin\management_ext.dll
0x00007fffedb90000 - 0x00007fffedba8000 	C:\Windows\SYSTEM32\CRYPTSP.dll
0x00007fffecf00000 - 0x00007fffecf34000 	C:\Windows\system32\rsaenh.dll
0x00007fffee560000 - 0x00007fffee587000 	C:\Windows\System32\bcrypt.dll
0x00007fffede50000 - 0x00007fffede7e000 	C:\Windows\SYSTEM32\USERENV.dll
0x00007fffed750000 - 0x00007fffed75c000 	C:\Windows\SYSTEM32\CRYPTBASE.dll
0x00007fffed2d0000 - 0x00007fffed30c000 	C:\Windows\SYSTEM32\IPHLPAPI.DLL
0x00007ffff05f0000 - 0x00007ffff05f8000 	C:\Windows\System32\NSI.dll
0x00007fffe68a0000 - 0x00007fffe68b7000 	C:\Windows\SYSTEM32\dhcpcsvc6.DLL
0x00007fffe6880000 - 0x00007fffe689d000 	C:\Windows\SYSTEM32\dhcpcsvc.DLL
0x00007fffed310000 - 0x00007fffed3da000 	C:\Windows\SYSTEM32\DNSAPI.dll
0x00007fffcae30000 - 0x00007fffcae37000 	C:\Program Files\Microsoft\jdk-11.0.18.10-hotspot\bin\rmi.dll

dbghelp: loaded successfully - version: 4.0.5 - missing functions: none
symbol engine: initialized successfully - sym options: 0x614 - pdb path: .;C:\Program Files\Microsoft\jdk-11.0.18.10-hotspot\bin;C:\Windows\SYSTEM32;C:\Windows\WinSxS\amd64_microsoft.windows.common-controls_6595b64144ccf1df_6.0.19041.1110_none_60b5254171f9507e;C:\Program Files\Microsoft\jdk-11.0.18.10-hotspot\bin\server;C:\Users\hp\.gradle\native\68d5fa5c4cc2d200863cafc0d521ce42e7d3e7ee720ec0a83991735586a16f82\windows-amd64;C:\Users\hp\.gradle\native\e376f236ea51e6404a007f0833ffe2c6e607c4080706a723a18a27aeea778392\windows-amd64

VM Arguments:
jvm_args: -XX:MaxMetaspaceSize=512m --add-opens=java.base/java.util=ALL-UNNAMED --add-opens=java.base/java.lang=ALL-UNNAMED --add-opens=java.base/java.lang.invoke=ALL-UNNAMED --add-opens=java.prefs/java.util.prefs=ALL-UNNAMED --add-opens=java.base/java.nio.charset=ALL-UNNAMED --add-opens=java.base/java.net=ALL-UNNAMED --add-opens=java.base/java.util.concurrent.atomic=ALL-UNNAMED -Xmx2048m -Dfile.encoding=windows-1252 -Duser.country=US -Duser.language=en -Duser.variant 
java_command: org.gradle.launcher.daemon.bootstrap.GradleDaemon 8.0.1
java_class_path (initial): C:\Users\hp\.gradle\wrapper\dists\gradle-8.0.1-all\aro4hu1c3oeioove7l0i4i14o\gradle-8.0.1\lib\gradle-launcher-8.0.1.jar
Launcher Type: SUN_STANDARD

[Global flags]
     intx CICompilerCount                          = 3                                         {product} {ergonomic}
   size_t CompressedClassSpaceSize                 = 528482304                                 {product} {ergonomic}
     uint ConcGCThreads                            = 1                                         {product} {ergonomic}
     uint G1ConcRefinementThreads                  = 4                                         {product} {ergonomic}
   size_t G1HeapRegionSize                         = 1048576                                   {product} {ergonomic}
    uintx GCDrainStackTargetSize                   = 64                                        {product} {ergonomic}
   size_t InitialHeapSize                          = 134217728                                 {product} {ergonomic}
   size_t MarkStackSize                            = 4194304                                   {product} {ergonomic}
   size_t MaxHeapSize                              = 2147483648                                {product} {command line}
   size_t MaxMetaspaceSize                         = 536870912                                 {product} {command line}
   size_t MaxNewSize                               = 1287651328                                {product} {ergonomic}
   size_t MinHeapDeltaBytes                        = 1048576                                   {product} {ergonomic}
    uintx NonNMethodCodeHeapSize                   = 5830732                                {pd product} {ergonomic}
    uintx NonProfiledCodeHeapSize                  = 122913754                              {pd product} {ergonomic}
    uintx ProfiledCodeHeapSize                     = 122913754                              {pd product} {ergonomic}
    uintx ReservedCodeCacheSize                    = 251658240                              {pd product} {ergonomic}
     bool SegmentedCodeCache                       = true                                      {product} {ergonomic}
     bool UseCompressedClassPointers               = true                                 {lp64_product} {ergonomic}
     bool UseCompressedOops                        = true                                 {lp64_product} {ergonomic}
     bool UseG1GC                                  = true                                      {product} {ergonomic}
     bool UseLargePagesIndividualAllocation        = false                                  {pd product} {ergonomic}

Logging:
Log output configuration:
 #0: stdout all=warning uptime,level,tags
 #1: stderr all=off uptime,level,tags

Environment Variables:
JAVA_HOME=C:\Program Files\Microsoft\jdk-11.0.18.10-hotspot\
CLASSPATH=H:\React Native\HasnainApp\android\\gradle\wrapper\gradle-wrapper.jar
PATH=H:\React Native\HasnainApp\node_modules\.bin;H:\React Native\HasnainApp\node_modules\.bin;H:\React Native\node_modules\.bin;H:\node_modules\.bin;C:\Program Files\nodejs\node_modules\npm\node_modules\@npmcli\run-script\lib\node-gyp-bin;H:\React Native\HasnainApp\node_modules\.bin;H:\React Native\node_modules\.bin;H:\node_modules\.bin;C:\Program Files\nodejs\node_modules\npm\node_modules\@npmcli\run-script\lib\node-gyp-bin;C:\Program Files\Microsoft\jdk-11.0.18.10-hotspot\bin;C:\Python311\Scripts\;C:\Python311\;C:\Windows\system32;C:\Windows;C:\Windows\System32\Wbem;C:\Windows\System32\WindowsPowerShell\v1.0\;C:\Windows\System32\OpenSSH\;C:\MinGW\bin;C:\Program Files\nodejs\;C:\Program Files\Git\cmd;C:\ProgramData\chocolatey\bin;C:\Users\hp\AppData\Local\Microsoft\WindowsApps;C:\Users\hp\AppData\Local\Programs\Microsoft VS Code\bin;C:\Users\hp\AppData\Roaming\npm;C:\Users\hp\AppData\Local\Android\Sdk\platform-tools;
USERNAME=hp
OS=Windows_NT
PROCESSOR_IDENTIFIER=Intel64 Family 6 Model 78 Stepping 3, GenuineIntel
TMP=C:\Users\hp\AppData\Local\Temp
TEMP=C:\Users\hp\AppData\Local\Temp



---------------  S Y S T E M  ---------------

OS: Windows 10 , 64 bit Build 19041 (10.0.19041.3031)
OS uptime: 0 days 0:14 hours
Hyper-V role detected

CPU:total 4 (initial active 4) (2 cores per cpu, 2 threads per core) family 6 model 78 stepping 3 microcode 0xf0, cmov, cx8, fxsr, mmx, sse, sse2, sse3, ssse3, sse4.1, sse4.2, popcnt, avx, avx2, aes, clmul, erms, rtm, 3dnowpref, lzcnt, ht, tsc, tscinvbit, bmi1, bmi2, adx, fma

Memory: 4k page, system-wide physical 8072M (517M free)
TotalPageFile size 8072M (AvailPageFile size 6M)
current process WorkingSet (physical memory assigned to process): 395M, peak: 398M
current process commit charge ("private bytes"): 451M, peak: 453M

vm_info: OpenJDK 64-Bit Server VM (11.0.18+10-LTS) for windows-amd64 JRE (11.0.18+10-LTS), built on Jan 18 2023 15:56:47 by "MicrosoftCorporation" with MS VC++ 15.9 (VS2017)

END.
