#
# There is insufficient memory for the Java Runtime Environment to continue.
# Native memory allocation (mmap) failed to map 67108864 bytes for Failed to commit area from 0x00000000fc000000 to 0x0000000100000000 of length 67108864.
# Possible reasons:
#   The system is out of physical RAM or swap space
#   The process is running with CompressedOops enabled, and the Java Heap may be blocking the growth of the native heap
# Possible solutions:
#   Reduce memory load on the system
#   Increase physical memory or swap space
#   Check if swap backing store is full
#   Decrease Java heap size (-Xmx/-Xms)
#   Decrease number of Java threads
#   Decrease Java thread stack sizes (-Xss)
#   Set larger code cache with -XX:ReservedCodeCacheSize=
# This output file may be truncated or incomplete.
#
#  Out of Memory Error (./src/hotspot/os/windows/os_windows.cpp:3386), pid=5236, tid=7496
#
# JRE version:  (11.0.18+10) (build )
# Java VM: OpenJDK 64-Bit Server VM (11.0.18+10-LTS, mixed mode, sharing, tiered, compressed oops, g1 gc, windows-amd64)
# No core dump will be written. Minidumps are not enabled by default on client versions of Windows
#

---------------  S U M M A R Y ------------

Command Line: -Xmx64m -Xms64m -Dorg.gradle.appname=gradlew org.gradle.wrapper.GradleWrapperMain tasks

Host: Intel(R) Core(TM) i5-6300U CPU @ 2.40GHz, 4 cores, 7G,  Windows 10 , 64 bit Build 19041 (10.0.19041.3031)
Time: Mon Jul 10 00:37:35 2023 Pakistan Standard Time elapsed time: 0.018921 seconds (0d 0h 0m 0s)

---------------  T H R E A D  ---------------

Current thread (0x000001ada27ed800):  JavaThread "Unknown thread" [_thread_in_vm, id=7496, stack(0x0000003f96400000,0x0000003f96500000)]

Stack: [0x0000003f96400000,0x0000003f96500000]
Native frames: (J=compiled Java code, j=interpreted, Vv=VM code, C=native code)
V  [jvm.dll+0x62bf8a]
V  [jvm.dll+0x7b8fb9]
V  [jvm.dll+0x7ba6a8]
V  [jvm.dll+0x7bad83]
V  [jvm.dll+0x250248]
V  [jvm.dll+0x62929a]
V  [jvm.dll+0x61d855]
V  [jvm.dll+0x30c32c]
V  [jvm.dll+0x30c1b2]
V  [jvm.dll+0x310ec6]
V  [jvm.dll+0x356f0f]
V  [jvm.dll+0x356940]
V  [jvm.dll+0x2e9348]
V  [jvm.dll+0x2ea4a6]
V  [jvm.dll+0x792e07]
V  [jvm.dll+0x79458f]
V  [jvm.dll+0x363c69]
V  [jvm.dll+0x775d70]
V  [jvm.dll+0x3d297f]
V  [jvm.dll+0x3d4d11]
C  [jli.dll+0x5207]
C  [ucrtbase.dll+0x21bb2]
C  [KERNEL32.DLL+0x17614]
C  [ntdll.dll+0x526f1]


---------------  P R O C E S S  ---------------

Threads class SMR info:
_java_thread_list=0x000001ada07521e0, length=0, elements={
}

Java Threads: ( => current thread )

Other Threads:
  0x000001ada2806000 GCTaskThread "GC Thread#0" [stack: 0x0000003f96500000,0x0000003f96600000] [id=8732]
  0x000001ada280e000 ConcurrentGCThread "G1 Main Marker" [stack: 0x0000003f96600000,0x0000003f96700000] [id=12724]
  0x000001ada280f800 ConcurrentGCThread "G1 Conc#0" [stack: 0x0000003f96700000,0x0000003f96800000] [id=8324]

[error occurred during error reporting (printing all threads), id 0xc0000005, EXCEPTION_ACCESS_VIOLATION (0xc0000005) at pc=0x00007fffda988b17]

VM state:not at safepoint (not fully initialized)

VM Mutex/Monitor currently owned by a thread:  ([mutex/lock_event])
[0x000001ada27eb6b0] Heap_lock - owner thread: 0x000001ada27ed800

Heap address: 0x00000000fc000000, size: 64 MB, Compressed Oops mode: Non-zero based: 0x00000000fc000000
Narrow klass base: 0x0000000000000000, Narrow klass shift: 0

GC Heap History (0 events):
No events

Deoptimization events (0 events):
No events

Classes redefined (0 events):
No events

Internal exceptions (0 events):
No events

Events (1 events):
Event: 0.011 Loaded shared library C:\Program Files\Microsoft\jdk-11.0.18.10-hotspot\bin\zip.dll


Dynamic libraries:
0x00007ff660800000 - 0x00007ff66080d000 	C:\Program Files\Microsoft\jdk-11.0.18.10-hotspot\bin\java.exe
0x00007ff82fa70000 - 0x00007ff82fc68000 	C:\Windows\SYSTEM32\ntdll.dll
0x00007ff82dad0000 - 0x00007ff82db8f000 	C:\Windows\System32\KERNEL32.DLL
0x00007ff82d4f0000 - 0x00007ff82d7e6000 	C:\Windows\System32\KERNELBASE.dll
0x00007ff82d9d0000 - 0x00007ff82dad0000 	C:\Windows\System32\ucrtbase.dll
0x00007fffe69d0000 - 0x00007fffe69e5000 	C:\Program Files\Microsoft\jdk-11.0.18.10-hotspot\bin\VCRUNTIME140.dll
0x00007fffe69b0000 - 0x00007fffe69c7000 	C:\Program Files\Microsoft\jdk-11.0.18.10-hotspot\bin\jli.dll
0x00007ff82ebb0000 - 0x00007ff82ed4d000 	C:\Windows\System32\USER32.dll
0x00007ff82d4c0000 - 0x00007ff82d4e2000 	C:\Windows\System32\win32u.dll
0x00007ff82eb80000 - 0x00007ff82ebac000 	C:\Windows\System32\GDI32.dll
0x00007ff814a10000 - 0x00007ff814caa000 	C:\Windows\WinSxS\amd64_microsoft.windows.common-controls_6595b64144ccf1df_6.0.19041.1110_none_60b5254171f9507e\COMCTL32.dll
0x00007ff82ed50000 - 0x00007ff82edee000 	C:\Windows\System32\msvcrt.dll
0x00007ff82d880000 - 0x00007ff82d995000 	C:\Windows\System32\gdi32full.dll
0x00007ff82d420000 - 0x00007ff82d4bd000 	C:\Windows\System32\msvcp_win.dll
0x00007ff82de30000 - 0x00007ff82de60000 	C:\Windows\System32\IMM32.DLL
0x00007fffdb230000 - 0x00007fffdb2cb000 	C:\Program Files\Microsoft\jdk-11.0.18.10-hotspot\bin\msvcp140.dll
0x00007fffda690000 - 0x00007fffdb222000 	C:\Program Files\Microsoft\jdk-11.0.18.10-hotspot\bin\server\jvm.dll
0x00007ff82e120000 - 0x00007ff82e1cf000 	C:\Windows\System32\ADVAPI32.dll
0x00007ff82f2c0000 - 0x00007ff82f35c000 	C:\Windows\System32\sechost.dll
0x00007ff82ea50000 - 0x00007ff82eb76000 	C:\Windows\System32\RPCRT4.dll
0x00007ff82ddb0000 - 0x00007ff82ddb8000 	C:\Windows\System32\PSAPI.DLL
0x00007ff808320000 - 0x00007ff808347000 	C:\Windows\SYSTEM32\WINMM.dll
0x00007ff826ce0000 - 0x00007ff826cea000 	C:\Windows\SYSTEM32\VERSION.dll
0x00007ff828d90000 - 0x00007ff828d99000 	C:\Windows\SYSTEM32\WSOCK32.dll
0x00007ff82f540000 - 0x00007ff82f5ab000 	C:\Windows\System32\ws2_32.DLL
0x00007ff82afc0000 - 0x00007ff82afd2000 	C:\Windows\SYSTEM32\kernel.appcore.dll
0x00007ff813fa0000 - 0x00007ff813fb0000 	C:\Program Files\Microsoft\jdk-11.0.18.10-hotspot\bin\verify.dll
0x00007ff81f2d0000 - 0x00007ff81f4b4000 	C:\Windows\SYSTEM32\DBGHELP.DLL
0x00007ff80f1b0000 - 0x00007ff80f1e4000 	C:\Windows\SYSTEM32\dbgcore.DLL
0x00007ff82d7f0000 - 0x00007ff82d872000 	C:\Windows\System32\bcryptPrimitives.dll
0x00007fffe6980000 - 0x00007fffe69a8000 	C:\Program Files\Microsoft\jdk-11.0.18.10-hotspot\bin\java.dll
0x00007ff809250000 - 0x00007ff80925a000 	C:\Program Files\Microsoft\jdk-11.0.18.10-hotspot\bin\jimage.dll
0x00007fffe67c0000 - 0x00007fffe67d8000 	C:\Program Files\Microsoft\jdk-11.0.18.10-hotspot\bin\zip.dll

dbghelp: loaded successfully - version: 4.0.5 - missing functions: none
symbol engine: initialized successfully - sym options: 0x614 - pdb path: .;C:\Program Files\Microsoft\jdk-11.0.18.10-hotspot\bin;C:\Windows\SYSTEM32;C:\Windows\WinSxS\amd64_microsoft.windows.common-controls_6595b64144ccf1df_6.0.19041.1110_none_60b5254171f9507e;C:\Program Files\Microsoft\jdk-11.0.18.10-hotspot\bin\server

VM Arguments:
jvm_args: -Xmx64m -Xms64m -Dorg.gradle.appname=gradlew 
java_command: org.gradle.wrapper.GradleWrapperMain tasks
java_class_path (initial): H:\React Native\HasnainApp\android\\gradle\wrapper\gradle-wrapper.jar
Launcher Type: SUN_STANDARD

[Global flags]
     intx CICompilerCount                          = 3                                         {product} {ergonomic}
     uint ConcGCThreads                            = 1                                         {product} {ergonomic}
     uint G1ConcRefinementThreads                  = 4                                         {product} {ergonomic}
   size_t G1HeapRegionSize                         = 1048576                                   {product} {ergonomic}
    uintx GCDrainStackTargetSize                   = 64                                        {product} {ergonomic}
   size_t InitialHeapSize                          = 67108864                                  {product} {command line}
   size_t MarkStackSize                            = 4194304                                   {product} {ergonomic}
   size_t MaxHeapSize                              = 67108864                                  {product} {command line}
   size_t MinHeapDeltaBytes                        = 1048576                                   {product} {ergonomic}
    uintx NonNMethodCodeHeapSize                   = 5830732                                {pd product} {ergonomic}
    uintx NonProfiledCodeHeapSize                  = 122913754                              {pd product} {ergonomic}
    uintx ProfiledCodeHeapSize                     = 122913754                              {pd product} {ergonomic}
    uintx ReservedCodeCacheSize                    = 251658240                              {pd product} {ergonomic}
     bool SegmentedCodeCache                       = true                                      {product} {ergonomic}
     bool UseCompressedClassPointers               = true                                 {lp64_product} {ergonomic}
     bool UseCompressedOops                        = true                                 {lp64_product} {ergonomic}
     bool UseG1GC                                  = true                                      {product} {ergonomic}
     bool UseLargePagesIndividualAllocation        = false                                  {pd product} {ergonomic}

Logging:
Log output configuration:
 #0: stdout all=warning uptime,level,tags
 #1: stderr all=off uptime,level,tags

Environment Variables:
JAVA_HOME=C:\Program Files\Microsoft\jdk-11.0.18.10-hotspot\
CLASSPATH=H:\React Native\HasnainApp\android\\gradle\wrapper\gradle-wrapper.jar
PATH=H:\React Native\HasnainApp\node_modules\.bin;H:\React Native\HasnainApp\node_modules\.bin;H:\React Native\node_modules\.bin;H:\node_modules\.bin;C:\Program Files\nodejs\node_modules\npm\node_modules\@npmcli\run-script\lib\node-gyp-bin;H:\React Native\HasnainApp\node_modules\.bin;H:\React Native\HasnainApp\node_modules\.bin;H:\React Native\node_modules\.bin;H:\node_modules\.bin;C:\Program Files\nodejs\node_modules\npm\node_modules\@npmcli\run-script\lib\node-gyp-bin;C:\Program Files\Microsoft\jdk-11.0.18.10-hotspot\bin;C:\Python311\Scripts\;C:\Python311\;C:\Windows\system32;C:\Windows;C:\Windows\System32\Wbem;C:\Windows\System32\WindowsPowerShell\v1.0\;C:\Windows\System32\OpenSSH\;C:\MinGW\bin;C:\Program Files\nodejs\;C:\Program Files\Git\cmd;C:\ProgramData\chocolatey\bin;C:\Users\hp\AppData\Local\Microsoft\WindowsApps;C:\Users\hp\AppData\Local\Programs\Microsoft VS Code\bin;C:\Users\hp\AppData\Roaming\npm;C:\Users\hp\AppData\Local\Android\Sdk\platform-tools;
USERNAME=hp
LANG=en_US.UTF-8
OS=Windows_NT
PROCESSOR_IDENTIFIER=Intel64 Family 6 Model 78 Stepping 3, GenuineIntel
TMP=C:\Users\hp\AppData\Local\Temp
TEMP=C:\Users\hp\AppData\Local\Temp



---------------  S Y S T E M  ---------------

OS: Windows 10 , 64 bit Build 19041 (10.0.19041.3031)
OS uptime: 0 days 4:47 hours
Hyper-V role detected

CPU:total 4 (initial active 4) (2 cores per cpu, 2 threads per core) family 6 model 78 stepping 3 microcode 0xf0, cmov, cx8, fxsr, mmx, sse, sse2, sse3, ssse3, sse4.1, sse4.2, popcnt, avx, avx2, aes, clmul, erms, rtm, 3dnowpref, lzcnt, ht, tsc, tscinvbit, bmi1, bmi2, adx, fma

Memory: 4k page, system-wide physical 8072M (491M free)
TotalPageFile size 8072M (AvailPageFile size 17M)
current process WorkingSet (physical memory assigned to process): 9M, peak: 9M
current process commit charge ("private bytes"): 51M, peak: 115M

vm_info: OpenJDK 64-Bit Server VM (11.0.18+10-LTS) for windows-amd64 JRE (11.0.18+10-LTS), built on Jan 18 2023 15:56:47 by "MicrosoftCorporation" with MS VC++ 15.9 (VS2017)

END.
