#
# There is insufficient memory for the Java Runtime Environment to continue.
# Native memory allocation (malloc) failed to allocate 198416 bytes for Chunk::new
# Possible reasons:
#   The system is out of physical RAM or swap space
#   The process is running with CompressedOops enabled, and the Java Heap may be blocking the growth of the native heap
# Possible solutions:
#   Reduce memory load on the system
#   Increase physical memory or swap space
#   Check if swap backing store is full
#   Decrease Java heap size (-Xmx/-Xms)
#   Decrease number of Java threads
#   Decrease Java thread stack sizes (-Xss)
#   Set larger code cache with -XX:ReservedCodeCacheSize=
#   JVM is running with Unscaled Compressed Oops mode in which the Java heap is
#     placed in the first 4GB address space. The Java Heap base address is the
#     maximum limit for the native heap growth. Please use -XX:HeapBaseMinAddress
#     to set the Java Heap base and to place the Java Heap above 4GB virtual address.
# This output file may be truncated or incomplete.
#
#  Out of Memory Error (./src/hotspot/share/memory/arena.cpp:197), pid=2840, tid=7180
#
# JRE version: OpenJDK Runtime Environment Microsoft-7208460 (11.0.18+10) (build 11.0.18+10-LTS)
# Java VM: OpenJDK 64-Bit Server VM Microsoft-7208460 (11.0.18+10-LTS, mixed mode, tiered, compressed oops, g1 gc, windows-amd64)
# No core dump will be written. Minidumps are not enabled by default on client versions of Windows
#

---------------  S U M M A R Y ------------

Command Line: -Xmx64m -Xms64m -Dorg.gradle.appname=gradlew org.gradle.wrapper.GradleWrapperMain app:installDebug -PreactNativeDevServerPort=8081

Host: Intel(R) Core(TM) i5-6300U CPU @ 2.40GHz, 4 cores, 7G,  Windows 10 , 64 bit Build 19041 (10.0.19041.3031)
Time: Sun Jul  9 08:55:34 2023 Pakistan Standard Time elapsed time: 1.419184 seconds (0d 0h 0m 1s)

---------------  T H R E A D  ---------------

Current thread (0x0000020ca6a8d800):  JavaThread "C2 CompilerThread0" daemon [_thread_in_native, id=7180, stack(0x0000005a8aa00000,0x0000005a8ab00000)]


Current CompileTask:
C2:   1419  636       4       java.util.HashMap::putVal (300 bytes)

Stack: [0x0000005a8aa00000,0x0000005a8ab00000]
Native frames: (J=compiled Java code, j=interpreted, Vv=VM code, C=native code)
V  [jvm.dll+0x62bf8a]
V  [jvm.dll+0x7b8fb9]
V  [jvm.dll+0x7ba6a8]
V  [jvm.dll+0x7bad83]
V  [jvm.dll+0x250248]
V  [jvm.dll+0xc260c]
V  [jvm.dll+0xc2bcc]
V  [jvm.dll+0x35e182]
V  [jvm.dll+0x19ede1]
V  [jvm.dll+0x209495]
V  [jvm.dll+0x20850d]
V  [jvm.dll+0x18a4b1]
V  [jvm.dll+0x217eec]
V  [jvm.dll+0x21612b]
V  [jvm.dll+0x77bac0]
V  [jvm.dll+0x7749f4]
V  [jvm.dll+0x62adf5]
C  [ucrtbase.dll+0x21bb2]
C  [KERNEL32.DLL+0x17614]
C  [ntdll.dll+0x526f1]


---------------  P R O C E S S  ---------------

Threads class SMR info:
_java_thread_list=0x0000020ca6d504c0, length=10, elements={
0x0000020c8c45f800, 0x0000020ca6a71000, 0x0000020ca6a7a800, 0x0000020ca6ae0800,
0x0000020ca6ae4000, 0x0000020ca6a8a000, 0x0000020ca6a8d800, 0x0000020ca6a94000,
0x0000020ca6a97000, 0x0000020ca6d4f800
}

Java Threads: ( => current thread )
  0x0000020c8c45f800 JavaThread "main" [_thread_in_native, id=1652, stack(0x0000005a89e00000,0x0000005a89f00000)]
  0x0000020ca6a71000 JavaThread "Reference Handler" daemon [_thread_blocked, id=6236, stack(0x0000005a8a500000,0x0000005a8a600000)]
  0x0000020ca6a7a800 JavaThread "Finalizer" daemon [_thread_blocked, id=6188, stack(0x0000005a8a600000,0x0000005a8a700000)]
  0x0000020ca6ae0800 JavaThread "Signal Dispatcher" daemon [_thread_blocked, id=6392, stack(0x0000005a8a700000,0x0000005a8a800000)]
  0x0000020ca6ae4000 JavaThread "Attach Listener" daemon [_thread_blocked, id=10004, stack(0x0000005a8a800000,0x0000005a8a900000)]
  0x0000020ca6a8a000 JavaThread "Service Thread" daemon [_thread_blocked, id=6216, stack(0x0000005a8a900000,0x0000005a8aa00000)]
=>0x0000020ca6a8d800 JavaThread "C2 CompilerThread0" daemon [_thread_in_native, id=7180, stack(0x0000005a8aa00000,0x0000005a8ab00000)]
  0x0000020ca6a94000 JavaThread "C1 CompilerThread0" daemon [_thread_blocked, id=9584, stack(0x0000005a8ab00000,0x0000005a8ac00000)]
  0x0000020ca6a97000 JavaThread "Sweeper thread" daemon [_thread_blocked, id=11248, stack(0x0000005a8ac00000,0x0000005a8ad00000)]
  0x0000020ca6d4f800 JavaThread "Common-Cleaner" daemon [_thread_blocked, id=6876, stack(0x0000005a8ae00000,0x0000005a8af00000)]

Other Threads:
  0x0000020ca6a4f000 VMThread "VM Thread" [stack: 0x0000005a8a400000,0x0000005a8a500000] [id=6556]
  0x0000020ca6d49800 WatcherThread [stack: 0x0000005a8ad00000,0x0000005a8ae00000] [id=7004]
  0x0000020c8c478000 GCTaskThread "GC Thread#0" [stack: 0x0000005a89f00000,0x0000005a8a000000] [id=1468]
  0x0000020ca73f1000 GCTaskThread "GC Thread#1" [stack: 0x0000005a8af00000,0x0000005a8b000000] [id=9996]
  0x0000020c8c481000 ConcurrentGCThread "G1 Main Marker" [stack: 0x0000005a8a000000,0x0000005a8a100000] [id=9312]
  0x0000020c8c482800 ConcurrentGCThread "G1 Conc#0" [stack: 0x0000005a8a100000,0x0000005a8a200000] [id=8612]
  0x0000020c8c4d5800 ConcurrentGCThread "G1 Refine#0" [stack: 0x0000005a8a200000,0x0000005a8a300000] [id=3956]
  0x0000020c8c4d7000 ConcurrentGCThread "G1 Young RemSet Sampling" [stack: 0x0000005a8a300000,0x0000005a8a400000] [id=8844]

Threads with active compile tasks:
C2 CompilerThread0     1469  636       4       java.util.HashMap::putVal (300 bytes)

VM state:not at safepoint (normal execution)

VM Mutex/Monitor currently owned by a thread: None

Heap address: 0x00000000fc000000, size: 64 MB, Compressed Oops mode: 32-bit
Narrow klass base: 0x0000000000000000, Narrow klass shift: 3
Compressed class space size: 1073741824 Address: 0x0000000100000000

Heap:
 garbage-first heap   total 65536K, used 9548K [0x00000000fc000000, 0x0000000100000000)
  region size 1024K, 5 young (5120K), 2 survivors (2048K)
 Metaspace       used 7864K, capacity 8017K, committed 8192K, reserved 1056768K
  class space    used 690K, capacity 754K, committed 768K, reserved 1048576K
Heap Regions: E=young(eden), S=young(survivor), O=old, HS=humongous(starts), HC=humongous(continues), CS=collection set, F=free, A=archive, TAMS=top-at-mark-start (previous, next)
|   0|0x00000000fc000000, 0x00000000fc100000, 0x00000000fc100000|100%| O|  |TAMS 0x00000000fc000000, 0x00000000fc000000| Untracked 
|   1|0x00000000fc100000, 0x00000000fc153200, 0x00000000fc200000| 32%| O|  |TAMS 0x00000000fc100000, 0x00000000fc100000| Untracked 
|   2|0x00000000fc200000, 0x00000000fc300000, 0x00000000fc300000|100%|HS|  |TAMS 0x00000000fc200000, 0x00000000fc200000| Complete 
|   3|0x00000000fc300000, 0x00000000fc400000, 0x00000000fc400000|100%|HC|  |TAMS 0x00000000fc300000, 0x00000000fc300000| Complete 
|   4|0x00000000fc400000, 0x00000000fc500000, 0x00000000fc500000|100%|HC|  |TAMS 0x00000000fc400000, 0x00000000fc400000| Complete 
|   5|0x00000000fc500000, 0x00000000fc600000, 0x00000000fc600000|100%|HC|  |TAMS 0x00000000fc500000, 0x00000000fc500000| Complete 
|   6|0x00000000fc600000, 0x00000000fc600000, 0x00000000fc700000|  0%| F|  |TAMS 0x00000000fc600000, 0x00000000fc600000| Untracked 
|   7|0x00000000fc700000, 0x00000000fc700000, 0x00000000fc800000|  0%| F|  |TAMS 0x00000000fc700000, 0x00000000fc700000| Untracked 
|   8|0x00000000fc800000, 0x00000000fc800000, 0x00000000fc900000|  0%| F|  |TAMS 0x00000000fc800000, 0x00000000fc800000| Untracked 
|   9|0x00000000fc900000, 0x00000000fc900000, 0x00000000fca00000|  0%| F|  |TAMS 0x00000000fc900000, 0x00000000fc900000| Untracked 
|  10|0x00000000fca00000, 0x00000000fca00000, 0x00000000fcb00000|  0%| F|  |TAMS 0x00000000fca00000, 0x00000000fca00000| Untracked 
|  11|0x00000000fcb00000, 0x00000000fcb00000, 0x00000000fcc00000|  0%| F|  |TAMS 0x00000000fcb00000, 0x00000000fcb00000| Untracked 
|  12|0x00000000fcc00000, 0x00000000fcc00000, 0x00000000fcd00000|  0%| F|  |TAMS 0x00000000fcc00000, 0x00000000fcc00000| Untracked 
|  13|0x00000000fcd00000, 0x00000000fcd00000, 0x00000000fce00000|  0%| F|  |TAMS 0x00000000fcd00000, 0x00000000fcd00000| Untracked 
|  14|0x00000000fce00000, 0x00000000fce00000, 0x00000000fcf00000|  0%| F|  |TAMS 0x00000000fce00000, 0x00000000fce00000| Untracked 
|  15|0x00000000fcf00000, 0x00000000fcf00000, 0x00000000fd000000|  0%| F|  |TAMS 0x00000000fcf00000, 0x00000000fcf00000| Untracked 
|  16|0x00000000fd000000, 0x00000000fd000000, 0x00000000fd100000|  0%| F|  |TAMS 0x00000000fd000000, 0x00000000fd000000| Untracked 
|  17|0x00000000fd100000, 0x00000000fd100000, 0x00000000fd200000|  0%| F|  |TAMS 0x00000000fd100000, 0x00000000fd100000| Untracked 
|  18|0x00000000fd200000, 0x00000000fd200000, 0x00000000fd300000|  0%| F|  |TAMS 0x00000000fd200000, 0x00000000fd200000| Untracked 
|  19|0x00000000fd300000, 0x00000000fd300000, 0x00000000fd400000|  0%| F|  |TAMS 0x00000000fd300000, 0x00000000fd300000| Untracked 
|  20|0x00000000fd400000, 0x00000000fd400000, 0x00000000fd500000|  0%| F|  |TAMS 0x00000000fd400000, 0x00000000fd400000| Untracked 
|  21|0x00000000fd500000, 0x00000000fd500000, 0x00000000fd600000|  0%| F|  |TAMS 0x00000000fd500000, 0x00000000fd500000| Untracked 
|  22|0x00000000fd600000, 0x00000000fd600000, 0x00000000fd700000|  0%| F|  |TAMS 0x00000000fd600000, 0x00000000fd600000| Untracked 
|  23|0x00000000fd700000, 0x00000000fd700000, 0x00000000fd800000|  0%| F|  |TAMS 0x00000000fd700000, 0x00000000fd700000| Untracked 
|  24|0x00000000fd800000, 0x00000000fd800000, 0x00000000fd900000|  0%| F|  |TAMS 0x00000000fd800000, 0x00000000fd800000| Untracked 
|  25|0x00000000fd900000, 0x00000000fd900000, 0x00000000fda00000|  0%| F|  |TAMS 0x00000000fd900000, 0x00000000fd900000| Untracked 
|  26|0x00000000fda00000, 0x00000000fda00000, 0x00000000fdb00000|  0%| F|  |TAMS 0x00000000fda00000, 0x00000000fda00000| Untracked 
|  27|0x00000000fdb00000, 0x00000000fdb00000, 0x00000000fdc00000|  0%| F|  |TAMS 0x00000000fdb00000, 0x00000000fdb00000| Untracked 
|  28|0x00000000fdc00000, 0x00000000fdc00000, 0x00000000fdd00000|  0%| F|  |TAMS 0x00000000fdc00000, 0x00000000fdc00000| Untracked 
|  29|0x00000000fdd00000, 0x00000000fdd00000, 0x00000000fde00000|  0%| F|  |TAMS 0x00000000fdd00000, 0x00000000fdd00000| Untracked 
|  30|0x00000000fde00000, 0x00000000fde00000, 0x00000000fdf00000|  0%| F|  |TAMS 0x00000000fde00000, 0x00000000fde00000| Untracked 
|  31|0x00000000fdf00000, 0x00000000fdf00000, 0x00000000fe000000|  0%| F|  |TAMS 0x00000000fdf00000, 0x00000000fdf00000| Untracked 
|  32|0x00000000fe000000, 0x00000000fe000000, 0x00000000fe100000|  0%| F|  |TAMS 0x00000000fe000000, 0x00000000fe000000| Untracked 
|  33|0x00000000fe100000, 0x00000000fe100000, 0x00000000fe200000|  0%| F|  |TAMS 0x00000000fe100000, 0x00000000fe100000| Untracked 
|  34|0x00000000fe200000, 0x00000000fe200000, 0x00000000fe300000|  0%| F|  |TAMS 0x00000000fe200000, 0x00000000fe200000| Untracked 
|  35|0x00000000fe300000, 0x00000000fe300000, 0x00000000fe400000|  0%| F|  |TAMS 0x00000000fe300000, 0x00000000fe300000| Untracked 
|  36|0x00000000fe400000, 0x00000000fe400000, 0x00000000fe500000|  0%| F|  |TAMS 0x00000000fe400000, 0x00000000fe400000| Untracked 
|  37|0x00000000fe500000, 0x00000000fe500000, 0x00000000fe600000|  0%| F|  |TAMS 0x00000000fe500000, 0x00000000fe500000| Untracked 
|  38|0x00000000fe600000, 0x00000000fe600000, 0x00000000fe700000|  0%| F|  |TAMS 0x00000000fe600000, 0x00000000fe600000| Untracked 
|  39|0x00000000fe700000, 0x00000000fe700000, 0x00000000fe800000|  0%| F|  |TAMS 0x00000000fe700000, 0x00000000fe700000| Untracked 
|  40|0x00000000fe800000, 0x00000000fe800000, 0x00000000fe900000|  0%| F|  |TAMS 0x00000000fe800000, 0x00000000fe800000| Untracked 
|  41|0x00000000fe900000, 0x00000000fe900000, 0x00000000fea00000|  0%| F|  |TAMS 0x00000000fe900000, 0x00000000fe900000| Untracked 
|  42|0x00000000fea00000, 0x00000000fea00000, 0x00000000feb00000|  0%| F|  |TAMS 0x00000000fea00000, 0x00000000fea00000| Untracked 
|  43|0x00000000feb00000, 0x00000000feb00000, 0x00000000fec00000|  0%| F|  |TAMS 0x00000000feb00000, 0x00000000feb00000| Untracked 
|  44|0x00000000fec00000, 0x00000000fec00000, 0x00000000fed00000|  0%| F|  |TAMS 0x00000000fec00000, 0x00000000fec00000| Untracked 
|  45|0x00000000fed00000, 0x00000000fed00000, 0x00000000fee00000|  0%| F|  |TAMS 0x00000000fed00000, 0x00000000fed00000| Untracked 
|  46|0x00000000fee00000, 0x00000000fee00000, 0x00000000fef00000|  0%| F|  |TAMS 0x00000000fee00000, 0x00000000fee00000| Untracked 
|  47|0x00000000fef00000, 0x00000000fef00000, 0x00000000ff000000|  0%| F|  |TAMS 0x00000000fef00000, 0x00000000fef00000| Untracked 
|  48|0x00000000ff000000, 0x00000000ff100000, 0x00000000ff100000|100%| S|CS|TAMS 0x00000000ff000000, 0x00000000ff000000| Complete 
|  49|0x00000000ff100000, 0x00000000ff200000, 0x00000000ff200000|100%| S|CS|TAMS 0x00000000ff100000, 0x00000000ff100000| Complete 
|  50|0x00000000ff200000, 0x00000000ff200000, 0x00000000ff300000|  0%| F|  |TAMS 0x00000000ff200000, 0x00000000ff200000| Untracked 
|  51|0x00000000ff300000, 0x00000000ff300000, 0x00000000ff400000|  0%| F|  |TAMS 0x00000000ff300000, 0x00000000ff300000| Untracked 
|  52|0x00000000ff400000, 0x00000000ff400000, 0x00000000ff500000|  0%| F|  |TAMS 0x00000000ff400000, 0x00000000ff400000| Untracked 
|  53|0x00000000ff500000, 0x00000000ff500000, 0x00000000ff600000|  0%| F|  |TAMS 0x00000000ff500000, 0x00000000ff500000| Untracked 
|  54|0x00000000ff600000, 0x00000000ff600000, 0x00000000ff700000|  0%| F|  |TAMS 0x00000000ff600000, 0x00000000ff600000| Untracked 
|  55|0x00000000ff700000, 0x00000000ff700000, 0x00000000ff800000|  0%| F|  |TAMS 0x00000000ff700000, 0x00000000ff700000| Untracked 
|  56|0x00000000ff800000, 0x00000000ff800000, 0x00000000ff900000|  0%| F|  |TAMS 0x00000000ff800000, 0x00000000ff800000| Untracked 
|  57|0x00000000ff900000, 0x00000000ff900000, 0x00000000ffa00000|  0%| F|  |TAMS 0x00000000ff900000, 0x00000000ff900000| Untracked 
|  58|0x00000000ffa00000, 0x00000000ffa00000, 0x00000000ffb00000|  0%| F|  |TAMS 0x00000000ffa00000, 0x00000000ffa00000| Untracked 
|  59|0x00000000ffb00000, 0x00000000ffb00000, 0x00000000ffc00000|  0%| F|  |TAMS 0x00000000ffb00000, 0x00000000ffb00000| Untracked 
|  60|0x00000000ffc00000, 0x00000000ffc00000, 0x00000000ffd00000|  0%| F|  |TAMS 0x00000000ffc00000, 0x00000000ffc00000| Untracked 
|  61|0x00000000ffd00000, 0x00000000ffd00800, 0x00000000ffe00000|  0%| E|  |TAMS 0x00000000ffd00000, 0x00000000ffd00000| Complete 
|  62|0x00000000ffe00000, 0x00000000fff00000, 0x00000000fff00000|100%| E|CS|TAMS 0x00000000ffe00000, 0x00000000ffe00000| Complete 
|  63|0x00000000fff00000, 0x0000000100000000, 0x0000000100000000|100%| E|CS|TAMS 0x00000000fff00000, 0x00000000fff00000| Complete 

Card table byte_map: [0x0000020c8c290000,0x0000020c8c2b0000] _byte_map_base: 0x0000020c8bab0000

Marking Bits (Prev, Next): (CMBitMap*) 0x0000020c8c480248, (CMBitMap*) 0x0000020c8c480280
 Prev Bits: [0x0000020c8c2d0000, 0x0000020c8c3d0000)
 Next Bits: [0x0000020ca3be0000, 0x0000020ca3ce0000)

Polling page: 0x0000020c8a450000

Metaspace:

Usage:
  Non-class:      7.09 MB capacity,     7.01 MB ( 99%) used,    83.15 KB (  1%) free+waste,     6.00 KB ( <1%) overhead. 
      Class:    754.00 KB capacity,   690.79 KB ( 92%) used,    60.40 KB (  8%) free+waste,     2.81 KB ( <1%) overhead. 
       Both:      7.83 MB capacity,     7.68 MB ( 98%) used,   143.55 KB (  2%) free+waste,     8.81 KB ( <1%) overhead. 

Virtual space:
  Non-class space:        8.00 MB reserved,       7.25 MB ( 91%) committed 
      Class space:        1.00 GB reserved,     768.00 KB ( <1%) committed 
             Both:        1.01 GB reserved,       8.00 MB ( <1%) committed 

Chunk freelists:
   Non-Class:  33.00 KB
       Class:  14.00 KB
        Both:  47.00 KB

MaxMetaspaceSize: 17179869184.00 GB
CompressedClassSpaceSize: 1.00 GB
Initial GC threshold: 20.80 MB
Current GC threshold: 20.80 MB
CDS: off

CodeHeap 'non-profiled nmethods': size=120064Kb used=201Kb max_used=201Kb free=119863Kb
 bounds [0x0000020c9c6a0000, 0x0000020c9c910000, 0x0000020ca3be0000]
CodeHeap 'profiled nmethods': size=120000Kb used=1144Kb max_used=1144Kb free=118856Kb
 bounds [0x0000020c95170000, 0x0000020c953e0000, 0x0000020c9c6a0000]
CodeHeap 'non-nmethods': size=5696Kb used=1108Kb max_used=1123Kb free=4587Kb
 bounds [0x0000020c94be0000, 0x0000020c94e50000, 0x0000020c95170000]
 total_blobs=996 nmethods=642 adapters=267
 compilation: enabled
              stopped_count=0, restarted_count=0
 full_count=0

Compilation events (20 events):
Event: 1.369 Thread 0x0000020ca6a94000 nmethod 629 0x0000020c9527f690 code [0x0000020c9527f860, 0x0000020c9527fb28]
Event: 1.370 Thread 0x0000020ca6a94000  630       3       sun.nio.fs.NativeBuffers::getNativeBufferFromCache (51 bytes)
Event: 1.370 Thread 0x0000020ca6a94000 nmethod 630 0x0000020c9527fc10 code [0x0000020c9527fe00, 0x0000020c952803e8]
Event: 1.370 Thread 0x0000020ca6a94000  631       3       java.lang.Class::getComponentType (14 bytes)
Event: 1.370 Thread 0x0000020ca6a94000 nmethod 631 0x0000020c95280590 code [0x0000020c95280740, 0x0000020c952808c8]
Event: 1.370 Thread 0x0000020ca6a94000  632       3       jdk.internal.misc.Unsafe::checkPrimitivePointer (19 bytes)
Event: 1.371 Thread 0x0000020ca6a94000 nmethod 632 0x0000020c95280990 code [0x0000020c95280ba0, 0x0000020c952811a8]
Event: 1.371 Thread 0x0000020ca6a94000  633       1       sun.nio.fs.NativeBuffer::owner (5 bytes)
Event: 1.371 Thread 0x0000020ca6a94000 nmethod 633 0x0000020c9c6d2110 code [0x0000020c9c6d22c0, 0x0000020c9c6d2378]
Event: 1.374 Thread 0x0000020ca6a94000  634       3       java.util.concurrent.TimeUnit::toMillis (69 bytes)
Event: 1.374 Thread 0x0000020ca6a94000 nmethod 634 0x0000020c95281410 code [0x0000020c952815c0, 0x0000020c95281878]
Event: 1.375 Thread 0x0000020ca6a94000  635       3       java.nio.file.attribute.FileTime::toMillis (98 bytes)
Event: 1.376 Thread 0x0000020ca6a94000 nmethod 635 0x0000020c95281910 code [0x0000020c95281b00, 0x0000020c95281f68]
Event: 1.379 Thread 0x0000020ca6a8d800  636       4       java.util.HashMap::putVal (300 bytes)
Event: 1.380 Thread 0x0000020ca6a94000  637       3       sun.net.util.URLUtil::urlNoFragString (114 bytes)
Event: 1.382 Thread 0x0000020ca6a94000 nmethod 637 0x0000020c95282110 code [0x0000020c95282460, 0x0000020c952836c8]
Event: 1.389 Thread 0x0000020ca6a94000  638       3       java.util.zip.ZipFile$Source::initCEN (697 bytes)
Event: 1.396 Thread 0x0000020ca6a94000 nmethod 638 0x0000020c95283d10 code [0x0000020c95284380, 0x0000020c95287ee8]
Event: 1.407 Thread 0x0000020ca6a94000  640       3       java.util.jar.JarFile$1::apply (9 bytes)
Event: 1.407 Thread 0x0000020ca6a94000 nmethod 640 0x0000020c95289910 code [0x0000020c95289b00, 0x0000020c95289f88]

GC Heap History (2 events):
Event: 1.336 GC heap before
{Heap before GC invocations=0 (full 0):
 garbage-first heap   total 65536K, used 13312K [0x00000000fc000000, 0x0000000100000000)
  region size 1024K, 14 young (14336K), 0 survivors (0K)
 Metaspace       used 7842K, capacity 8017K, committed 8192K, reserved 1056768K
  class space    used 690K, capacity 754K, committed 768K, reserved 1048576K
}
Event: 1.345 GC heap after
{Heap after GC invocations=1 (full 0):
 garbage-first heap   total 65536K, used 3404K [0x00000000fc000000, 0x0000000100000000)
  region size 1024K, 2 young (2048K), 2 survivors (2048K)
 Metaspace       used 7842K, capacity 8017K, committed 8192K, reserved 1056768K
  class space    used 690K, capacity 754K, committed 768K, reserved 1048576K
}

Deoptimization events (20 events):
Event: 1.082 Thread 0x0000020c8c45f800 Uncommon trap: trap_request=0xffffffde fr.pc=0x0000020c9c6c7b58 relative=0x0000000000000fb8
Event: 1.082 Thread 0x0000020c8c45f800 Uncommon trap: reason=class_check action=maybe_recompile pc=0x0000020c9c6c7b58 method=java.util.HashMap.putVal(ILjava/lang/Object;Ljava/lang/Object;ZZ)Ljava/lang/Object; @ 203 c2
Event: 1.082 Thread 0x0000020c8c45f800 DEOPT PACKING pc=0x0000020c9c6c7b58 sp=0x0000005a89ef9a50
Event: 1.082 Thread 0x0000020c8c45f800 DEOPT UNPACKING pc=0x0000020c94c2a1af sp=0x0000005a89ef99e0 mode 2
Event: 1.224 Thread 0x0000020c8c45f800 Uncommon trap: trap_request=0xffffffde fr.pc=0x0000020c9c6c7a9c relative=0x0000000000000efc
Event: 1.224 Thread 0x0000020c8c45f800 Uncommon trap: reason=class_check action=maybe_recompile pc=0x0000020c9c6c7a9c method=java.util.HashMap.putVal(ILjava/lang/Object;Ljava/lang/Object;ZZ)Ljava/lang/Object; @ 91 c2
Event: 1.224 Thread 0x0000020c8c45f800 DEOPT PACKING pc=0x0000020c9c6c7a9c sp=0x0000005a89ef9a50
Event: 1.224 Thread 0x0000020c8c45f800 DEOPT UNPACKING pc=0x0000020c94c2a1af sp=0x0000005a89ef99e0 mode 2
Event: 1.232 Thread 0x0000020c8c45f800 Uncommon trap: trap_request=0xffffffde fr.pc=0x0000020c9c6c7a9c relative=0x0000000000000efc
Event: 1.232 Thread 0x0000020c8c45f800 Uncommon trap: reason=class_check action=maybe_recompile pc=0x0000020c9c6c7a9c method=java.util.HashMap.putVal(ILjava/lang/Object;Ljava/lang/Object;ZZ)Ljava/lang/Object; @ 91 c2
Event: 1.232 Thread 0x0000020c8c45f800 DEOPT PACKING pc=0x0000020c9c6c7a9c sp=0x0000005a89ef9a50
Event: 1.232 Thread 0x0000020c8c45f800 DEOPT UNPACKING pc=0x0000020c94c2a1af sp=0x0000005a89ef99e0 mode 2
Event: 1.235 Thread 0x0000020c8c45f800 Uncommon trap: trap_request=0xffffffde fr.pc=0x0000020c9c6c7b58 relative=0x0000000000000fb8
Event: 1.235 Thread 0x0000020c8c45f800 Uncommon trap: reason=class_check action=maybe_recompile pc=0x0000020c9c6c7b58 method=java.util.HashMap.putVal(ILjava/lang/Object;Ljava/lang/Object;ZZ)Ljava/lang/Object; @ 203 c2
Event: 1.235 Thread 0x0000020c8c45f800 DEOPT PACKING pc=0x0000020c9c6c7b58 sp=0x0000005a89ef9a50
Event: 1.235 Thread 0x0000020c8c45f800 DEOPT UNPACKING pc=0x0000020c94c2a1af sp=0x0000005a89ef99e0 mode 2
Event: 1.292 Thread 0x0000020c8c45f800 DEOPT PACKING pc=0x0000020c951c5fc3 sp=0x0000005a89ef5a10
Event: 1.292 Thread 0x0000020c8c45f800 DEOPT UNPACKING pc=0x0000020c94c2a95e sp=0x0000005a89ef4ed0 mode 0
Event: 1.320 Thread 0x0000020c8c45f800 DEOPT PACKING pc=0x0000020c9524aba2 sp=0x0000005a89ef95c0
Event: 1.320 Thread 0x0000020c8c45f800 DEOPT UNPACKING pc=0x0000020c94c2a95e sp=0x0000005a89ef8a28 mode 0

Classes redefined (0 events):
No events

Internal exceptions (3 events):
Event: 0.443 Thread 0x0000020c8c45f800 Exception <a 'java/lang/NoSuchMethodError'{0x00000000ffc49de0}: 'int java.lang.invoke.DirectMethodHandle$Holder.invokeStaticInit(java.lang.Object, java.lang.Object)'> (0x00000000ffc49de0) thrown at [./src/hotspot/share/interpreter/linkResolver.cpp, line 773]
Event: 0.545 Thread 0x0000020c8c45f800 Exception <a 'java/lang/NoSuchMethodError'{0x00000000ffb1dd00}: 'int java.lang.invoke.DirectMethodHandle$Holder.invokeSpecial(java.lang.Object, java.lang.Object, java.lang.Object, java.lang.Object)'> (0x00000000ffb1dd00) thrown at [./src/hotspot/share/interpreter/linkResolver.cpp, line 773]
Event: 0.559 Thread 0x0000020c8c45f800 Exception <a 'java/lang/NoSuchMethodError'{0x00000000ffb55f30}: 'int java.lang.invoke.DirectMethodHandle$Holder.invokeSpecialIFC(java.lang.Object, java.lang.Object, int)'> (0x00000000ffb55f30) thrown at [./src/hotspot/share/interpreter/linkResolver.cpp, line 773]

Events (20 events):
Event: 1.357 Executing VM operation: RevokeBias
Event: 1.358 Executing VM operation: RevokeBias done
Event: 1.358 Executing VM operation: RevokeBias
Event: 1.358 Executing VM operation: RevokeBias done
Event: 1.358 Executing VM operation: RevokeBias
Event: 1.358 Executing VM operation: RevokeBias done
Event: 1.358 Executing VM operation: RevokeBias
Event: 1.358 Executing VM operation: RevokeBias done
Event: 1.358 Executing VM operation: RevokeBias
Event: 1.359 Executing VM operation: RevokeBias done
Event: 1.359 Executing VM operation: RevokeBias
Event: 1.359 Executing VM operation: RevokeBias done
Event: 1.359 Executing VM operation: RevokeBias
Event: 1.359 Executing VM operation: RevokeBias done
Event: 1.359 Executing VM operation: RevokeBias
Event: 1.359 Executing VM operation: RevokeBias done
Event: 1.359 Executing VM operation: BulkRevokeBias
Event: 1.360 Executing VM operation: BulkRevokeBias done
Event: 1.360 Executing VM operation: BulkRevokeBias
Event: 1.360 Executing VM operation: BulkRevokeBias done


Dynamic libraries:
0x00007ff76d1d0000 - 0x00007ff76d1dd000 	C:\Program Files\Microsoft\jdk-11.0.18.10-hotspot\bin\java.exe
0x00007ffb74ef0000 - 0x00007ffb750e8000 	C:\Windows\SYSTEM32\ntdll.dll
0x00007ffb737e0000 - 0x00007ffb7389f000 	C:\Windows\System32\KERNEL32.DLL
0x00007ffb72680000 - 0x00007ffb72976000 	C:\Windows\System32\KERNELBASE.dll
0x00007ffb72c90000 - 0x00007ffb72d90000 	C:\Windows\System32\ucrtbase.dll
0x00007ffb534e0000 - 0x00007ffb534f7000 	C:\Program Files\Microsoft\jdk-11.0.18.10-hotspot\bin\jli.dll
0x00007ffb738b0000 - 0x00007ffb73a4d000 	C:\Windows\System32\USER32.dll
0x00007ffb72e10000 - 0x00007ffb72e32000 	C:\Windows\System32\win32u.dll
0x00007ffb74bc0000 - 0x00007ffb74bec000 	C:\Windows\System32\GDI32.dll
0x00007ffb72b70000 - 0x00007ffb72c85000 	C:\Windows\System32\gdi32full.dll
0x00007ffb72e40000 - 0x00007ffb72edd000 	C:\Windows\System32\msvcp_win.dll
0x00007ffb47c30000 - 0x00007ffb47c45000 	C:\Program Files\Microsoft\jdk-11.0.18.10-hotspot\bin\VCRUNTIME140.dll
0x00007ffb5b810000 - 0x00007ffb5baaa000 	C:\Windows\WinSxS\amd64_microsoft.windows.common-controls_6595b64144ccf1df_6.0.19041.1110_none_60b5254171f9507e\COMCTL32.dll
0x00007ffb74c70000 - 0x00007ffb74d0e000 	C:\Windows\System32\msvcrt.dll
0x00007ffb737b0000 - 0x00007ffb737e0000 	C:\Windows\System32\IMM32.DLL
0x00007ffb20fa0000 - 0x00007ffb2103b000 	C:\Program Files\Microsoft\jdk-11.0.18.10-hotspot\bin\msvcp140.dll
0x00007ffb1a550000 - 0x00007ffb1b0e2000 	C:\Program Files\Microsoft\jdk-11.0.18.10-hotspot\bin\server\jvm.dll
0x00007ffb742d0000 - 0x00007ffb7437f000 	C:\Windows\System32\ADVAPI32.dll
0x00007ffb73080000 - 0x00007ffb7311c000 	C:\Windows\System32\sechost.dll
0x00007ffb74d10000 - 0x00007ffb74e36000 	C:\Windows\System32\RPCRT4.dll
0x00007ffb74ea0000 - 0x00007ffb74ea8000 	C:\Windows\System32\PSAPI.DLL
0x00007ffb6cf50000 - 0x00007ffb6cf59000 	C:\Windows\SYSTEM32\WSOCK32.dll
0x00007ffb73a50000 - 0x00007ffb73abb000 	C:\Windows\System32\WS2_32.dll
0x00007ffb5a600000 - 0x00007ffb5a627000 	C:\Windows\SYSTEM32\WINMM.dll
0x00007ffb6c000000 - 0x00007ffb6c00a000 	C:\Windows\SYSTEM32\VERSION.dll
0x00007ffb70440000 - 0x00007ffb70452000 	C:\Windows\SYSTEM32\kernel.appcore.dll
0x00007ffb606f0000 - 0x00007ffb60700000 	C:\Program Files\Microsoft\jdk-11.0.18.10-hotspot\bin\verify.dll
0x00007ffb64d70000 - 0x00007ffb64f54000 	C:\Windows\SYSTEM32\DBGHELP.DLL
0x00007ffb5ccf0000 - 0x00007ffb5cd24000 	C:\Windows\SYSTEM32\dbgcore.DLL
0x00007ffb72980000 - 0x00007ffb72a02000 	C:\Windows\System32\bcryptPrimitives.dll
0x00007ffb3e7a0000 - 0x00007ffb3e7c8000 	C:\Program Files\Microsoft\jdk-11.0.18.10-hotspot\bin\java.dll
0x00007ffb602b0000 - 0x00007ffb602ba000 	C:\Program Files\Microsoft\jdk-11.0.18.10-hotspot\bin\jimage.dll
0x00007ffb3ea90000 - 0x00007ffb3eaa8000 	C:\Program Files\Microsoft\jdk-11.0.18.10-hotspot\bin\zip.dll
0x00007ffb74470000 - 0x00007ffb74bb4000 	C:\Windows\System32\SHELL32.dll
0x00007ffb70640000 - 0x00007ffb70dd3000 	C:\Windows\SYSTEM32\windows.storage.dll
0x00007ffb73120000 - 0x00007ffb73474000 	C:\Windows\System32\combase.dll
0x00007ffb71e60000 - 0x00007ffb71e8e000 	C:\Windows\SYSTEM32\Wldp.dll
0x00007ffb73ac0000 - 0x00007ffb73b6d000 	C:\Windows\System32\SHCORE.dll
0x00007ffb73020000 - 0x00007ffb73075000 	C:\Windows\System32\shlwapi.dll
0x00007ffb72510000 - 0x00007ffb7252f000 	C:\Windows\SYSTEM32\profapi.dll
0x00007ffb3e780000 - 0x00007ffb3e799000 	C:\Program Files\Microsoft\jdk-11.0.18.10-hotspot\bin\net.dll
0x00007ffb6afe0000 - 0x00007ffb6b0ea000 	C:\Windows\SYSTEM32\WINHTTP.dll
0x00007ffb71c40000 - 0x00007ffb71caa000 	C:\Windows\system32\mswsock.dll
0x00007ffb3e3c0000 - 0x00007ffb3e3d3000 	C:\Program Files\Microsoft\jdk-11.0.18.10-hotspot\bin\nio.dll

dbghelp: loaded successfully - version: 4.0.5 - missing functions: none
symbol engine: initialized successfully - sym options: 0x614 - pdb path: .;C:\Program Files\Microsoft\jdk-11.0.18.10-hotspot\bin;C:\Windows\SYSTEM32;C:\Windows\WinSxS\amd64_microsoft.windows.common-controls_6595b64144ccf1df_6.0.19041.1110_none_60b5254171f9507e;C:\Program Files\Microsoft\jdk-11.0.18.10-hotspot\bin\server

VM Arguments:
jvm_args: -Xmx64m -Xms64m -Dorg.gradle.appname=gradlew 
java_command: org.gradle.wrapper.GradleWrapperMain app:installDebug -PreactNativeDevServerPort=8081
java_class_path (initial): H:\React Native\HasnainApp\android\\gradle\wrapper\gradle-wrapper.jar
Launcher Type: SUN_STANDARD

[Global flags]
     intx CICompilerCount                          = 3                                         {product} {ergonomic}
     uint ConcGCThreads                            = 1                                         {product} {ergonomic}
     uint G1ConcRefinementThreads                  = 4                                         {product} {ergonomic}
   size_t G1HeapRegionSize                         = 1048576                                   {product} {ergonomic}
    uintx GCDrainStackTargetSize                   = 64                                        {product} {ergonomic}
   size_t InitialHeapSize                          = 67108864                                  {product} {command line}
   size_t MarkStackSize                            = 4194304                                   {product} {ergonomic}
   size_t MaxHeapSize                              = 67108864                                  {product} {command line}
   size_t MaxNewSize                               = 39845888                                  {product} {ergonomic}
   size_t MinHeapDeltaBytes                        = 1048576                                   {product} {ergonomic}
    uintx NonNMethodCodeHeapSize                   = 5830732                                {pd product} {ergonomic}
    uintx NonProfiledCodeHeapSize                  = 122913754                              {pd product} {ergonomic}
    uintx ProfiledCodeHeapSize                     = 122913754                              {pd product} {ergonomic}
    uintx ReservedCodeCacheSize                    = 251658240                              {pd product} {ergonomic}
     bool SegmentedCodeCache                       = true                                      {product} {ergonomic}
     bool UseCompressedClassPointers               = true                                 {lp64_product} {ergonomic}
     bool UseCompressedOops                        = true                                 {lp64_product} {ergonomic}
     bool UseG1GC                                  = true                                      {product} {ergonomic}
     bool UseLargePagesIndividualAllocation        = false                                  {pd product} {ergonomic}

Logging:
Log output configuration:
 #0: stdout all=warning uptime,level,tags
 #1: stderr all=off uptime,level,tags

Environment Variables:
JAVA_HOME=C:\Program Files\Microsoft\jdk-11.0.18.10-hotspot\
CLASSPATH=H:\React Native\HasnainApp\android\\gradle\wrapper\gradle-wrapper.jar
PATH=H:\React Native\HasnainApp\node_modules\.bin;H:\React Native\HasnainApp\node_modules\.bin;H:\React Native\node_modules\.bin;H:\node_modules\.bin;C:\Program Files\nodejs\node_modules\npm\node_modules\@npmcli\run-script\lib\node-gyp-bin;H:\React Native\HasnainApp\node_modules\.bin;H:\React Native\HasnainApp\node_modules\.bin;H:\React Native\node_modules\.bin;H:\node_modules\.bin;C:\Program Files\nodejs\node_modules\npm\node_modules\@npmcli\run-script\lib\node-gyp-bin;C:\Program Files\Microsoft\jdk-11.0.18.10-hotspot\bin;C:\Python311\Scripts\;C:\Python311\;C:\Windows\system32;C:\Windows;C:\Windows\System32\Wbem;C:\Windows\System32\WindowsPowerShell\v1.0\;C:\Windows\System32\OpenSSH\;C:\MinGW\bin;C:\Program Files\nodejs\;C:\Program Files\Git\cmd;C:\ProgramData\chocolatey\bin;C:\Users\hp\AppData\Local\Microsoft\WindowsApps;C:\Users\hp\AppData\Local\Programs\Microsoft VS Code\bin;C:\Users\hp\AppData\Roaming\npm;C:\Users\hp\AppData\Local\Android\Sdk\platform-tools;
USERNAME=hp
LANG=en_US.UTF-8
OS=Windows_NT
PROCESSOR_IDENTIFIER=Intel64 Family 6 Model 78 Stepping 3, GenuineIntel
TMP=C:\Users\hp\AppData\Local\Temp
TEMP=C:\Users\hp\AppData\Local\Temp



---------------  S Y S T E M  ---------------

OS: Windows 10 , 64 bit Build 19041 (10.0.19041.3031)
OS uptime: 0 days 1:57 hours
Hyper-V role detected

CPU:total 4 (initial active 4) (2 cores per cpu, 2 threads per core) family 6 model 78 stepping 3 microcode 0xf0, cmov, cx8, fxsr, mmx, sse, sse2, sse3, ssse3, sse4.1, sse4.2, popcnt, avx, avx2, aes, clmul, erms, rtm, 3dnowpref, lzcnt, ht, tsc, tscinvbit, bmi1, bmi2, adx, fma

Memory: 4k page, system-wide physical 8072M (350M free)
TotalPageFile size 8072M (AvailPageFile size 0M)
current process WorkingSet (physical memory assigned to process): 61M, peak: 61M
current process commit charge ("private bytes"): 140M, peak: 140M

vm_info: OpenJDK 64-Bit Server VM (11.0.18+10-LTS) for windows-amd64 JRE (11.0.18+10-LTS), built on Jan 18 2023 15:56:47 by "MicrosoftCorporation" with MS VC++ 15.9 (VS2017)

END.
