#
# There is insufficient memory for the Java Runtime Environment to continue.
# Native memory allocation (malloc) failed to allocate 1347056 bytes for Chunk::new
# Possible reasons:
#   The system is out of physical RAM or swap space
#   The process is running with CompressedOops enabled, and the Java Heap may be blocking the growth of the native heap
# Possible solutions:
#   Reduce memory load on the system
#   Increase physical memory or swap space
#   Check if swap backing store is full
#   Decrease Java heap size (-Xmx/-Xms)
#   Decrease number of Java threads
#   Decrease Java thread stack sizes (-Xss)
#   Set larger code cache with -XX:ReservedCodeCacheSize=
#   JVM is running with Unscaled Compressed Oops mode in which the Java heap is
#     placed in the first 4GB address space. The Java Heap base address is the
#     maximum limit for the native heap growth. Please use -XX:HeapBaseMinAddress
#     to set the Java Heap base and to place the Java Heap above 4GB virtual address.
# This output file may be truncated or incomplete.
#
#  Out of Memory Error (./src/hotspot/share/memory/arena.cpp:197), pid=1800, tid=3724
#
# JRE version: OpenJDK Runtime Environment Microsoft-7208460 (11.0.18+10) (build 11.0.18+10-LTS)
# Java VM: OpenJDK 64-Bit Server VM Microsoft-7208460 (11.0.18+10-LTS, mixed mode, tiered, compressed oops, g1 gc, windows-amd64)
# No core dump will be written. Minidumps are not enabled by default on client versions of Windows
#

---------------  S U M M A R Y ------------

Command Line: -XX:MaxMetaspaceSize=512m --add-opens=java.base/java.util=ALL-UNNAMED --add-opens=java.base/java.lang=ALL-UNNAMED --add-opens=java.base/java.lang.invoke=ALL-UNNAMED --add-opens=java.prefs/java.util.prefs=ALL-UNNAMED --add-opens=java.base/java.nio.charset=ALL-UNNAMED --add-opens=java.base/java.net=ALL-UNNAMED --add-opens=java.base/java.util.concurrent.atomic=ALL-UNNAMED -Xmx2048m -Dfile.encoding=windows-1252 -Duser.country=US -Duser.language=en -Duser.variant org.gradle.launcher.daemon.bootstrap.GradleDaemon 8.0.1

Host: Intel(R) Core(TM) i5-6300U CPU @ 2.40GHz, 4 cores, 7G,  Windows 10 , 64 bit Build 19041 (10.0.19041.3031)
Time: Sun Jul  9 08:53:11 2023 Pakistan Standard Time elapsed time: 15.391559 seconds (0d 0h 0m 15s)

---------------  T H R E A D  ---------------

Current thread (0x000002d4c7e13000):  JavaThread "C2 CompilerThread0" daemon [_thread_in_native, id=3724, stack(0x000000e189c00000,0x000000e189d00000)]


Current CompileTask:
C2:  15391 3726       4       groovy.lang.MetaClassImpl$1MOPIter::methodNameAction (325 bytes)

Stack: [0x000000e189c00000,0x000000e189d00000]
Native frames: (J=compiled Java code, j=interpreted, Vv=VM code, C=native code)
V  [jvm.dll+0x62bf8a]
V  [jvm.dll+0x7b8fb9]
V  [jvm.dll+0x7ba6a8]
V  [jvm.dll+0x7bad83]
V  [jvm.dll+0x250248]
V  [jvm.dll+0xc260c]
V  [jvm.dll+0xc2bcc]
V  [jvm.dll+0x35e1c7]
V  [jvm.dll+0x19ede1]
V  [jvm.dll+0x209495]
V  [jvm.dll+0x20850d]
V  [jvm.dll+0x18a4b1]
V  [jvm.dll+0x217eec]
V  [jvm.dll+0x21612b]
V  [jvm.dll+0x77bac0]
V  [jvm.dll+0x7749f4]
V  [jvm.dll+0x62adf5]
C  [ucrtbase.dll+0x21bb2]
C  [KERNEL32.DLL+0x17614]
C  [ntdll.dll+0x526f1]


---------------  P R O C E S S  ---------------

Threads class SMR info:
_java_thread_list=0x000002d4cc675710, length=36, elements={
0x000002d4a8c4e800, 0x000002d4c74af000, 0x000002d4c749e000, 0x000002d4c74ff800,
0x000002d4c7501800, 0x000002d4c7503000, 0x000002d4c7e13000, 0x000002d4c7e1c000,
0x000002d4c750e000, 0x000002d4c7f6f000, 0x000002d4c940a800, 0x000002d4c952e800,
0x000002d4c9ea5000, 0x000002d4c992d800, 0x000002d4c954d800, 0x000002d4c9594800,
0x000002d4c9da7000, 0x000002d4c9dc6800, 0x000002d4c9e8d800, 0x000002d4c970a800,
0x000002d4c8d32800, 0x000002d4c8d30000, 0x000002d4c8d31000, 0x000002d4c8d2d800,
0x000002d4c8d2d000, 0x000002d4c8d2e800, 0x000002d4c8d2f000, 0x000002d4c8d33800,
0x000002d4c8d31800, 0x000002d4ca319000, 0x000002d4ca31d000, 0x000002d4cc253800,
0x000002d4ca31e800, 0x000002d4ca31f800, 0x000002d4ca31a800, 0x000002d4ca321000
}

Java Threads: ( => current thread )
  0x000002d4a8c4e800 JavaThread "main" [_thread_blocked, id=6092, stack(0x000000e189000000,0x000000e189100000)]
  0x000002d4c74af000 JavaThread "Reference Handler" daemon [_thread_blocked, id=8176, stack(0x000000e189700000,0x000000e189800000)]
  0x000002d4c749e000 JavaThread "Finalizer" daemon [_thread_blocked, id=8368, stack(0x000000e189800000,0x000000e189900000)]
  0x000002d4c74ff800 JavaThread "Signal Dispatcher" daemon [_thread_blocked, id=6888, stack(0x000000e189900000,0x000000e189a00000)]
  0x000002d4c7501800 JavaThread "Attach Listener" daemon [_thread_blocked, id=11096, stack(0x000000e189a00000,0x000000e189b00000)]
  0x000002d4c7503000 JavaThread "Service Thread" daemon [_thread_blocked, id=9060, stack(0x000000e189b00000,0x000000e189c00000)]
=>0x000002d4c7e13000 JavaThread "C2 CompilerThread0" daemon [_thread_in_native, id=3724, stack(0x000000e189c00000,0x000000e189d00000)]
  0x000002d4c7e1c000 JavaThread "C1 CompilerThread0" daemon [_thread_blocked, id=5740, stack(0x000000e189d00000,0x000000e189e00000)]
  0x000002d4c750e000 JavaThread "Sweeper thread" daemon [_thread_blocked, id=2384, stack(0x000000e189e00000,0x000000e189f00000)]
  0x000002d4c7f6f000 JavaThread "Common-Cleaner" daemon [_thread_blocked, id=7020, stack(0x000000e189f00000,0x000000e18a000000)]
  0x000002d4c940a800 JavaThread "Daemon health stats" [_thread_blocked, id=3896, stack(0x000000e18a300000,0x000000e18a400000)]
  0x000002d4c952e800 JavaThread "Incoming local TCP Connector on port 63971" [_thread_in_native, id=10596, stack(0x000000e18a400000,0x000000e18a500000)]
  0x000002d4c9ea5000 JavaThread "Daemon periodic checks" [_thread_blocked, id=7692, stack(0x000000e18a500000,0x000000e18a600000)]
  0x000002d4c992d800 JavaThread "Daemon" [_thread_blocked, id=4508, stack(0x000000e18a600000,0x000000e18a700000)]
  0x000002d4c954d800 JavaThread "Handler for socket connection from /127.0.0.1:63971 to /127.0.0.1:63972" [_thread_in_native, id=10716, stack(0x000000e18a700000,0x000000e18a800000)]
  0x000002d4c9594800 JavaThread "Cancel handler" [_thread_blocked, id=8220, stack(0x000000e18a800000,0x000000e18a900000)]
  0x000002d4c9da7000 JavaThread "Daemon worker" [_thread_in_native, id=6296, stack(0x000000e18a900000,0x000000e18aa00000)]
  0x000002d4c9dc6800 JavaThread "Asynchronous log dispatcher for DefaultDaemonConnection: socket connection from /127.0.0.1:63971 to /127.0.0.1:63972" [_thread_blocked, id=10428, stack(0x000000e18aa00000,0x000000e18ab00000)]
  0x000002d4c9e8d800 JavaThread "Stdin handler" [_thread_blocked, id=10376, stack(0x000000e18ab00000,0x000000e18ac00000)]
  0x000002d4c970a800 JavaThread "Daemon client event forwarder" [_thread_blocked, id=8768, stack(0x000000e18ac00000,0x000000e18ad00000)]
  0x000002d4c8d32800 JavaThread "Cache worker for journal cache (C:\Users\hp\.gradle\caches\journal-1)" [_thread_blocked, id=7164, stack(0x000000e18ae00000,0x000000e18af00000)]
  0x000002d4c8d30000 JavaThread "File lock request listener" [_thread_in_native, id=11172, stack(0x000000e18af00000,0x000000e18b000000)]
  0x000002d4c8d31000 JavaThread "Cache worker for file hash cache (C:\Users\hp\.gradle\caches\8.0.1\fileHashes)" [_thread_blocked, id=3692, stack(0x000000e18b000000,0x000000e18b100000)]
  0x000002d4c8d2d800 JavaThread "File watcher server" daemon [_thread_in_native, id=6672, stack(0x000000e18b100000,0x000000e18b200000)]
  0x000002d4c8d2d000 JavaThread "File watcher consumer" daemon [_thread_blocked, id=10432, stack(0x000000e18b200000,0x000000e18b300000)]
  0x000002d4c8d2e800 JavaThread "Cache worker for checksums cache (H:\React Native\HasnainApp\android\.gradle\8.0.1\checksums)" [_thread_blocked, id=676, stack(0x000000e18b300000,0x000000e18b400000)]
  0x000002d4c8d2f000 JavaThread "Cache worker for cache directory md-rule (C:\Users\hp\.gradle\caches\8.0.1\md-rule)" [_thread_blocked, id=2068, stack(0x000000e18b400000,0x000000e18b500000)]
  0x000002d4c8d33800 JavaThread "Cache worker for file content cache (C:\Users\hp\.gradle\caches\8.0.1\fileContent)" [_thread_blocked, id=4024, stack(0x000000e18b500000,0x000000e18b600000)]
  0x000002d4c8d31800 JavaThread "Cache worker for file hash cache (H:\React Native\HasnainApp\android\.gradle\8.0.1\fileHashes)" [_thread_blocked, id=9124, stack(0x000000e18b600000,0x000000e18b700000)]
  0x000002d4ca319000 JavaThread "Cache worker for cache directory md-supplier (C:\Users\hp\.gradle\caches\8.0.1\md-supplier)" [_thread_blocked, id=9980, stack(0x000000e18b700000,0x000000e18b800000)]
  0x000002d4ca31d000 JavaThread "Cache worker for execution history cache (C:\Users\hp\.gradle\caches\8.0.1\executionHistory)" [_thread_blocked, id=10416, stack(0x000000e18b800000,0x000000e18b900000)]
  0x000002d4cc253800 JavaThread "C2 CompilerThread1" daemon [_thread_blocked, id=7420, stack(0x000000e18b900000,0x000000e18ba00000)]
  0x000002d4ca31e800 JavaThread "jar transforms" [_thread_blocked, id=9160, stack(0x000000e18ba00000,0x000000e18bb00000)]
  0x000002d4ca31f800 JavaThread "jar transforms Thread 2" [_thread_blocked, id=9144, stack(0x000000e18bb00000,0x000000e18bc00000)]
  0x000002d4ca31a800 JavaThread "jar transforms Thread 3" [_thread_blocked, id=1768, stack(0x000000e18bc00000,0x000000e18bd00000)]
  0x000002d4ca321000 JavaThread "jar transforms Thread 4" [_thread_blocked, id=1992, stack(0x000000e18bd00000,0x000000e18be00000)]

Other Threads:
  0x000002d4c749b800 VMThread "VM Thread" [stack: 0x000000e189600000,0x000000e189700000] [id=3552]
  0x000002d4c7f8c800 WatcherThread [stack: 0x000000e18a000000,0x000000e18a100000] [id=5016]
  0x000002d4a8c67800 GCTaskThread "GC Thread#0" [stack: 0x000000e189100000,0x000000e189200000] [id=964]
  0x000002d4c8318800 GCTaskThread "GC Thread#1" [stack: 0x000000e18a100000,0x000000e18a200000] [id=8820]
  0x000002d4c8319800 GCTaskThread "GC Thread#2" [stack: 0x000000e18a200000,0x000000e18a300000] [id=8920]
  0x000002d4c9e8e800 GCTaskThread "GC Thread#3" [stack: 0x000000e18ad00000,0x000000e18ae00000] [id=3756]
  0x000002d4a8c99800 ConcurrentGCThread "G1 Main Marker" [stack: 0x000000e189200000,0x000000e189300000] [id=3232]
  0x000002d4a8c9a800 ConcurrentGCThread "G1 Conc#0" [stack: 0x000000e189300000,0x000000e189400000] [id=10016]
  0x000002d4a8d2a000 ConcurrentGCThread "G1 Refine#0" [stack: 0x000000e189400000,0x000000e189500000] [id=4320]
  0x000002d4a8d2b800 ConcurrentGCThread "G1 Young RemSet Sampling" [stack: 0x000000e189500000,0x000000e189600000] [id=6568]

Threads with active compile tasks:
C2 CompilerThread0    15447 3726       4       groovy.lang.MetaClassImpl$1MOPIter::methodNameAction (325 bytes)

VM state:not at safepoint (normal execution)

VM Mutex/Monitor currently owned by a thread: None

Heap address: 0x0000000080000000, size: 2048 MB, Compressed Oops mode: 32-bit
Narrow klass base: 0x0000000000000000, Narrow klass shift: 3
Compressed class space size: 528482304 Address: 0x0000000100000000

Heap:
 garbage-first heap   total 131072K, used 33921K [0x0000000080000000, 0x0000000100000000)
  region size 1024K, 15 young (15360K), 9 survivors (9216K)
 Metaspace       used 41108K, capacity 42273K, committed 42576K, reserved 555008K
  class space    used 5148K, capacity 5555K, committed 5632K, reserved 516096K
Heap Regions: E=young(eden), S=young(survivor), O=old, HS=humongous(starts), HC=humongous(continues), CS=collection set, F=free, A=archive, TAMS=top-at-mark-start (previous, next)
|   0|0x0000000080000000, 0x0000000080100000, 0x0000000080100000|100%| O|  |TAMS 0x0000000080100000, 0x0000000080000000| Untracked 
|   1|0x0000000080100000, 0x0000000080200000, 0x0000000080200000|100%| O|  |TAMS 0x0000000080200000, 0x0000000080100000| Untracked 
|   2|0x0000000080200000, 0x0000000080300000, 0x0000000080300000|100%| O|  |TAMS 0x0000000080300000, 0x0000000080200000| Untracked 
|   3|0x0000000080300000, 0x0000000080400000, 0x0000000080400000|100%|HS|  |TAMS 0x0000000080400000, 0x0000000080300000| Complete 
|   4|0x0000000080400000, 0x0000000080500000, 0x0000000080500000|100%|HC|  |TAMS 0x0000000080500000, 0x0000000080400000| Complete 
|   5|0x0000000080500000, 0x0000000080600000, 0x0000000080600000|100%|HC|  |TAMS 0x0000000080600000, 0x0000000080500000| Complete 
|   6|0x0000000080600000, 0x0000000080700000, 0x0000000080700000|100%|HC|  |TAMS 0x0000000080700000, 0x0000000080600000| Complete 
|   7|0x0000000080700000, 0x0000000080800000, 0x0000000080800000|100%| O|  |TAMS 0x0000000080800000, 0x0000000080700000| Untracked 
|   8|0x0000000080800000, 0x0000000080900000, 0x0000000080900000|100%| O|  |TAMS 0x0000000080900000, 0x0000000080800000| Untracked 
|   9|0x0000000080900000, 0x0000000080a00000, 0x0000000080a00000|100%| O|  |TAMS 0x0000000080a00000, 0x0000000080900000| Untracked 
|  10|0x0000000080a00000, 0x0000000080b00000, 0x0000000080b00000|100%| O|  |TAMS 0x0000000080b00000, 0x0000000080a00000| Untracked 
|  11|0x0000000080b00000, 0x0000000080c00000, 0x0000000080c00000|100%| O|  |TAMS 0x0000000080c00000, 0x0000000080b00000| Untracked 
|  12|0x0000000080c00000, 0x0000000080d00000, 0x0000000080d00000|100%| O|  |TAMS 0x0000000080d00000, 0x0000000080c00000| Untracked 
|  13|0x0000000080d00000, 0x0000000080e00000, 0x0000000080e00000|100%| O|  |TAMS 0x0000000080e00000, 0x0000000080d00000| Untracked 
|  14|0x0000000080e00000, 0x0000000080f00000, 0x0000000080f00000|100%| O|  |TAMS 0x0000000080f00000, 0x0000000080e00000| Untracked 
|  15|0x0000000080f00000, 0x0000000081000000, 0x0000000081000000|100%| O|  |TAMS 0x0000000081000000, 0x0000000080f00000| Untracked 
|  16|0x0000000081000000, 0x0000000081100000, 0x0000000081100000|100%| O|  |TAMS 0x0000000081100000, 0x0000000081000000| Untracked 
|  17|0x0000000081100000, 0x0000000081100000, 0x0000000081200000|  0%| F|  |TAMS 0x0000000081100000, 0x0000000081100000| Untracked 
|  18|0x0000000081200000, 0x0000000081200000, 0x0000000081300000|  0%| F|  |TAMS 0x0000000081200000, 0x0000000081200000| Untracked 
|  19|0x0000000081300000, 0x0000000081300000, 0x0000000081400000|  0%| F|  |TAMS 0x0000000081300000, 0x0000000081300000| Untracked 
|  20|0x0000000081400000, 0x0000000081500000, 0x0000000081500000|100%| O|  |TAMS 0x0000000081500000, 0x0000000081400000| Untracked 
|  21|0x0000000081500000, 0x0000000081600000, 0x0000000081600000|100%| O|  |TAMS 0x0000000081600000, 0x0000000081500000| Untracked 
|  22|0x0000000081600000, 0x0000000081622c08, 0x0000000081700000| 13%| O|  |TAMS 0x0000000081622c08, 0x0000000081600000| Untracked 
|  23|0x0000000081700000, 0x0000000081700000, 0x0000000081800000|  0%| F|  |TAMS 0x0000000081700000, 0x0000000081700000| Untracked 
|  24|0x0000000081800000, 0x0000000081800000, 0x0000000081900000|  0%| F|  |TAMS 0x0000000081800000, 0x0000000081800000| Untracked 
|  25|0x0000000081900000, 0x0000000081900000, 0x0000000081a00000|  0%| F|  |TAMS 0x0000000081900000, 0x0000000081900000| Untracked 
|  26|0x0000000081a00000, 0x0000000081a00000, 0x0000000081b00000|  0%| F|  |TAMS 0x0000000081a00000, 0x0000000081a00000| Untracked 
|  27|0x0000000081b00000, 0x0000000081b00000, 0x0000000081c00000|  0%| F|  |TAMS 0x0000000081b00000, 0x0000000081b00000| Untracked 
|  28|0x0000000081c00000, 0x0000000081c00000, 0x0000000081d00000|  0%| F|  |TAMS 0x0000000081c00000, 0x0000000081c00000| Untracked 
|  29|0x0000000081d00000, 0x0000000081d00000, 0x0000000081e00000|  0%| F|  |TAMS 0x0000000081d00000, 0x0000000081d00000| Untracked 
|  30|0x0000000081e00000, 0x0000000081e00000, 0x0000000081f00000|  0%| F|  |TAMS 0x0000000081e00000, 0x0000000081e00000| Untracked 
|  31|0x0000000081f00000, 0x0000000081f00000, 0x0000000082000000|  0%| F|  |TAMS 0x0000000081f00000, 0x0000000081f00000| Untracked 
|  32|0x0000000082000000, 0x0000000082000000, 0x0000000082100000|  0%| F|  |TAMS 0x0000000082000000, 0x0000000082000000| Untracked 
|  33|0x0000000082100000, 0x0000000082100000, 0x0000000082200000|  0%| F|  |TAMS 0x0000000082100000, 0x0000000082100000| Untracked 
|  34|0x0000000082200000, 0x0000000082200000, 0x0000000082300000|  0%| F|  |TAMS 0x0000000082200000, 0x0000000082200000| Untracked 
|  35|0x0000000082300000, 0x0000000082300000, 0x0000000082400000|  0%| F|  |TAMS 0x0000000082300000, 0x0000000082300000| Untracked 
|  36|0x0000000082400000, 0x0000000082400000, 0x0000000082500000|  0%| F|  |TAMS 0x0000000082400000, 0x0000000082400000| Untracked 
|  37|0x0000000082500000, 0x0000000082500000, 0x0000000082600000|  0%| F|  |TAMS 0x0000000082500000, 0x0000000082500000| Untracked 
|  38|0x0000000082600000, 0x0000000082600000, 0x0000000082700000|  0%| F|  |TAMS 0x0000000082600000, 0x0000000082600000| Untracked 
|  39|0x0000000082700000, 0x0000000082700000, 0x0000000082800000|  0%| F|  |TAMS 0x0000000082700000, 0x0000000082700000| Untracked 
|  40|0x0000000082800000, 0x0000000082800000, 0x0000000082900000|  0%| F|  |TAMS 0x0000000082800000, 0x0000000082800000| Untracked 
|  41|0x0000000082900000, 0x0000000082900000, 0x0000000082a00000|  0%| F|  |TAMS 0x0000000082900000, 0x0000000082900000| Untracked 
|  42|0x0000000082a00000, 0x0000000082a00000, 0x0000000082b00000|  0%| F|  |TAMS 0x0000000082a00000, 0x0000000082a00000| Untracked 
|  43|0x0000000082b00000, 0x0000000082b00000, 0x0000000082c00000|  0%| F|  |TAMS 0x0000000082b00000, 0x0000000082b00000| Untracked 
|  44|0x0000000082c00000, 0x0000000082c00000, 0x0000000082d00000|  0%| F|  |TAMS 0x0000000082c00000, 0x0000000082c00000| Untracked 
|  45|0x0000000082d00000, 0x0000000082d00000, 0x0000000082e00000|  0%| F|  |TAMS 0x0000000082d00000, 0x0000000082d00000| Untracked 
|  46|0x0000000082e00000, 0x0000000082e00000, 0x0000000082f00000|  0%| F|  |TAMS 0x0000000082e00000, 0x0000000082e00000| Untracked 
|  47|0x0000000082f00000, 0x0000000082f00000, 0x0000000083000000|  0%| F|  |TAMS 0x0000000082f00000, 0x0000000082f00000| Untracked 
|  48|0x0000000083000000, 0x0000000083000000, 0x0000000083100000|  0%| F|  |TAMS 0x0000000083000000, 0x0000000083000000| Untracked 
|  49|0x0000000083100000, 0x0000000083100000, 0x0000000083200000|  0%| F|  |TAMS 0x0000000083100000, 0x0000000083100000| Untracked 
|  50|0x0000000083200000, 0x0000000083200000, 0x0000000083300000|  0%| F|  |TAMS 0x0000000083200000, 0x0000000083200000| Untracked 
|  51|0x0000000083300000, 0x00000000833fd9b0, 0x0000000083400000| 99%| S|CS|TAMS 0x0000000083300000, 0x0000000083300000| Complete 
|  52|0x0000000083400000, 0x0000000083500000, 0x0000000083500000|100%| S|CS|TAMS 0x0000000083400000, 0x0000000083400000| Complete 
|  53|0x0000000083500000, 0x0000000083600000, 0x0000000083600000|100%| S|CS|TAMS 0x0000000083500000, 0x0000000083500000| Complete 
|  54|0x0000000083600000, 0x0000000083700000, 0x0000000083700000|100%| S|CS|TAMS 0x0000000083600000, 0x0000000083600000| Complete 
|  55|0x0000000083700000, 0x0000000083800000, 0x0000000083800000|100%| S|CS|TAMS 0x0000000083700000, 0x0000000083700000| Complete 
|  56|0x0000000083800000, 0x0000000083900000, 0x0000000083900000|100%| S|CS|TAMS 0x0000000083800000, 0x0000000083800000| Complete 
|  57|0x0000000083900000, 0x0000000083a00000, 0x0000000083a00000|100%| S|CS|TAMS 0x0000000083900000, 0x0000000083900000| Complete 
|  58|0x0000000083a00000, 0x0000000083b00000, 0x0000000083b00000|100%| S|CS|TAMS 0x0000000083a00000, 0x0000000083a00000| Complete 
|  59|0x0000000083b00000, 0x0000000083c00000, 0x0000000083c00000|100%| S|CS|TAMS 0x0000000083b00000, 0x0000000083b00000| Complete 
|  60|0x0000000083c00000, 0x0000000083c00000, 0x0000000083d00000|  0%| F|  |TAMS 0x0000000083c00000, 0x0000000083c00000| Untracked 
|  61|0x0000000083d00000, 0x0000000083d00000, 0x0000000083e00000|  0%| F|  |TAMS 0x0000000083d00000, 0x0000000083d00000| Untracked 
|  62|0x0000000083e00000, 0x0000000083e00000, 0x0000000083f00000|  0%| F|  |TAMS 0x0000000083e00000, 0x0000000083e00000| Untracked 
|  63|0x0000000083f00000, 0x0000000083f00000, 0x0000000084000000|  0%| F|  |TAMS 0x0000000083f00000, 0x0000000083f00000| Untracked 
|  64|0x0000000084000000, 0x0000000084000000, 0x0000000084100000|  0%| F|  |TAMS 0x0000000084000000, 0x0000000084000000| Untracked 
|  65|0x0000000084100000, 0x0000000084100000, 0x0000000084200000|  0%| F|  |TAMS 0x0000000084100000, 0x0000000084100000| Untracked 
|  66|0x0000000084200000, 0x0000000084200000, 0x0000000084300000|  0%| F|  |TAMS 0x0000000084200000, 0x0000000084200000| Untracked 
|  67|0x0000000084300000, 0x0000000084300000, 0x0000000084400000|  0%| F|  |TAMS 0x0000000084300000, 0x0000000084300000| Untracked 
|  68|0x0000000084400000, 0x0000000084400000, 0x0000000084500000|  0%| F|  |TAMS 0x0000000084400000, 0x0000000084400000| Untracked 
|  69|0x0000000084500000, 0x0000000084500000, 0x0000000084600000|  0%| F|  |TAMS 0x0000000084500000, 0x0000000084500000| Untracked 
|  70|0x0000000084600000, 0x0000000084600000, 0x0000000084700000|  0%| F|  |TAMS 0x0000000084600000, 0x0000000084600000| Untracked 
|  71|0x0000000084700000, 0x0000000084700000, 0x0000000084800000|  0%| F|  |TAMS 0x0000000084700000, 0x0000000084700000| Untracked 
|  72|0x0000000084800000, 0x0000000084800000, 0x0000000084900000|  0%| F|  |TAMS 0x0000000084800000, 0x0000000084800000| Untracked 
|  73|0x0000000084900000, 0x0000000084900000, 0x0000000084a00000|  0%| F|  |TAMS 0x0000000084900000, 0x0000000084900000| Untracked 
|  74|0x0000000084a00000, 0x0000000084a00000, 0x0000000084b00000|  0%| F|  |TAMS 0x0000000084a00000, 0x0000000084a00000| Untracked 
|  75|0x0000000084b00000, 0x0000000084b00000, 0x0000000084c00000|  0%| F|  |TAMS 0x0000000084b00000, 0x0000000084b00000| Untracked 
|  76|0x0000000084c00000, 0x0000000084c00000, 0x0000000084d00000|  0%| F|  |TAMS 0x0000000084c00000, 0x0000000084c00000| Untracked 
|  77|0x0000000084d00000, 0x0000000084d00000, 0x0000000084e00000|  0%| F|  |TAMS 0x0000000084d00000, 0x0000000084d00000| Untracked 
|  78|0x0000000084e00000, 0x0000000084e00000, 0x0000000084f00000|  0%| F|  |TAMS 0x0000000084e00000, 0x0000000084e00000| Untracked 
|  79|0x0000000084f00000, 0x0000000084f00000, 0x0000000085000000|  0%| F|  |TAMS 0x0000000084f00000, 0x0000000084f00000| Untracked 
|  80|0x0000000085000000, 0x0000000085000000, 0x0000000085100000|  0%| F|  |TAMS 0x0000000085000000, 0x0000000085000000| Untracked 
|  81|0x0000000085100000, 0x0000000085100000, 0x0000000085200000|  0%| F|  |TAMS 0x0000000085100000, 0x0000000085100000| Untracked 
|  82|0x0000000085200000, 0x0000000085200000, 0x0000000085300000|  0%| F|  |TAMS 0x0000000085200000, 0x0000000085200000| Untracked 
|  83|0x0000000085300000, 0x0000000085300000, 0x0000000085400000|  0%| F|  |TAMS 0x0000000085300000, 0x0000000085300000| Untracked 
|  84|0x0000000085400000, 0x0000000085400000, 0x0000000085500000|  0%| F|  |TAMS 0x0000000085400000, 0x0000000085400000| Untracked 
|  85|0x0000000085500000, 0x0000000085500000, 0x0000000085600000|  0%| F|  |TAMS 0x0000000085500000, 0x0000000085500000| Untracked 
|  86|0x0000000085600000, 0x0000000085600000, 0x0000000085700000|  0%| F|  |TAMS 0x0000000085600000, 0x0000000085600000| Untracked 
|  87|0x0000000085700000, 0x0000000085700000, 0x0000000085800000|  0%| F|  |TAMS 0x0000000085700000, 0x0000000085700000| Untracked 
|  88|0x0000000085800000, 0x0000000085800000, 0x0000000085900000|  0%| F|  |TAMS 0x0000000085800000, 0x0000000085800000| Untracked 
|  89|0x0000000085900000, 0x0000000085900000, 0x0000000085a00000|  0%| F|  |TAMS 0x0000000085900000, 0x0000000085900000| Untracked 
|  90|0x0000000085a00000, 0x0000000085a00000, 0x0000000085b00000|  0%| F|  |TAMS 0x0000000085a00000, 0x0000000085a00000| Untracked 
|  91|0x0000000085b00000, 0x0000000085b00000, 0x0000000085c00000|  0%| F|  |TAMS 0x0000000085b00000, 0x0000000085b00000| Untracked 
|  92|0x0000000085c00000, 0x0000000085c00000, 0x0000000085d00000|  0%| F|  |TAMS 0x0000000085c00000, 0x0000000085c00000| Untracked 
|  93|0x0000000085d00000, 0x0000000085d00000, 0x0000000085e00000|  0%| F|  |TAMS 0x0000000085d00000, 0x0000000085d00000| Untracked 
|  94|0x0000000085e00000, 0x0000000085e00000, 0x0000000085f00000|  0%| F|  |TAMS 0x0000000085e00000, 0x0000000085e00000| Untracked 
|  95|0x0000000085f00000, 0x0000000085f00000, 0x0000000086000000|  0%| F|  |TAMS 0x0000000085f00000, 0x0000000085f00000| Untracked 
|  96|0x0000000086000000, 0x0000000086000000, 0x0000000086100000|  0%| F|  |TAMS 0x0000000086000000, 0x0000000086000000| Untracked 
|  97|0x0000000086100000, 0x0000000086100000, 0x0000000086200000|  0%| F|  |TAMS 0x0000000086100000, 0x0000000086100000| Untracked 
|  98|0x0000000086200000, 0x0000000086200000, 0x0000000086300000|  0%| F|  |TAMS 0x0000000086200000, 0x0000000086200000| Untracked 
|  99|0x0000000086300000, 0x0000000086300000, 0x0000000086400000|  0%| F|  |TAMS 0x0000000086300000, 0x0000000086300000| Untracked 
| 100|0x0000000086400000, 0x0000000086400000, 0x0000000086500000|  0%| F|  |TAMS 0x0000000086400000, 0x0000000086400000| Untracked 
| 101|0x0000000086500000, 0x0000000086500000, 0x0000000086600000|  0%| F|  |TAMS 0x0000000086500000, 0x0000000086500000| Untracked 
| 102|0x0000000086600000, 0x0000000086600000, 0x0000000086700000|  0%| F|  |TAMS 0x0000000086600000, 0x0000000086600000| Untracked 
| 103|0x0000000086700000, 0x0000000086700000, 0x0000000086800000|  0%| F|  |TAMS 0x0000000086700000, 0x0000000086700000| Untracked 
| 104|0x0000000086800000, 0x0000000086800000, 0x0000000086900000|  0%| F|  |TAMS 0x0000000086800000, 0x0000000086800000| Untracked 
| 105|0x0000000086900000, 0x0000000086900000, 0x0000000086a00000|  0%| F|  |TAMS 0x0000000086900000, 0x0000000086900000| Untracked 
| 106|0x0000000086a00000, 0x0000000086a00000, 0x0000000086b00000|  0%| F|  |TAMS 0x0000000086a00000, 0x0000000086a00000| Untracked 
| 107|0x0000000086b00000, 0x0000000086b00000, 0x0000000086c00000|  0%| F|  |TAMS 0x0000000086b00000, 0x0000000086b00000| Untracked 
| 108|0x0000000086c00000, 0x0000000086c00000, 0x0000000086d00000|  0%| F|  |TAMS 0x0000000086c00000, 0x0000000086c00000| Untracked 
| 109|0x0000000086d00000, 0x0000000086d00000, 0x0000000086e00000|  0%| F|  |TAMS 0x0000000086d00000, 0x0000000086d00000| Untracked 
| 110|0x0000000086e00000, 0x0000000086e00000, 0x0000000086f00000|  0%| F|  |TAMS 0x0000000086e00000, 0x0000000086e00000| Untracked 
| 111|0x0000000086f00000, 0x0000000086f00000, 0x0000000087000000|  0%| F|  |TAMS 0x0000000086f00000, 0x0000000086f00000| Untracked 
| 112|0x0000000087000000, 0x0000000087000000, 0x0000000087100000|  0%| F|  |TAMS 0x0000000087000000, 0x0000000087000000| Untracked 
| 113|0x0000000087100000, 0x0000000087100000, 0x0000000087200000|  0%| F|  |TAMS 0x0000000087100000, 0x0000000087100000| Untracked 
| 114|0x0000000087200000, 0x0000000087200000, 0x0000000087300000|  0%| F|  |TAMS 0x0000000087200000, 0x0000000087200000| Untracked 
| 115|0x0000000087300000, 0x0000000087300000, 0x0000000087400000|  0%| F|  |TAMS 0x0000000087300000, 0x0000000087300000| Untracked 
| 116|0x0000000087400000, 0x0000000087400000, 0x0000000087500000|  0%| F|  |TAMS 0x0000000087400000, 0x0000000087400000| Untracked 
| 117|0x0000000087500000, 0x0000000087500000, 0x0000000087600000|  0%| F|  |TAMS 0x0000000087500000, 0x0000000087500000| Untracked 
| 118|0x0000000087600000, 0x0000000087600000, 0x0000000087700000|  0%| F|  |TAMS 0x0000000087600000, 0x0000000087600000| Untracked 
| 119|0x0000000087700000, 0x0000000087700000, 0x0000000087800000|  0%| F|  |TAMS 0x0000000087700000, 0x0000000087700000| Untracked 
| 120|0x0000000087800000, 0x0000000087800000, 0x0000000087900000|  0%| F|  |TAMS 0x0000000087800000, 0x0000000087800000| Untracked 
| 121|0x0000000087900000, 0x0000000087900000, 0x0000000087a00000|  0%| F|  |TAMS 0x0000000087900000, 0x0000000087900000| Untracked 
| 122|0x0000000087a00000, 0x0000000087a80800, 0x0000000087b00000| 50%| E|  |TAMS 0x0000000087a00000, 0x0000000087a00000| Complete 
| 123|0x0000000087b00000, 0x0000000087c00000, 0x0000000087c00000|100%| E|CS|TAMS 0x0000000087b00000, 0x0000000087b00000| Complete 
| 124|0x0000000087c00000, 0x0000000087d00000, 0x0000000087d00000|100%| E|CS|TAMS 0x0000000087c00000, 0x0000000087c00000| Complete 
| 125|0x0000000087d00000, 0x0000000087e00000, 0x0000000087e00000|100%| E|CS|TAMS 0x0000000087d00000, 0x0000000087d00000| Complete 
| 126|0x0000000087e00000, 0x0000000087f00000, 0x0000000087f00000|100%| E|CS|TAMS 0x0000000087e00000, 0x0000000087e00000| Complete 
| 127|0x0000000087f00000, 0x0000000088000000, 0x0000000088000000|100%| E|CS|TAMS 0x0000000087f00000, 0x0000000087f00000| Complete 

Card table byte_map: [0x000002d4c07d0000,0x000002d4c0bd0000] _byte_map_base: 0x000002d4c03d0000

Marking Bits (Prev, Next): (CMBitMap*) 0x000002d4a8c90830, (CMBitMap*) 0x000002d4a8c907f8
 Prev Bits: [0x000002d4c2fd0000, 0x000002d4c4fd0000)
 Next Bits: [0x000002d4c0fd0000, 0x000002d4c2fd0000)

Polling page: 0x000002d4a6bf0000

Metaspace:

Usage:
  Non-class:     35.86 MB capacity,    35.12 MB ( 98%) used,   651.39 KB (  2%) free+waste,   106.75 KB ( <1%) overhead. 
      Class:      5.42 MB capacity,     5.03 MB ( 93%) used,   354.69 KB (  6%) free+waste,    51.88 KB ( <1%) overhead. 
       Both:     41.28 MB capacity,    40.14 MB ( 97%) used,  1006.08 KB (  2%) free+waste,   158.63 KB ( <1%) overhead. 

Virtual space:
  Non-class space:       38.00 MB reserved,      36.08 MB ( 95%) committed 
      Class space:      504.00 MB reserved,       5.50 MB (  1%) committed 
             Both:      542.00 MB reserved,      41.58 MB (  8%) committed 

Chunk freelists:
   Non-Class:  34.00 KB
       Class:  1.00 KB
        Both:  35.00 KB

MaxMetaspaceSize: 512.00 MB
CompressedClassSpaceSize: 504.00 MB
Initial GC threshold: 20.80 MB
Current GC threshold: 68.46 MB
CDS: off

CodeHeap 'non-profiled nmethods': size=120064Kb used=1918Kb max_used=1918Kb free=118145Kb
 bounds [0x000002d4b8e90000, 0x000002d4b9100000, 0x000002d4c03d0000]
CodeHeap 'profiled nmethods': size=120000Kb used=8120Kb max_used=8120Kb free=111879Kb
 bounds [0x000002d4b1960000, 0x000002d4b2150000, 0x000002d4b8e90000]
CodeHeap 'non-nmethods': size=5696Kb used=2275Kb max_used=2304Kb free=3420Kb
 bounds [0x000002d4b13d0000, 0x000002d4b1640000, 0x000002d4b1960000]
 total_blobs=4564 nmethods=3796 adapters=680
 compilation: enabled
              stopped_count=0, restarted_count=0
 full_count=0

Compilation events (20 events):
Event: 15.205 Thread 0x000002d4cc253800 3814       4       java.lang.invoke.LambdaForm$MH/0x0000000100060440::invoke (8 bytes)
Event: 15.206 Thread 0x000002d4cc253800 nmethod 3814 0x000002d4b906cb10 code [0x000002d4b906cca0, 0x000002d4b906cd18]
Event: 15.208 Thread 0x000002d4c7e1c000 3815   !   3       org.codehaus.groovy.vmplugin.v8.Java8::checkCanSetAccessible (49 bytes)
Event: 15.209 Thread 0x000002d4c7e1c000 nmethod 3815 0x000002d4b2148c90 code [0x000002d4b2148e80, 0x000002d4b2149408]
Event: 15.230 Thread 0x000002d4cc253800 3816       4       java.util.StringJoiner::<init> (56 bytes)
Event: 15.231 Thread 0x000002d4c7e1c000 3818       3       java.beans.PropertyDescriptor::setClass0 (25 bytes)
Event: 15.232 Thread 0x000002d4c7e1c000 nmethod 3818 0x000002d4b2149590 code [0x000002d4b21497e0, 0x000002d4b214a278]
Event: 15.234 Thread 0x000002d4c7e1c000 3819       3       java.beans.Introspector::makeQualifiedMethodName (50 bytes)
Event: 15.236 Thread 0x000002d4c7e1c000 nmethod 3819 0x000002d4b214a510 code [0x000002d4b214a7a0, 0x000002d4b214b208]
Event: 15.237 Thread 0x000002d4cc253800 nmethod 3816 0x000002d4b906ce10 code [0x000002d4b906cfc0, 0x000002d4b906d398]
Event: 15.237 Thread 0x000002d4cc253800 3817       4       java.util.StringJoiner::toString (181 bytes)
Event: 15.240 Thread 0x000002d4c7e1c000 3821       3       java.beans.FeatureDescriptor::<init> (137 bytes)
Event: 15.241 Thread 0x000002d4c7e1c000 nmethod 3821 0x000002d4b214b690 code [0x000002d4b214b940, 0x000002d4b214c738]
Event: 15.242 Thread 0x000002d4c7e1c000 3822       3       com.sun.beans.util.Cache::getEntryValue (33 bytes)
Event: 15.243 Thread 0x000002d4c7e1c000 nmethod 3822 0x000002d4b214ca90 code [0x000002d4b214cc80, 0x000002d4b214d148]
Event: 15.246 Thread 0x000002d4c7e1c000 3823       3       groovyjarjarasm.asm.SymbolTable::put (150 bytes)
Event: 15.247 Thread 0x000002d4c7e1c000 nmethod 3823 0x000002d4b214d310 code [0x000002d4b214d520, 0x000002d4b214dd78]
Event: 15.298 Thread 0x000002d4cc253800 nmethod 3817 0x000002d4b906d590 code [0x000002d4b906d7a0, 0x000002d4b906ec68]
Event: 15.298 Thread 0x000002d4cc253800 3820       4       java.util.Collections$UnmodifiableCollection$1::next (10 bytes)
Event: 15.299 Thread 0x000002d4cc253800 nmethod 3820 0x000002d4b906f790 code [0x000002d4b906f920, 0x000002d4b906f9b8]

GC Heap History (18 events):
Event: 1.122 GC heap before
{Heap before GC invocations=0 (full 0):
 garbage-first heap   total 131072K, used 13312K [0x0000000080000000, 0x0000000100000000)
  region size 1024K, 14 young (14336K), 0 survivors (0K)
 Metaspace       used 6784K, capacity 6989K, committed 7168K, reserved 524288K
  class space    used 573K, capacity 650K, committed 768K, reserved 516096K
}
Event: 1.129 GC heap after
{Heap after GC invocations=1 (full 0):
 garbage-first heap   total 131072K, used 4483K [0x0000000080000000, 0x0000000100000000)
  region size 1024K, 2 young (2048K), 2 survivors (2048K)
 Metaspace       used 6784K, capacity 6989K, committed 7168K, reserved 524288K
  class space    used 573K, capacity 650K, committed 768K, reserved 516096K
}
Event: 1.850 GC heap before
{Heap before GC invocations=1 (full 0):
 garbage-first heap   total 131072K, used 19843K [0x0000000080000000, 0x0000000100000000)
  region size 1024K, 13 young (13312K), 2 survivors (2048K)
 Metaspace       used 9920K, capacity 10118K, committed 10368K, reserved 526336K
  class space    used 1011K, capacity 1102K, committed 1152K, reserved 516096K
}
Event: 1.856 GC heap after
{Heap after GC invocations=2 (full 0):
 garbage-first heap   total 131072K, used 10652K [0x0000000080000000, 0x0000000100000000)
  region size 1024K, 2 young (2048K), 2 survivors (2048K)
 Metaspace       used 9920K, capacity 10118K, committed 10368K, reserved 526336K
  class space    used 1011K, capacity 1102K, committed 1152K, reserved 516096K
}
Event: 3.722 GC heap before
{Heap before GC invocations=2 (full 0):
 garbage-first heap   total 131072K, used 39324K [0x0000000080000000, 0x0000000100000000)
  region size 1024K, 30 young (30720K), 2 survivors (2048K)
 Metaspace       used 10983K, capacity 11263K, committed 11520K, reserved 526336K
  class space    used 1115K, capacity 1206K, committed 1280K, reserved 516096K
}
Event: 3.733 GC heap after
{Heap after GC invocations=3 (full 0):
 garbage-first heap   total 131072K, used 12911K [0x0000000080000000, 0x0000000100000000)
  region size 1024K, 4 young (4096K), 4 survivors (4096K)
 Metaspace       used 10983K, capacity 11263K, committed 11520K, reserved 526336K
  class space    used 1115K, capacity 1206K, committed 1280K, reserved 516096K
}
Event: 7.255 GC heap before
{Heap before GC invocations=3 (full 0):
 garbage-first heap   total 131072K, used 53871K [0x0000000080000000, 0x0000000100000000)
  region size 1024K, 44 young (45056K), 4 survivors (4096K)
 Metaspace       used 18176K, capacity 18550K, committed 18688K, reserved 532480K
  class space    used 2089K, capacity 2209K, committed 2304K, reserved 516096K
}
Event: 7.269 GC heap after
{Heap after GC invocations=4 (full 0):
 garbage-first heap   total 131072K, used 17396K [0x0000000080000000, 0x0000000100000000)
  region size 1024K, 6 young (6144K), 6 survivors (6144K)
 Metaspace       used 18176K, capacity 18550K, committed 18688K, reserved 532480K
  class space    used 2089K, capacity 2209K, committed 2304K, reserved 516096K
}
Event: 7.892 GC heap before
{Heap before GC invocations=4 (full 0):
 garbage-first heap   total 131072K, used 36852K [0x0000000080000000, 0x0000000100000000)
  region size 1024K, 27 young (27648K), 6 survivors (6144K)
 Metaspace       used 20828K, capacity 21192K, committed 21296K, reserved 536576K
  class space    used 2485K, capacity 2652K, committed 2688K, reserved 516096K
}
Event: 7.905 GC heap after
{Heap after GC invocations=5 (full 0):
 garbage-first heap   total 131072K, used 18318K [0x0000000080000000, 0x0000000100000000)
  region size 1024K, 1 young (1024K), 1 survivors (1024K)
 Metaspace       used 20828K, capacity 21192K, committed 21296K, reserved 536576K
  class space    used 2485K, capacity 2652K, committed 2688K, reserved 516096K
}
Event: 9.473 GC heap before
{Heap before GC invocations=6 (full 0):
 garbage-first heap   total 131072K, used 65422K [0x0000000080000000, 0x0000000100000000)
  region size 1024K, 47 young (48128K), 1 survivors (1024K)
 Metaspace       used 24977K, capacity 25556K, committed 25648K, reserved 538624K
  class space    used 3157K, capacity 3385K, committed 3456K, reserved 516096K
}
Event: 9.481 GC heap after
{Heap after GC invocations=7 (full 0):
 garbage-first heap   total 131072K, used 19739K [0x0000000080000000, 0x0000000100000000)
  region size 1024K, 3 young (3072K), 3 survivors (3072K)
 Metaspace       used 24977K, capacity 25556K, committed 25648K, reserved 538624K
  class space    used 3157K, capacity 3385K, committed 3456K, reserved 516096K
}
Event: 10.949 GC heap before
{Heap before GC invocations=7 (full 0):
 garbage-first heap   total 131072K, used 71963K [0x0000000080000000, 0x0000000100000000)
  region size 1024K, 54 young (55296K), 3 survivors (3072K)
 Metaspace       used 29986K, capacity 30670K, committed 30896K, reserved 542720K
  class space    used 3929K, capacity 4245K, committed 4352K, reserved 516096K
}
Event: 10.958 GC heap after
{Heap after GC invocations=8 (full 0):
 garbage-first heap   total 131072K, used 21595K [0x0000000080000000, 0x0000000100000000)
  region size 1024K, 5 young (5120K), 5 survivors (5120K)
 Metaspace       used 29986K, capacity 30670K, committed 30896K, reserved 542720K
  class space    used 3929K, capacity 4245K, committed 4352K, reserved 516096K
}
Event: 12.030 GC heap before
{Heap before GC invocations=8 (full 0):
 garbage-first heap   total 131072K, used 48219K [0x0000000080000000, 0x0000000100000000)
  region size 1024K, 32 young (32768K), 5 survivors (5120K)
 Metaspace       used 34950K, capacity 35784K, committed 35920K, reserved 548864K
  class space    used 4456K, capacity 4780K, committed 4864K, reserved 516096K
}
Event: 12.043 GC heap after
{Heap after GC invocations=9 (full 0):
 garbage-first heap   total 131072K, used 23792K [0x0000000080000000, 0x0000000100000000)
  region size 1024K, 7 young (7168K), 7 survivors (7168K)
 Metaspace       used 34950K, capacity 35784K, committed 35920K, reserved 548864K
  class space    used 4456K, capacity 4780K, committed 4864K, reserved 516096K
}
Event: 14.968 GC heap before
{Heap before GC invocations=10 (full 0):
 garbage-first heap   total 131072K, used 88304K [0x0000000080000000, 0x0000000100000000)
  region size 1024K, 68 young (69632K), 7 survivors (7168K)
 Metaspace       used 40856K, capacity 41958K, committed 42064K, reserved 552960K
  class space    used 5118K, capacity 5533K, committed 5632K, reserved 516096K
}
Event: 14.994 GC heap after
{Heap after GC invocations=11 (full 0):
 garbage-first heap   total 131072K, used 28801K [0x0000000080000000, 0x0000000100000000)
  region size 1024K, 9 young (9216K), 9 survivors (9216K)
 Metaspace       used 40856K, capacity 41958K, committed 42064K, reserved 552960K
  class space    used 5118K, capacity 5533K, committed 5632K, reserved 516096K
}

Deoptimization events (20 events):
Event: 14.580 Thread 0x000002d4c8d31000 DEOPT PACKING pc=0x000002d4b9039088 sp=0x000000e18b0fe350
Event: 14.580 Thread 0x000002d4c8d31000 DEOPT UNPACKING pc=0x000002d4b141a1af sp=0x000000e18b0fe308 mode 2
Event: 14.582 Thread 0x000002d4c8d31000 Uncommon trap: trap_request=0xffffffc6 fr.pc=0x000002d4b9039088 relative=0x00000000000007e8
Event: 14.582 Thread 0x000002d4c8d31000 Uncommon trap: reason=bimorphic_or_optimized_type_check action=maybe_recompile pc=0x000002d4b9039088 method=java.io.BufferedInputStream.read([BII)I @ 101 c2
Event: 14.582 Thread 0x000002d4c8d31000 DEOPT PACKING pc=0x000002d4b9039088 sp=0x000000e18b0fe350
Event: 14.582 Thread 0x000002d4c8d31000 DEOPT UNPACKING pc=0x000002d4b141a1af sp=0x000000e18b0fe308 mode 2
Event: 14.585 Thread 0x000002d4c8d31000 Uncommon trap: trap_request=0xffffffc6 fr.pc=0x000002d4b9039088 relative=0x00000000000007e8
Event: 14.585 Thread 0x000002d4c8d31000 Uncommon trap: reason=bimorphic_or_optimized_type_check action=maybe_recompile pc=0x000002d4b9039088 method=java.io.BufferedInputStream.read([BII)I @ 101 c2
Event: 14.585 Thread 0x000002d4c8d31000 DEOPT PACKING pc=0x000002d4b9039088 sp=0x000000e18b0fe360
Event: 14.585 Thread 0x000002d4c8d31000 DEOPT UNPACKING pc=0x000002d4b141a1af sp=0x000000e18b0fe318 mode 2
Event: 14.622 Thread 0x000002d4c9da7000 DEOPT PACKING pc=0x000002d4b1d1b1e8 sp=0x000000e18a9f86f0
Event: 14.622 Thread 0x000002d4c9da7000 DEOPT UNPACKING pc=0x000002d4b141a95e sp=0x000000e18a9f7bf8 mode 0
Event: 14.998 Thread 0x000002d4c9da7000 Uncommon trap: trap_request=0xffffff4d fr.pc=0x000002d4b90406e8 relative=0x0000000000000988
Event: 14.998 Thread 0x000002d4c9da7000 Uncommon trap: reason=unstable_if action=reinterpret pc=0x000002d4b90406e8 method=java.util.WeakHashMap.eq(Ljava/lang/Object;Ljava/lang/Object;)Z @ 2 c2
Event: 14.998 Thread 0x000002d4c9da7000 DEOPT PACKING pc=0x000002d4b90406e8 sp=0x000000e18a9f60c0
Event: 14.999 Thread 0x000002d4c9da7000 DEOPT UNPACKING pc=0x000002d4b141a1af sp=0x000000e18a9f6030 mode 2
Event: 15.100 Thread 0x000002d4c9da7000 Uncommon trap: trap_request=0xffffff4d fr.pc=0x000002d4b8f35f28 relative=0x0000000000001368
Event: 15.100 Thread 0x000002d4c9da7000 Uncommon trap: reason=unstable_if action=reinterpret pc=0x000002d4b8f35f28 method=java.util.concurrent.ConcurrentHashMap.putVal(Ljava/lang/Object;Ljava/lang/Object;Z)Ljava/lang/Object; @ 231 c2
Event: 15.100 Thread 0x000002d4c9da7000 DEOPT PACKING pc=0x000002d4b8f35f28 sp=0x000000e18a9f7070
Event: 15.100 Thread 0x000002d4c9da7000 DEOPT UNPACKING pc=0x000002d4b141a1af sp=0x000000e18a9f6ff0 mode 2

Classes redefined (0 events):
No events

Internal exceptions (20 events):
Event: 15.111 Thread 0x000002d4c9da7000 Exception <a 'java/lang/ClassNotFoundException'{0x0000000087e828e0}: java/lang/RuntimeCustomizer> (0x0000000087e828e0) thrown at [./src/hotspot/share/classfile/systemDictionary.cpp, line 230]
Event: 15.133 Thread 0x000002d4c9da7000 Exception <a 'java/lang/NoSuchMethodError'{0x0000000087eabca8}: 'void java.lang.invoke.DirectMethodHandle$Holder.invokeStatic(java.lang.Object, long)'> (0x0000000087eabca8) thrown at [./src/hotspot/share/interpreter/linkResolver.cpp, line 773]
Event: 15.135 Thread 0x000002d4c9da7000 Exception <a 'java/lang/NoSuchMethodError'{0x0000000087eb1d70}: 'java.lang.Object java.lang.invoke.DirectMethodHandle$Holder.invokeStatic(java.lang.Object, long)'> (0x0000000087eb1d70) thrown at [./src/hotspot/share/interpreter/linkResolver.cpp, line 773]
Event: 15.137 Thread 0x000002d4c9da7000 Exception <a 'java/lang/NoSuchMethodError'{0x0000000087eb6088}: 'java.lang.Object java.lang.invoke.DirectMethodHandle$Holder.invokeSpecial(java.lang.Object, java.lang.Object, long)'> (0x0000000087eb6088) thrown at [./src/hotspot/share/interpreter/linkResolver.cpp, line 773]
Event: 15.141 Thread 0x000002d4c9da7000 Exception <a 'java/lang/NoSuchMethodError'{0x0000000087ebebb0}: 'java.lang.Object java.lang.invoke.DirectMethodHandle$Holder.invokeStatic(java.lang.Object, java.lang.Object, long, java.lang.Object)'> (0x0000000087ebebb0) thrown at [./src/hotspot/share/interpreter/linkResolver.cpp, line 773]
Event: 15.141 Thread 0x000002d4c9da7000 Exception <a 'java/lang/NoSuchMethodError'{0x0000000087ec2c88}: 'java.lang.Object java.lang.invoke.DirectMethodHandle$Holder.invokeStaticInit(java.lang.Object, java.lang.Object, long, java.lang.Object)'> (0x0000000087ec2c88) thrown at [./src/hotspot/share/interpreter/linkResolver.cpp, line 773]
Event: 15.156 Thread 0x000002d4c9da7000 Exception <a 'java/lang/ClassNotFoundException'{0x0000000087ee84d8}: java/lang/ProcessImplBeanInfo> (0x0000000087ee84d8) thrown at [./src/hotspot/share/classfile/systemDictionary.cpp, line 230]
Event: 15.159 Thread 0x000002d4c9da7000 Exception <a 'java/lang/ClassNotFoundException'{0x0000000087eedec8}: java/lang/ProcessBeanInfo> (0x0000000087eedec8) thrown at [./src/hotspot/share/classfile/systemDictionary.cpp, line 230]
Event: 15.162 Thread 0x000002d4c9da7000 Exception <a 'java/lang/ClassNotFoundException'{0x0000000087ef3880}: java/lang/ProcessCustomizer> (0x0000000087ef3880) thrown at [./src/hotspot/share/classfile/systemDictionary.cpp, line 230]
Event: 15.166 Thread 0x000002d4c9da7000 Exception <a 'java/lang/ClassNotFoundException'{0x0000000087d19ba8}: java/lang/ProcessImplCustomizer> (0x0000000087d19ba8) thrown at [./src/hotspot/share/classfile/systemDictionary.cpp, line 230]
Event: 15.184 Thread 0x000002d4c9da7000 Exception <a 'java/lang/ClassNotFoundException'{0x0000000087d6bb30}: java/io/InputStreamReaderBeanInfo> (0x0000000087d6bb30) thrown at [./src/hotspot/share/classfile/systemDictionary.cpp, line 230]
Event: 15.185 Thread 0x000002d4c9da7000 Exception <a 'java/lang/ClassNotFoundException'{0x0000000087d71498}: java/io/ReaderBeanInfo> (0x0000000087d71498) thrown at [./src/hotspot/share/classfile/systemDictionary.cpp, line 230]
Event: 15.186 Thread 0x000002d4c9da7000 Exception <a 'java/lang/ClassNotFoundException'{0x0000000087d76e18}: java/io/ReaderCustomizer> (0x0000000087d76e18) thrown at [./src/hotspot/share/classfile/systemDictionary.cpp, line 230]
Event: 15.187 Thread 0x000002d4c9da7000 Exception <a 'java/lang/ClassNotFoundException'{0x0000000087d81bd0}: java/io/InputStreamReaderCustomizer> (0x0000000087d81bd0) thrown at [./src/hotspot/share/classfile/systemDictionary.cpp, line 230]
Event: 15.191 Thread 0x000002d4c9da7000 Exception <a 'java/lang/ClassNotFoundException'{0x0000000087da5eb8}: java/io/BufferedReaderBeanInfo> (0x0000000087da5eb8) thrown at [./src/hotspot/share/classfile/systemDictionary.cpp, line 230]
Event: 15.191 Thread 0x000002d4c9da7000 Exception <a 'java/lang/ClassNotFoundException'{0x0000000087dab878}: java/io/BufferedReaderCustomizer> (0x0000000087dab878) thrown at [./src/hotspot/share/classfile/systemDictionary.cpp, line 230]
Event: 15.217 Thread 0x000002d4c9da7000 Exception <a 'java/lang/ClassNotFoundException'{0x0000000087ce2ce0}: java/lang/StringBufferBeanInfo> (0x0000000087ce2ce0) thrown at [./src/hotspot/share/classfile/systemDictionary.cpp, line 230]
Event: 15.218 Thread 0x000002d4c9da7000 Exception <a 'java/lang/ClassNotFoundException'{0x0000000087ce8718}: java/lang/AbstractStringBuilderBeanInfo> (0x0000000087ce8718) thrown at [./src/hotspot/share/classfile/systemDictionary.cpp, line 230]
Event: 15.218 Thread 0x000002d4c9da7000 Exception <a 'java/lang/ClassNotFoundException'{0x0000000087cee168}: java/lang/AbstractStringBuilderCustomizer> (0x0000000087cee168) thrown at [./src/hotspot/share/classfile/systemDictionary.cpp, line 230]
Event: 15.234 Thread 0x000002d4c9da7000 Exception <a 'java/lang/ClassNotFoundException'{0x0000000087bd1b38}: java/lang/StringBufferCustomizer> (0x0000000087bd1b38) thrown at [./src/hotspot/share/classfile/systemDictionary.cpp, line 230]

Events (20 events):
Event: 15.203 loading class groovy/runtime/metaclass/java/lang/StringBufferMetaClass
Event: 15.203 loading class groovy/runtime/metaclass/java/lang/StringBufferMetaClass done
Event: 15.217 loading class java/lang/StringBufferBeanInfo
Event: 15.217 loading class java/lang/StringBufferBeanInfo done
Event: 15.217 loading class java/lang/StringBufferBeanInfo
Event: 15.217 loading class java/lang/StringBufferBeanInfo done
Event: 15.217 loading class java/lang/AbstractStringBuilderBeanInfo
Event: 15.217 loading class java/lang/AbstractStringBuilderBeanInfo done
Event: 15.218 loading class java/lang/AbstractStringBuilderBeanInfo
Event: 15.218 loading class java/lang/AbstractStringBuilderBeanInfo done
Event: 15.218 loading class java/lang/AbstractStringBuilderCustomizer
Event: 15.218 loading class java/lang/AbstractStringBuilderCustomizer done
Event: 15.218 loading class java/lang/AbstractStringBuilderCustomizer
Event: 15.218 loading class java/lang/AbstractStringBuilderCustomizer done
Event: 15.233 loading class java/lang/StringBufferCustomizer
Event: 15.233 loading class java/lang/StringBufferCustomizer done
Event: 15.234 loading class java/lang/StringBufferCustomizer
Event: 15.234 loading class java/lang/StringBufferCustomizer done
Event: 15.247 loading class groovy/lang/GroovyRuntimeException
Event: 15.247 loading class groovy/lang/GroovyRuntimeException done


Dynamic libraries:
0x00007ff76d1d0000 - 0x00007ff76d1dd000 	C:\Program Files\Microsoft\jdk-11.0.18.10-hotspot\bin\java.exe
0x00007ffb74ef0000 - 0x00007ffb750e8000 	C:\Windows\SYSTEM32\ntdll.dll
0x00007ffb737e0000 - 0x00007ffb7389f000 	C:\Windows\System32\KERNEL32.DLL
0x00007ffb72680000 - 0x00007ffb72976000 	C:\Windows\System32\KERNELBASE.dll
0x00007ffb72c90000 - 0x00007ffb72d90000 	C:\Windows\System32\ucrtbase.dll
0x00007ffb47c30000 - 0x00007ffb47c47000 	C:\Program Files\Microsoft\jdk-11.0.18.10-hotspot\bin\jli.dll
0x00007ffb738b0000 - 0x00007ffb73a4d000 	C:\Windows\System32\USER32.dll
0x00007ffb72e10000 - 0x00007ffb72e32000 	C:\Windows\System32\win32u.dll
0x00007ffb74bc0000 - 0x00007ffb74bec000 	C:\Windows\System32\GDI32.dll
0x00007ffb72b70000 - 0x00007ffb72c85000 	C:\Windows\System32\gdi32full.dll
0x00007ffb5b810000 - 0x00007ffb5baaa000 	C:\Windows\WinSxS\amd64_microsoft.windows.common-controls_6595b64144ccf1df_6.0.19041.1110_none_60b5254171f9507e\COMCTL32.dll
0x00007ffb72e40000 - 0x00007ffb72edd000 	C:\Windows\System32\msvcp_win.dll
0x00007ffb74c70000 - 0x00007ffb74d0e000 	C:\Windows\System32\msvcrt.dll
0x00007ffb3ea90000 - 0x00007ffb3eaa5000 	C:\Program Files\Microsoft\jdk-11.0.18.10-hotspot\bin\VCRUNTIME140.dll
0x00007ffb737b0000 - 0x00007ffb737e0000 	C:\Windows\System32\IMM32.DLL
0x00007ffb1f4c0000 - 0x00007ffb1f55b000 	C:\Program Files\Microsoft\jdk-11.0.18.10-hotspot\bin\msvcp140.dll
0x00007ffb177b0000 - 0x00007ffb18342000 	C:\Program Files\Microsoft\jdk-11.0.18.10-hotspot\bin\server\jvm.dll
0x00007ffb742d0000 - 0x00007ffb7437f000 	C:\Windows\System32\ADVAPI32.dll
0x00007ffb73080000 - 0x00007ffb7311c000 	C:\Windows\System32\sechost.dll
0x00007ffb74d10000 - 0x00007ffb74e36000 	C:\Windows\System32\RPCRT4.dll
0x00007ffb74ea0000 - 0x00007ffb74ea8000 	C:\Windows\System32\PSAPI.DLL
0x00007ffb5a600000 - 0x00007ffb5a627000 	C:\Windows\SYSTEM32\WINMM.dll
0x00007ffb6c000000 - 0x00007ffb6c00a000 	C:\Windows\SYSTEM32\VERSION.dll
0x00007ffb6cf50000 - 0x00007ffb6cf59000 	C:\Windows\SYSTEM32\WSOCK32.dll
0x00007ffb73a50000 - 0x00007ffb73abb000 	C:\Windows\System32\WS2_32.dll
0x00007ffb70440000 - 0x00007ffb70452000 	C:\Windows\SYSTEM32\kernel.appcore.dll
0x00007ffb606f0000 - 0x00007ffb60700000 	C:\Program Files\Microsoft\jdk-11.0.18.10-hotspot\bin\verify.dll
0x00007ffb64d70000 - 0x00007ffb64f54000 	C:\Windows\SYSTEM32\DBGHELP.DLL
0x00007ffb5ccf0000 - 0x00007ffb5cd24000 	C:\Windows\SYSTEM32\dbgcore.DLL
0x00007ffb72980000 - 0x00007ffb72a02000 	C:\Windows\System32\bcryptPrimitives.dll
0x00007ffb3e2d0000 - 0x00007ffb3e2f8000 	C:\Program Files\Microsoft\jdk-11.0.18.10-hotspot\bin\java.dll
0x00007ffb602b0000 - 0x00007ffb602ba000 	C:\Program Files\Microsoft\jdk-11.0.18.10-hotspot\bin\jimage.dll
0x00007ffb3e780000 - 0x00007ffb3e798000 	C:\Program Files\Microsoft\jdk-11.0.18.10-hotspot\bin\zip.dll
0x00007ffb74470000 - 0x00007ffb74bb4000 	C:\Windows\System32\SHELL32.dll
0x00007ffb70640000 - 0x00007ffb70dd3000 	C:\Windows\SYSTEM32\windows.storage.dll
0x00007ffb73120000 - 0x00007ffb73474000 	C:\Windows\System32\combase.dll
0x00007ffb71e60000 - 0x00007ffb71e8e000 	C:\Windows\SYSTEM32\Wldp.dll
0x00007ffb73ac0000 - 0x00007ffb73b6d000 	C:\Windows\System32\SHCORE.dll
0x00007ffb73020000 - 0x00007ffb73075000 	C:\Windows\System32\shlwapi.dll
0x00007ffb72510000 - 0x00007ffb7252f000 	C:\Windows\SYSTEM32\profapi.dll
0x00007ffb3dc10000 - 0x00007ffb3dc29000 	C:\Program Files\Microsoft\jdk-11.0.18.10-hotspot\bin\net.dll
0x00007ffb6afe0000 - 0x00007ffb6b0ea000 	C:\Windows\SYSTEM32\WINHTTP.dll
0x00007ffb71c40000 - 0x00007ffb71caa000 	C:\Windows\system32\mswsock.dll
0x00007ffb3ca40000 - 0x00007ffb3ca53000 	C:\Program Files\Microsoft\jdk-11.0.18.10-hotspot\bin\nio.dll
0x00007ffb4d8a0000 - 0x00007ffb4d8c7000 	C:\Users\hp\.gradle\native\68d5fa5c4cc2d200863cafc0d521ce42e7d3e7ee720ec0a83991735586a16f82\windows-amd64\native-platform.dll
0x00007ffb0bac0000 - 0x00007ffb0bc04000 	C:\Users\hp\.gradle\native\e376f236ea51e6404a007f0833ffe2c6e607c4080706a723a18a27aeea778392\windows-amd64\native-platform-file-events.dll
0x00007ffb5d750000 - 0x00007ffb5d759000 	C:\Program Files\Microsoft\jdk-11.0.18.10-hotspot\bin\management.dll
0x00007ffb5caf0000 - 0x00007ffb5cafb000 	C:\Program Files\Microsoft\jdk-11.0.18.10-hotspot\bin\management_ext.dll
0x00007ffb72210000 - 0x00007ffb72228000 	C:\Windows\SYSTEM32\CRYPTSP.dll
0x00007ffb71580000 - 0x00007ffb715b4000 	C:\Windows\system32\rsaenh.dll
0x00007ffb72de0000 - 0x00007ffb72e07000 	C:\Windows\System32\bcrypt.dll
0x00007ffb724d0000 - 0x00007ffb724fe000 	C:\Windows\SYSTEM32\USERENV.dll
0x00007ffb71dd0000 - 0x00007ffb71ddc000 	C:\Windows\SYSTEM32\CRYPTBASE.dll
0x00007ffb71950000 - 0x00007ffb7198c000 	C:\Windows\SYSTEM32\IPHLPAPI.DLL
0x00007ffb74460000 - 0x00007ffb74468000 	C:\Windows\System32\NSI.dll
0x00007ffb69bd0000 - 0x00007ffb69be7000 	C:\Windows\SYSTEM32\dhcpcsvc6.DLL
0x00007ffb69bb0000 - 0x00007ffb69bcd000 	C:\Windows\SYSTEM32\dhcpcsvc.DLL
0x00007ffb71990000 - 0x00007ffb71a5a000 	C:\Windows\SYSTEM32\DNSAPI.dll

dbghelp: loaded successfully - version: 4.0.5 - missing functions: none
symbol engine: initialized successfully - sym options: 0x614 - pdb path: .;C:\Program Files\Microsoft\jdk-11.0.18.10-hotspot\bin;C:\Windows\SYSTEM32;C:\Windows\WinSxS\amd64_microsoft.windows.common-controls_6595b64144ccf1df_6.0.19041.1110_none_60b5254171f9507e;C:\Program Files\Microsoft\jdk-11.0.18.10-hotspot\bin\server;C:\Users\hp\.gradle\native\68d5fa5c4cc2d200863cafc0d521ce42e7d3e7ee720ec0a83991735586a16f82\windows-amd64;C:\Users\hp\.gradle\native\e376f236ea51e6404a007f0833ffe2c6e607c4080706a723a18a27aeea778392\windows-amd64

VM Arguments:
jvm_args: -XX:MaxMetaspaceSize=512m --add-opens=java.base/java.util=ALL-UNNAMED --add-opens=java.base/java.lang=ALL-UNNAMED --add-opens=java.base/java.lang.invoke=ALL-UNNAMED --add-opens=java.prefs/java.util.prefs=ALL-UNNAMED --add-opens=java.base/java.nio.charset=ALL-UNNAMED --add-opens=java.base/java.net=ALL-UNNAMED --add-opens=java.base/java.util.concurrent.atomic=ALL-UNNAMED -Xmx2048m -Dfile.encoding=windows-1252 -Duser.country=US -Duser.language=en -Duser.variant 
java_command: org.gradle.launcher.daemon.bootstrap.GradleDaemon 8.0.1
java_class_path (initial): C:\Users\hp\.gradle\wrapper\dists\gradle-8.0.1-all\aro4hu1c3oeioove7l0i4i14o\gradle-8.0.1\lib\gradle-launcher-8.0.1.jar
Launcher Type: SUN_STANDARD

[Global flags]
     intx CICompilerCount                          = 3                                         {product} {ergonomic}
   size_t CompressedClassSpaceSize                 = 528482304                                 {product} {ergonomic}
     uint ConcGCThreads                            = 1                                         {product} {ergonomic}
     uint G1ConcRefinementThreads                  = 4                                         {product} {ergonomic}
   size_t G1HeapRegionSize                         = 1048576                                   {product} {ergonomic}
    uintx GCDrainStackTargetSize                   = 64                                        {product} {ergonomic}
   size_t InitialHeapSize                          = 134217728                                 {product} {ergonomic}
   size_t MarkStackSize                            = 4194304                                   {product} {ergonomic}
   size_t MaxHeapSize                              = 2147483648                                {product} {command line}
   size_t MaxMetaspaceSize                         = 536870912                                 {product} {command line}
   size_t MaxNewSize                               = 1287651328                                {product} {ergonomic}
   size_t MinHeapDeltaBytes                        = 1048576                                   {product} {ergonomic}
    uintx NonNMethodCodeHeapSize                   = 5830732                                {pd product} {ergonomic}
    uintx NonProfiledCodeHeapSize                  = 122913754                              {pd product} {ergonomic}
    uintx ProfiledCodeHeapSize                     = 122913754                              {pd product} {ergonomic}
    uintx ReservedCodeCacheSize                    = 251658240                              {pd product} {ergonomic}
     bool SegmentedCodeCache                       = true                                      {product} {ergonomic}
     bool UseCompressedClassPointers               = true                                 {lp64_product} {ergonomic}
     bool UseCompressedOops                        = true                                 {lp64_product} {ergonomic}
     bool UseG1GC                                  = true                                      {product} {ergonomic}
     bool UseLargePagesIndividualAllocation        = false                                  {pd product} {ergonomic}

Logging:
Log output configuration:
 #0: stdout all=warning uptime,level,tags
 #1: stderr all=off uptime,level,tags

Environment Variables:
JAVA_HOME=C:\Program Files\Microsoft\jdk-11.0.18.10-hotspot\
CLASSPATH=H:\React Native\HasnainApp\android\\gradle\wrapper\gradle-wrapper.jar
PATH=H:\React Native\HasnainApp\node_modules\.bin;H:\React Native\HasnainApp\node_modules\.bin;H:\React Native\node_modules\.bin;H:\node_modules\.bin;C:\Program Files\nodejs\node_modules\npm\node_modules\@npmcli\run-script\lib\node-gyp-bin;H:\React Native\HasnainApp\node_modules\.bin;H:\React Native\HasnainApp\node_modules\.bin;H:\React Native\node_modules\.bin;H:\node_modules\.bin;C:\Program Files\nodejs\node_modules\npm\node_modules\@npmcli\run-script\lib\node-gyp-bin;C:\Program Files\Microsoft\jdk-11.0.18.10-hotspot\bin;C:\Python311\Scripts\;C:\Python311\;C:\Windows\system32;C:\Windows;C:\Windows\System32\Wbem;C:\Windows\System32\WindowsPowerShell\v1.0\;C:\Windows\System32\OpenSSH\;C:\MinGW\bin;C:\Program Files\nodejs\;C:\Program Files\Git\cmd;C:\ProgramData\chocolatey\bin;C:\Users\hp\AppData\Local\Microsoft\WindowsApps;C:\Users\hp\AppData\Local\Programs\Microsoft VS Code\bin;C:\Users\hp\AppData\Roaming\npm;C:\Users\hp\AppData\Local\Android\Sdk\platform-tools;
USERNAME=hp
LANG=en_US.UTF-8
OS=Windows_NT
PROCESSOR_IDENTIFIER=Intel64 Family 6 Model 78 Stepping 3, GenuineIntel
TMP=C:\Users\hp\AppData\Local\Temp
TEMP=C:\Users\hp\AppData\Local\Temp



---------------  S Y S T E M  ---------------

OS: Windows 10 , 64 bit Build 19041 (10.0.19041.3031)
OS uptime: 0 days 1:55 hours
Hyper-V role detected

CPU:total 4 (initial active 4) (2 cores per cpu, 2 threads per core) family 6 model 78 stepping 3 microcode 0xf0, cmov, cx8, fxsr, mmx, sse, sse2, sse3, ssse3, sse4.1, sse4.2, popcnt, avx, avx2, aes, clmul, erms, rtm, 3dnowpref, lzcnt, ht, tsc, tscinvbit, bmi1, bmi2, adx, fma

Memory: 4k page, system-wide physical 8072M (440M free)
TotalPageFile size 8072M (AvailPageFile size 2M)
current process WorkingSet (physical memory assigned to process): 233M, peak: 236M
current process commit charge ("private bytes"): 298M, peak: 300M

vm_info: OpenJDK 64-Bit Server VM (11.0.18+10-LTS) for windows-amd64 JRE (11.0.18+10-LTS), built on Jan 18 2023 15:56:47 by "MicrosoftCorporation" with MS VC++ 15.9 (VS2017)

END.
